Performing C++ SOURCE FILE Test BOOST_ATOMIC_TARGET_X86 failed with the following output:
Change Dir: /Users/vinay/Desktop/test2/build/CMakeFiles/CMakeScratch/TryCompile-k5dqPI

Run Build Command(s):/usr/bin/make -f Makefile cmTC_24d48/fast && /Library/Developer/CommandLineTools/usr/bin/make  -f CMakeFiles/cmTC_24d48.dir/build.make CMakeFiles/cmTC_24d48.dir/build
Building CXX object CMakeFiles/cmTC_24d48.dir/src.cxx.o
/Library/Developer/CommandLineTools/usr/bin/c++ -DBOOST_ATOMIC_TARGET_X86 -I/Users/vinay/Desktop/test2/libs/boost/libs/accumulators/include -I/Users/vinay/Desktop/test2/libs/boost/libs/algorithm/include -I/Users/vinay/Desktop/test2/libs/boost/libs/align/include -I/Users/vinay/Desktop/test2/libs/boost/libs/any/include -I/Users/vinay/Desktop/test2/libs/boost/libs/array/include -I/Users/vinay/Desktop/test2/libs/boost/libs/asio/include -I/Users/vinay/Desktop/test2/libs/boost/libs/assert/include -I/Users/vinay/Desktop/test2/libs/boost/libs/assign/include -I/Users/vinay/Desktop/test2/libs/boost/libs/atomic/include -I/Users/vinay/Desktop/test2/libs/boost/libs/beast/include -I/Users/vinay/Desktop/test2/libs/boost/libs/bimap/include -I/Users/vinay/Desktop/test2/libs/boost/libs/bind/include -I/Users/vinay/Desktop/test2/libs/boost/libs/callable_traits/include -I/Users/vinay/Desktop/test2/libs/boost/libs/chrono/include -I/Users/vinay/Desktop/test2/libs/boost/libs/circular_buffer/include -I/Users/vinay/Desktop/test2/libs/boost/libs/compatibility/include -I/Users/vinay/Desktop/test2/libs/boost/libs/compute/include -I/Users/vinay/Desktop/test2/libs/boost/libs/concept_check/include -I/Users/vinay/Desktop/test2/libs/boost/libs/config/include -I/Users/vinay/Desktop/test2/libs/boost/libs/container/include -I/Users/vinay/Desktop/test2/libs/boost/libs/container_hash/include -I/Users/vinay/Desktop/test2/libs/boost/libs/context/include -I/Users/vinay/Desktop/test2/libs/boost/libs/contract/include -I/Users/vinay/Desktop/test2/libs/boost/libs/conversion/include -I/Users/vinay/Desktop/test2/libs/boost/libs/convert/include -I/Users/vinay/Desktop/test2/libs/boost/libs/core/include -I/Users/vinay/Desktop/test2/libs/boost/libs/coroutine/include -I/Users/vinay/Desktop/test2/libs/boost/libs/coroutine2/include -I/Users/vinay/Desktop/test2/libs/boost/libs/crc/include -I/Users/vinay/Desktop/test2/libs/boost/libs/date_time/include -I/Users/vinay/Desktop/test2/libs/boost/libs/describe/include -I/Users/vinay/Desktop/test2/libs/boost/libs/detail/include -I/Users/vinay/Desktop/test2/libs/boost/libs/dll/include -I/Users/vinay/Desktop/test2/libs/boost/libs/dynamic_bitset/include -I/Users/vinay/Desktop/test2/libs/boost/libs/endian/include -I/Users/vinay/Desktop/test2/libs/boost/libs/exception/include -I/Users/vinay/Desktop/test2/libs/boost/libs/fiber/include -I/Users/vinay/Desktop/test2/libs/boost/libs/filesystem/include -I/Users/vinay/Desktop/test2/libs/boost/libs/flyweight/include -I/Users/vinay/Desktop/test2/libs/boost/libs/foreach/include -I/Users/vinay/Desktop/test2/libs/boost/libs/format/include -I/Users/vinay/Desktop/test2/libs/boost/libs/function/include -I/Users/vinay/Desktop/test2/libs/boost/libs/function_types/include -I/Users/vinay/Desktop/test2/libs/boost/libs/functional/include -I/Users/vinay/Desktop/test2/libs/boost/libs/fusion/include -I/Users/vinay/Desktop/test2/libs/boost/libs/geometry/include -I/Users/vinay/Desktop/test2/libs/boost/libs/gil/include -I/Users/vinay/Desktop/test2/libs/boost/libs/graph/include -I/Users/vinay/Desktop/test2/libs/boost/libs/graph_parallel/include -I/Users/vinay/Desktop/test2/libs/boost/libs/hana/include -I/Users/vinay/Desktop/test2/libs/boost/libs/heap/include -I/Users/vinay/Desktop/test2/libs/boost/libs/histogram/include -I/Users/vinay/Desktop/test2/libs/boost/libs/hof/include -I/Users/vinay/Desktop/test2/libs/boost/libs/icl/include -I/Users/vinay/Desktop/test2/libs/boost/libs/integer/include -I/Users/vinay/Desktop/test2/libs/boost/libs/interprocess/include -I/Users/vinay/Desktop/test2/libs/boost/libs/intrusive/include -I/Users/vinay/Desktop/test2/libs/boost/libs/io/include -I/Users/vinay/Desktop/test2/libs/boost/libs/iostreams/include -I/Users/vinay/Desktop/test2/libs/boost/libs/iterator/include -I/Users/vinay/Desktop/test2/libs/boost/libs/json/include -I/Users/vinay/Desktop/test2/libs/boost/libs/lambda/include -I/Users/vinay/Desktop/test2/libs/boost/libs/lambda2/include -I/Users/vinay/Desktop/test2/libs/boost/libs/leaf/include -I/Users/vinay/Desktop/test2/libs/boost/libs/lexical_cast/include -I/Users/vinay/Desktop/test2/libs/boost/libs/local_function/include -I/Users/vinay/Desktop/test2/libs/boost/libs/locale/include -I/Users/vinay/Desktop/test2/libs/boost/libs/lockfree/include -I/Users/vinay/Desktop/test2/libs/boost/libs/log/include -I/Users/vinay/Desktop/test2/libs/boost/libs/logic/include -I/Users/vinay/Desktop/test2/libs/boost/libs/math/include -I/Users/vinay/Desktop/test2/libs/boost/libs/metaparse/include -I/Users/vinay/Desktop/test2/libs/boost/libs/move/include -I/Users/vinay/Desktop/test2/libs/boost/libs/mp11/include -I/Users/vinay/Desktop/test2/libs/boost/libs/mpi/include -I/Users/vinay/Desktop/test2/libs/boost/libs/mpl/include -I/Users/vinay/Desktop/test2/libs/boost/libs/msm/include -I/Users/vinay/Desktop/test2/libs/boost/libs/multi_array/include -I/Users/vinay/Desktop/test2/libs/boost/libs/multi_index/include -I/Users/vinay/Desktop/test2/libs/boost/libs/multiprecision/include -I/Users/vinay/Desktop/test2/libs/boost/libs/nowide/include -I/Users/vinay/Desktop/test2/libs/boost/libs/optional/include -I/Users/vinay/Desktop/test2/libs/boost/libs/outcome/include -I/Users/vinay/Desktop/test2/libs/boost/libs/parameter/include -I/Users/vinay/Desktop/test2/libs/boost/libs/parameter_python/include -I/Users/vinay/Desktop/test2/libs/boost/libs/pfr/include -I/Users/vinay/Desktop/test2/libs/boost/libs/phoenix/include -I/Users/vinay/Desktop/test2/libs/boost/libs/poly_collection/include -I/Users/vinay/Desktop/test2/libs/boost/libs/polygon/include -I/Users/vinay/Desktop/test2/libs/boost/libs/pool/include -I/Users/vinay/Desktop/test2/libs/boost/libs/predef/include -I/Users/vinay/Desktop/test2/libs/boost/libs/preprocessor/include -I/Users/vinay/Desktop/test2/libs/boost/libs/process/include -I/Users/vinay/Desktop/test2/libs/boost/libs/program_options/include -I/Users/vinay/Desktop/test2/libs/boost/libs/property_map/include -I/Users/vinay/Desktop/test2/libs/boost/libs/property_map_parallel/include -I/Users/vinay/Desktop/test2/libs/boost/libs/property_tree/include -I/Users/vinay/Desktop/test2/libs/boost/libs/proto/include -I/Users/vinay/Desktop/test2/libs/boost/libs/ptr_container/include -I/Users/vinay/Desktop/test2/libs/boost/libs/python/include -I/Users/vinay/Desktop/test2/libs/boost/libs/qvm/include -I/Users/vinay/Desktop/test2/libs/boost/libs/random/include -I/Users/vinay/Desktop/test2/libs/boost/libs/range/include -I/Users/vinay/Desktop/test2/libs/boost/libs/ratio/include -I/Users/vinay/Desktop/test2/libs/boost/libs/rational/include -I/Users/vinay/Desktop/test2/libs/boost/libs/regex/include -I/Users/vinay/Desktop/test2/libs/boost/libs/safe_numerics/include -I/Users/vinay/Desktop/test2/libs/boost/libs/scope_exit/include -I/Users/vinay/Desktop/test2/libs/boost/libs/serialization/include -I/Users/vinay/Desktop/test2/libs/boost/libs/signals2/include -I/Users/vinay/Desktop/test2/libs/boost/libs/smart_ptr/include -I/Users/vinay/Desktop/test2/libs/boost/libs/sort/include -I/Users/vinay/Desktop/test2/libs/boost/libs/spirit/include -I/Users/vinay/Desktop/test2/libs/boost/libs/stacktrace/include -I/Users/vinay/Desktop/test2/libs/boost/libs/statechart/include -I/Users/vinay/Desktop/test2/libs/boost/libs/static_assert/include -I/Users/vinay/Desktop/test2/libs/boost/libs/static_string/include -I/Users/vinay/Desktop/test2/libs/boost/libs/stl_interfaces/include -I/Users/vinay/Desktop/test2/libs/boost/libs/system/include -I/Users/vinay/Desktop/test2/libs/boost/libs/test/include -I/Users/vinay/Desktop/test2/libs/boost/libs/thread/include -I/Users/vinay/Desktop/test2/libs/boost/libs/throw_exception/include -I/Users/vinay/Desktop/test2/libs/boost/libs/timer/include -I/Users/vinay/Desktop/test2/libs/boost/libs/tokenizer/include -I/Users/vinay/Desktop/test2/libs/boost/libs/tti/include -I/Users/vinay/Desktop/test2/libs/boost/libs/tuple/include -I/Users/vinay/Desktop/test2/libs/boost/libs/type_erasure/include -I/Users/vinay/Desktop/test2/libs/boost/libs/type_index/include -I/Users/vinay/Desktop/test2/libs/boost/libs/type_traits/include -I/Users/vinay/Desktop/test2/libs/boost/libs/typeof/include -I/Users/vinay/Desktop/test2/libs/boost/libs/units/include -I/Users/vinay/Desktop/test2/libs/boost/libs/unordered/include -I/Users/vinay/Desktop/test2/libs/boost/libs/url/include -I/Users/vinay/Desktop/test2/libs/boost/libs/utility/include -I/Users/vinay/Desktop/test2/libs/boost/libs/uuid/include -I/Users/vinay/Desktop/test2/libs/boost/libs/variant/include -I/Users/vinay/Desktop/test2/libs/boost/libs/variant2/include -I/Users/vinay/Desktop/test2/libs/boost/libs/vmd/include -I/Users/vinay/Desktop/test2/libs/boost/libs/wave/include -I/Users/vinay/Desktop/test2/libs/boost/libs/winapi/include -I/Users/vinay/Desktop/test2/libs/boost/libs/xpressive/include -I/Users/vinay/Desktop/test2/libs/boost/libs/yap/include -arch arm64 -isysroot /Library/Developer/CommandLineTools/SDKs/MacOSX13.0.sdk -std=gnu++20 -MD -MT CMakeFiles/cmTC_24d48.dir/src.cxx.o -MF CMakeFiles/cmTC_24d48.dir/src.cxx.o.d -o CMakeFiles/cmTC_24d48.dir/src.cxx.o -c /Users/vinay/Desktop/test2/build/CMakeFiles/CMakeScratch/TryCompile-k5dqPI/src.cxx
In file included from /Users/vinay/Desktop/test2/build/CMakeFiles/CMakeScratch/TryCompile-k5dqPI/src.cxx:1:
/Users/vinay/Desktop/test2/libs/boost/libs/atomic/../config/checks/architecture/x86.cpp:15:2: error: "Not x86"
#error "Not x86"
 ^
1 error generated.
make[1]: *** [CMakeFiles/cmTC_24d48.dir/src.cxx.o] Error 1
make: *** [cmTC_24d48/fast] Error 2


Source file was:
#include </Users/vinay/Desktop/test2/libs/boost/libs/atomic/../config/checks/architecture/x86.cpp>
int main() {}

Checking whether the ASM compiler is GNU using "--version" did not match "(GNU assembler)|(GCC)|(Free Software Foundation)":
Apple clang version 14.0.0 (clang-1400.0.29.202)
Target: arm64-apple-darwin22.1.0
Thread model: posix
InstalledDir: /Library/Developer/CommandLineTools/usr/bin
Performing C++ SOURCE FILE Test BOOST_FILESYSTEM_HAS_CXX20_ATOMIC_REF failed with the following output:
Change Dir: /Users/vinay/Desktop/test2/build/CMakeFiles/CMakeScratch/TryCompile-5pDciY

Run Build Command(s):/usr/bin/make -f Makefile cmTC_fcccb/fast && /Library/Developer/CommandLineTools/usr/bin/make  -f CMakeFiles/cmTC_fcccb.dir/build.make CMakeFiles/cmTC_fcccb.dir/build
Building CXX object CMakeFiles/cmTC_fcccb.dir/src.cxx.o
/Library/Developer/CommandLineTools/usr/bin/c++ -DBOOST_FILESYSTEM_HAS_CXX20_ATOMIC_REF -I/Users/vinay/Desktop/test2/libs/boost/libs/filesystem/src -I/Users/vinay/Desktop/test2/libs/boost/libs/accumulators/include -I/Users/vinay/Desktop/test2/libs/boost/libs/algorithm/include -I/Users/vinay/Desktop/test2/libs/boost/libs/align/include -I/Users/vinay/Desktop/test2/libs/boost/libs/any/include -I/Users/vinay/Desktop/test2/libs/boost/libs/array/include -I/Users/vinay/Desktop/test2/libs/boost/libs/asio/include -I/Users/vinay/Desktop/test2/libs/boost/libs/assert/include -I/Users/vinay/Desktop/test2/libs/boost/libs/assign/include -I/Users/vinay/Desktop/test2/libs/boost/libs/atomic/include -I/Users/vinay/Desktop/test2/libs/boost/libs/beast/include -I/Users/vinay/Desktop/test2/libs/boost/libs/bimap/include -I/Users/vinay/Desktop/test2/libs/boost/libs/bind/include -I/Users/vinay/Desktop/test2/libs/boost/libs/callable_traits/include -I/Users/vinay/Desktop/test2/libs/boost/libs/chrono/include -I/Users/vinay/Desktop/test2/libs/boost/libs/circular_buffer/include -I/Users/vinay/Desktop/test2/libs/boost/libs/compatibility/include -I/Users/vinay/Desktop/test2/libs/boost/libs/compute/include -I/Users/vinay/Desktop/test2/libs/boost/libs/concept_check/include -I/Users/vinay/Desktop/test2/libs/boost/libs/config/include -I/Users/vinay/Desktop/test2/libs/boost/libs/container/include -I/Users/vinay/Desktop/test2/libs/boost/libs/container_hash/include -I/Users/vinay/Desktop/test2/libs/boost/libs/context/include -I/Users/vinay/Desktop/test2/libs/boost/libs/contract/include -I/Users/vinay/Desktop/test2/libs/boost/libs/conversion/include -I/Users/vinay/Desktop/test2/libs/boost/libs/convert/include -I/Users/vinay/Desktop/test2/libs/boost/libs/core/include -I/Users/vinay/Desktop/test2/libs/boost/libs/coroutine/include -I/Users/vinay/Desktop/test2/libs/boost/libs/coroutine2/include -I/Users/vinay/Desktop/test2/libs/boost/libs/crc/include -I/Users/vinay/Desktop/test2/libs/boost/libs/date_time/include -I/Users/vinay/Desktop/test2/libs/boost/libs/describe/include -I/Users/vinay/Desktop/test2/libs/boost/libs/detail/include -I/Users/vinay/Desktop/test2/libs/boost/libs/dll/include -I/Users/vinay/Desktop/test2/libs/boost/libs/dynamic_bitset/include -I/Users/vinay/Desktop/test2/libs/boost/libs/endian/include -I/Users/vinay/Desktop/test2/libs/boost/libs/exception/include -I/Users/vinay/Desktop/test2/libs/boost/libs/fiber/include -I/Users/vinay/Desktop/test2/libs/boost/libs/filesystem/include -I/Users/vinay/Desktop/test2/libs/boost/libs/flyweight/include -I/Users/vinay/Desktop/test2/libs/boost/libs/foreach/include -I/Users/vinay/Desktop/test2/libs/boost/libs/format/include -I/Users/vinay/Desktop/test2/libs/boost/libs/function/include -I/Users/vinay/Desktop/test2/libs/boost/libs/function_types/include -I/Users/vinay/Desktop/test2/libs/boost/libs/functional/include -I/Users/vinay/Desktop/test2/libs/boost/libs/fusion/include -I/Users/vinay/Desktop/test2/libs/boost/libs/geometry/include -I/Users/vinay/Desktop/test2/libs/boost/libs/gil/include -I/Users/vinay/Desktop/test2/libs/boost/libs/graph/include -I/Users/vinay/Desktop/test2/libs/boost/libs/graph_parallel/include -I/Users/vinay/Desktop/test2/libs/boost/libs/hana/include -I/Users/vinay/Desktop/test2/libs/boost/libs/heap/include -I/Users/vinay/Desktop/test2/libs/boost/libs/histogram/include -I/Users/vinay/Desktop/test2/libs/boost/libs/hof/include -I/Users/vinay/Desktop/test2/libs/boost/libs/icl/include -I/Users/vinay/Desktop/test2/libs/boost/libs/integer/include -I/Users/vinay/Desktop/test2/libs/boost/libs/interprocess/include -I/Users/vinay/Desktop/test2/libs/boost/libs/intrusive/include -I/Users/vinay/Desktop/test2/libs/boost/libs/io/include -I/Users/vinay/Desktop/test2/libs/boost/libs/iostreams/include -I/Users/vinay/Desktop/test2/libs/boost/libs/iterator/include -I/Users/vinay/Desktop/test2/libs/boost/libs/json/include -I/Users/vinay/Desktop/test2/libs/boost/libs/lambda/include -I/Users/vinay/Desktop/test2/libs/boost/libs/lambda2/include -I/Users/vinay/Desktop/test2/libs/boost/libs/leaf/include -I/Users/vinay/Desktop/test2/libs/boost/libs/lexical_cast/include -I/Users/vinay/Desktop/test2/libs/boost/libs/local_function/include -I/Users/vinay/Desktop/test2/libs/boost/libs/locale/include -I/Users/vinay/Desktop/test2/libs/boost/libs/lockfree/include -I/Users/vinay/Desktop/test2/libs/boost/libs/log/include -I/Users/vinay/Desktop/test2/libs/boost/libs/logic/include -I/Users/vinay/Desktop/test2/libs/boost/libs/math/include -I/Users/vinay/Desktop/test2/libs/boost/libs/metaparse/include -I/Users/vinay/Desktop/test2/libs/boost/libs/move/include -I/Users/vinay/Desktop/test2/libs/boost/libs/mp11/include -I/Users/vinay/Desktop/test2/libs/boost/libs/mpi/include -I/Users/vinay/Desktop/test2/libs/boost/libs/mpl/include -I/Users/vinay/Desktop/test2/libs/boost/libs/msm/include -I/Users/vinay/Desktop/test2/libs/boost/libs/multi_array/include -I/Users/vinay/Desktop/test2/libs/boost/libs/multi_index/include -I/Users/vinay/Desktop/test2/libs/boost/libs/multiprecision/include -I/Users/vinay/Desktop/test2/libs/boost/libs/nowide/include -I/Users/vinay/Desktop/test2/libs/boost/libs/optional/include -I/Users/vinay/Desktop/test2/libs/boost/libs/outcome/include -I/Users/vinay/Desktop/test2/libs/boost/libs/parameter/include -I/Users/vinay/Desktop/test2/libs/boost/libs/parameter_python/include -I/Users/vinay/Desktop/test2/libs/boost/libs/pfr/include -I/Users/vinay/Desktop/test2/libs/boost/libs/phoenix/include -I/Users/vinay/Desktop/test2/libs/boost/libs/poly_collection/include -I/Users/vinay/Desktop/test2/libs/boost/libs/polygon/include -I/Users/vinay/Desktop/test2/libs/boost/libs/pool/include -I/Users/vinay/Desktop/test2/libs/boost/libs/predef/include -I/Users/vinay/Desktop/test2/libs/boost/libs/preprocessor/include -I/Users/vinay/Desktop/test2/libs/boost/libs/process/include -I/Users/vinay/Desktop/test2/libs/boost/libs/program_options/include -I/Users/vinay/Desktop/test2/libs/boost/libs/property_map/include -I/Users/vinay/Desktop/test2/libs/boost/libs/property_map_parallel/include -I/Users/vinay/Desktop/test2/libs/boost/libs/property_tree/include -I/Users/vinay/Desktop/test2/libs/boost/libs/proto/include -I/Users/vinay/Desktop/test2/libs/boost/libs/ptr_container/include -I/Users/vinay/Desktop/test2/libs/boost/libs/python/include -I/Users/vinay/Desktop/test2/libs/boost/libs/qvm/include -I/Users/vinay/Desktop/test2/libs/boost/libs/random/include -I/Users/vinay/Desktop/test2/libs/boost/libs/range/include -I/Users/vinay/Desktop/test2/libs/boost/libs/ratio/include -I/Users/vinay/Desktop/test2/libs/boost/libs/rational/include -I/Users/vinay/Desktop/test2/libs/boost/libs/regex/include -I/Users/vinay/Desktop/test2/libs/boost/libs/safe_numerics/include -I/Users/vinay/Desktop/test2/libs/boost/libs/scope_exit/include -I/Users/vinay/Desktop/test2/libs/boost/libs/serialization/include -I/Users/vinay/Desktop/test2/libs/boost/libs/signals2/include -I/Users/vinay/Desktop/test2/libs/boost/libs/smart_ptr/include -I/Users/vinay/Desktop/test2/libs/boost/libs/sort/include -I/Users/vinay/Desktop/test2/libs/boost/libs/spirit/include -I/Users/vinay/Desktop/test2/libs/boost/libs/stacktrace/include -I/Users/vinay/Desktop/test2/libs/boost/libs/statechart/include -I/Users/vinay/Desktop/test2/libs/boost/libs/static_assert/include -I/Users/vinay/Desktop/test2/libs/boost/libs/static_string/include -I/Users/vinay/Desktop/test2/libs/boost/libs/stl_interfaces/include -I/Users/vinay/Desktop/test2/libs/boost/libs/system/include -I/Users/vinay/Desktop/test2/libs/boost/libs/test/include -I/Users/vinay/Desktop/test2/libs/boost/libs/thread/include -I/Users/vinay/Desktop/test2/libs/boost/libs/throw_exception/include -I/Users/vinay/Desktop/test2/libs/boost/libs/timer/include -I/Users/vinay/Desktop/test2/libs/boost/libs/tokenizer/include -I/Users/vinay/Desktop/test2/libs/boost/libs/tti/include -I/Users/vinay/Desktop/test2/libs/boost/libs/tuple/include -I/Users/vinay/Desktop/test2/libs/boost/libs/type_erasure/include -I/Users/vinay/Desktop/test2/libs/boost/libs/type_index/include -I/Users/vinay/Desktop/test2/libs/boost/libs/type_traits/include -I/Users/vinay/Desktop/test2/libs/boost/libs/typeof/include -I/Users/vinay/Desktop/test2/libs/boost/libs/units/include -I/Users/vinay/Desktop/test2/libs/boost/libs/unordered/include -I/Users/vinay/Desktop/test2/libs/boost/libs/url/include -I/Users/vinay/Desktop/test2/libs/boost/libs/utility/include -I/Users/vinay/Desktop/test2/libs/boost/libs/uuid/include -I/Users/vinay/Desktop/test2/libs/boost/libs/variant/include -I/Users/vinay/Desktop/test2/libs/boost/libs/variant2/include -I/Users/vinay/Desktop/test2/libs/boost/libs/vmd/include -I/Users/vinay/Desktop/test2/libs/boost/libs/wave/include -I/Users/vinay/Desktop/test2/libs/boost/libs/winapi/include -I/Users/vinay/Desktop/test2/libs/boost/libs/xpressive/include -I/Users/vinay/Desktop/test2/libs/boost/libs/yap/include -arch arm64 -isysroot /Library/Developer/CommandLineTools/SDKs/MacOSX13.0.sdk -std=gnu++20 -MD -MT CMakeFiles/cmTC_fcccb.dir/src.cxx.o -MF CMakeFiles/cmTC_fcccb.dir/src.cxx.o.d -o CMakeFiles/cmTC_fcccb.dir/src.cxx.o -c /Users/vinay/Desktop/test2/build/CMakeFiles/CMakeScratch/TryCompile-5pDciY/src.cxx
In file included from /Users/vinay/Desktop/test2/build/CMakeFiles/CMakeScratch/TryCompile-5pDciY/src.cxx:1:
/Users/vinay/Desktop/test2/libs/boost/libs/filesystem/config/has_cxx20_atomic_ref.cpp:15:10: error: no member named 'atomic_ref' in namespace 'std'
    std::atomic_ref< func_t* > ref(func);
    ~~~~~^
/Users/vinay/Desktop/test2/libs/boost/libs/filesystem/config/has_cxx20_atomic_ref.cpp:15:22: error: unexpected type name 'func_t': expected expression
    std::atomic_ref< func_t* > ref(func);
                     ^
/Users/vinay/Desktop/test2/libs/boost/libs/filesystem/config/has_cxx20_atomic_ref.cpp:15:30: error: expected expression
    std::atomic_ref< func_t* > ref(func);
                             ^
/Users/vinay/Desktop/test2/libs/boost/libs/filesystem/config/has_cxx20_atomic_ref.cpp:15:32: error: use of undeclared identifier 'ref'
    std::atomic_ref< func_t* > ref(func);
                               ^
/Users/vinay/Desktop/test2/libs/boost/libs/filesystem/config/has_cxx20_atomic_ref.cpp:16:5: error: use of undeclared identifier 'ref'
    ref.load(std::memory_order_relaxed);
    ^
/Users/vinay/Desktop/test2/libs/boost/libs/filesystem/config/has_cxx20_atomic_ref.cpp:17:5: error: use of undeclared identifier 'ref'
    ref.store((func_t*)0, std::memory_order_relaxed);
    ^
6 errors generated.
make[1]: *** [CMakeFiles/cmTC_fcccb.dir/src.cxx.o] Error 1
make: *** [cmTC_fcccb/fast] Error 2


Source file was:
#include </Users/vinay/Desktop/test2/libs/boost/libs/filesystem/config/has_cxx20_atomic_ref.cpp>

Performing C++ SOURCE FILE Test BOOST_FILESYSTEM_HAS_STAT_ST_MTIM failed with the following output:
Change Dir: /Users/vinay/Desktop/test2/build/CMakeFiles/CMakeScratch/TryCompile-4spoZ9

Run Build Command(s):/usr/bin/make -f Makefile cmTC_e57eb/fast && /Library/Developer/CommandLineTools/usr/bin/make  -f CMakeFiles/cmTC_e57eb.dir/build.make CMakeFiles/cmTC_e57eb.dir/build
Building CXX object CMakeFiles/cmTC_e57eb.dir/src.cxx.o
/Library/Developer/CommandLineTools/usr/bin/c++ -DBOOST_FILESYSTEM_HAS_STAT_ST_MTIM -I/Users/vinay/Desktop/test2/libs/boost/libs/filesystem/src -I/Users/vinay/Desktop/test2/libs/boost/libs/accumulators/include -I/Users/vinay/Desktop/test2/libs/boost/libs/algorithm/include -I/Users/vinay/Desktop/test2/libs/boost/libs/align/include -I/Users/vinay/Desktop/test2/libs/boost/libs/any/include -I/Users/vinay/Desktop/test2/libs/boost/libs/array/include -I/Users/vinay/Desktop/test2/libs/boost/libs/asio/include -I/Users/vinay/Desktop/test2/libs/boost/libs/assert/include -I/Users/vinay/Desktop/test2/libs/boost/libs/assign/include -I/Users/vinay/Desktop/test2/libs/boost/libs/atomic/include -I/Users/vinay/Desktop/test2/libs/boost/libs/beast/include -I/Users/vinay/Desktop/test2/libs/boost/libs/bimap/include -I/Users/vinay/Desktop/test2/libs/boost/libs/bind/include -I/Users/vinay/Desktop/test2/libs/boost/libs/callable_traits/include -I/Users/vinay/Desktop/test2/libs/boost/libs/chrono/include -I/Users/vinay/Desktop/test2/libs/boost/libs/circular_buffer/include -I/Users/vinay/Desktop/test2/libs/boost/libs/compatibility/include -I/Users/vinay/Desktop/test2/libs/boost/libs/compute/include -I/Users/vinay/Desktop/test2/libs/boost/libs/concept_check/include -I/Users/vinay/Desktop/test2/libs/boost/libs/config/include -I/Users/vinay/Desktop/test2/libs/boost/libs/container/include -I/Users/vinay/Desktop/test2/libs/boost/libs/container_hash/include -I/Users/vinay/Desktop/test2/libs/boost/libs/context/include -I/Users/vinay/Desktop/test2/libs/boost/libs/contract/include -I/Users/vinay/Desktop/test2/libs/boost/libs/conversion/include -I/Users/vinay/Desktop/test2/libs/boost/libs/convert/include -I/Users/vinay/Desktop/test2/libs/boost/libs/core/include -I/Users/vinay/Desktop/test2/libs/boost/libs/coroutine/include -I/Users/vinay/Desktop/test2/libs/boost/libs/coroutine2/include -I/Users/vinay/Desktop/test2/libs/boost/libs/crc/include -I/Users/vinay/Desktop/test2/libs/boost/libs/date_time/include -I/Users/vinay/Desktop/test2/libs/boost/libs/describe/include -I/Users/vinay/Desktop/test2/libs/boost/libs/detail/include -I/Users/vinay/Desktop/test2/libs/boost/libs/dll/include -I/Users/vinay/Desktop/test2/libs/boost/libs/dynamic_bitset/include -I/Users/vinay/Desktop/test2/libs/boost/libs/endian/include -I/Users/vinay/Desktop/test2/libs/boost/libs/exception/include -I/Users/vinay/Desktop/test2/libs/boost/libs/fiber/include -I/Users/vinay/Desktop/test2/libs/boost/libs/filesystem/include -I/Users/vinay/Desktop/test2/libs/boost/libs/flyweight/include -I/Users/vinay/Desktop/test2/libs/boost/libs/foreach/include -I/Users/vinay/Desktop/test2/libs/boost/libs/format/include -I/Users/vinay/Desktop/test2/libs/boost/libs/function/include -I/Users/vinay/Desktop/test2/libs/boost/libs/function_types/include -I/Users/vinay/Desktop/test2/libs/boost/libs/functional/include -I/Users/vinay/Desktop/test2/libs/boost/libs/fusion/include -I/Users/vinay/Desktop/test2/libs/boost/libs/geometry/include -I/Users/vinay/Desktop/test2/libs/boost/libs/gil/include -I/Users/vinay/Desktop/test2/libs/boost/libs/graph/include -I/Users/vinay/Desktop/test2/libs/boost/libs/graph_parallel/include -I/Users/vinay/Desktop/test2/libs/boost/libs/hana/include -I/Users/vinay/Desktop/test2/libs/boost/libs/heap/include -I/Users/vinay/Desktop/test2/libs/boost/libs/histogram/include -I/Users/vinay/Desktop/test2/libs/boost/libs/hof/include -I/Users/vinay/Desktop/test2/libs/boost/libs/icl/include -I/Users/vinay/Desktop/test2/libs/boost/libs/integer/include -I/Users/vinay/Desktop/test2/libs/boost/libs/interprocess/include -I/Users/vinay/Desktop/test2/libs/boost/libs/intrusive/include -I/Users/vinay/Desktop/test2/libs/boost/libs/io/include -I/Users/vinay/Desktop/test2/libs/boost/libs/iostreams/include -I/Users/vinay/Desktop/test2/libs/boost/libs/iterator/include -I/Users/vinay/Desktop/test2/libs/boost/libs/json/include -I/Users/vinay/Desktop/test2/libs/boost/libs/lambda/include -I/Users/vinay/Desktop/test2/libs/boost/libs/lambda2/include -I/Users/vinay/Desktop/test2/libs/boost/libs/leaf/include -I/Users/vinay/Desktop/test2/libs/boost/libs/lexical_cast/include -I/Users/vinay/Desktop/test2/libs/boost/libs/local_function/include -I/Users/vinay/Desktop/test2/libs/boost/libs/locale/include -I/Users/vinay/Desktop/test2/libs/boost/libs/lockfree/include -I/Users/vinay/Desktop/test2/libs/boost/libs/log/include -I/Users/vinay/Desktop/test2/libs/boost/libs/logic/include -I/Users/vinay/Desktop/test2/libs/boost/libs/math/include -I/Users/vinay/Desktop/test2/libs/boost/libs/metaparse/include -I/Users/vinay/Desktop/test2/libs/boost/libs/move/include -I/Users/vinay/Desktop/test2/libs/boost/libs/mp11/include -I/Users/vinay/Desktop/test2/libs/boost/libs/mpi/include -I/Users/vinay/Desktop/test2/libs/boost/libs/mpl/include -I/Users/vinay/Desktop/test2/libs/boost/libs/msm/include -I/Users/vinay/Desktop/test2/libs/boost/libs/multi_array/include -I/Users/vinay/Desktop/test2/libs/boost/libs/multi_index/include -I/Users/vinay/Desktop/test2/libs/boost/libs/multiprecision/include -I/Users/vinay/Desktop/test2/libs/boost/libs/nowide/include -I/Users/vinay/Desktop/test2/libs/boost/libs/optional/include -I/Users/vinay/Desktop/test2/libs/boost/libs/outcome/include -I/Users/vinay/Desktop/test2/libs/boost/libs/parameter/include -I/Users/vinay/Desktop/test2/libs/boost/libs/parameter_python/include -I/Users/vinay/Desktop/test2/libs/boost/libs/pfr/include -I/Users/vinay/Desktop/test2/libs/boost/libs/phoenix/include -I/Users/vinay/Desktop/test2/libs/boost/libs/poly_collection/include -I/Users/vinay/Desktop/test2/libs/boost/libs/polygon/include -I/Users/vinay/Desktop/test2/libs/boost/libs/pool/include -I/Users/vinay/Desktop/test2/libs/boost/libs/predef/include -I/Users/vinay/Desktop/test2/libs/boost/libs/preprocessor/include -I/Users/vinay/Desktop/test2/libs/boost/libs/process/include -I/Users/vinay/Desktop/test2/libs/boost/libs/program_options/include -I/Users/vinay/Desktop/test2/libs/boost/libs/property_map/include -I/Users/vinay/Desktop/test2/libs/boost/libs/property_map_parallel/include -I/Users/vinay/Desktop/test2/libs/boost/libs/property_tree/include -I/Users/vinay/Desktop/test2/libs/boost/libs/proto/include -I/Users/vinay/Desktop/test2/libs/boost/libs/ptr_container/include -I/Users/vinay/Desktop/test2/libs/boost/libs/python/include -I/Users/vinay/Desktop/test2/libs/boost/libs/qvm/include -I/Users/vinay/Desktop/test2/libs/boost/libs/random/include -I/Users/vinay/Desktop/test2/libs/boost/libs/range/include -I/Users/vinay/Desktop/test2/libs/boost/libs/ratio/include -I/Users/vinay/Desktop/test2/libs/boost/libs/rational/include -I/Users/vinay/Desktop/test2/libs/boost/libs/regex/include -I/Users/vinay/Desktop/test2/libs/boost/libs/safe_numerics/include -I/Users/vinay/Desktop/test2/libs/boost/libs/scope_exit/include -I/Users/vinay/Desktop/test2/libs/boost/libs/serialization/include -I/Users/vinay/Desktop/test2/libs/boost/libs/signals2/include -I/Users/vinay/Desktop/test2/libs/boost/libs/smart_ptr/include -I/Users/vinay/Desktop/test2/libs/boost/libs/sort/include -I/Users/vinay/Desktop/test2/libs/boost/libs/spirit/include -I/Users/vinay/Desktop/test2/libs/boost/libs/stacktrace/include -I/Users/vinay/Desktop/test2/libs/boost/libs/statechart/include -I/Users/vinay/Desktop/test2/libs/boost/libs/static_assert/include -I/Users/vinay/Desktop/test2/libs/boost/libs/static_string/include -I/Users/vinay/Desktop/test2/libs/boost/libs/stl_interfaces/include -I/Users/vinay/Desktop/test2/libs/boost/libs/system/include -I/Users/vinay/Desktop/test2/libs/boost/libs/test/include -I/Users/vinay/Desktop/test2/libs/boost/libs/thread/include -I/Users/vinay/Desktop/test2/libs/boost/libs/throw_exception/include -I/Users/vinay/Desktop/test2/libs/boost/libs/timer/include -I/Users/vinay/Desktop/test2/libs/boost/libs/tokenizer/include -I/Users/vinay/Desktop/test2/libs/boost/libs/tti/include -I/Users/vinay/Desktop/test2/libs/boost/libs/tuple/include -I/Users/vinay/Desktop/test2/libs/boost/libs/type_erasure/include -I/Users/vinay/Desktop/test2/libs/boost/libs/type_index/include -I/Users/vinay/Desktop/test2/libs/boost/libs/type_traits/include -I/Users/vinay/Desktop/test2/libs/boost/libs/typeof/include -I/Users/vinay/Desktop/test2/libs/boost/libs/units/include -I/Users/vinay/Desktop/test2/libs/boost/libs/unordered/include -I/Users/vinay/Desktop/test2/libs/boost/libs/url/include -I/Users/vinay/Desktop/test2/libs/boost/libs/utility/include -I/Users/vinay/Desktop/test2/libs/boost/libs/uuid/include -I/Users/vinay/Desktop/test2/libs/boost/libs/variant/include -I/Users/vinay/Desktop/test2/libs/boost/libs/variant2/include -I/Users/vinay/Desktop/test2/libs/boost/libs/vmd/include -I/Users/vinay/Desktop/test2/libs/boost/libs/wave/include -I/Users/vinay/Desktop/test2/libs/boost/libs/winapi/include -I/Users/vinay/Desktop/test2/libs/boost/libs/xpressive/include -I/Users/vinay/Desktop/test2/libs/boost/libs/yap/include -arch arm64 -isysroot /Library/Developer/CommandLineTools/SDKs/MacOSX13.0.sdk -std=gnu++20 -MD -MT CMakeFiles/cmTC_e57eb.dir/src.cxx.o -MF CMakeFiles/cmTC_e57eb.dir/src.cxx.o.d -o CMakeFiles/cmTC_e57eb.dir/src.cxx.o -c /Users/vinay/Desktop/test2/build/CMakeFiles/CMakeScratch/TryCompile-4spoZ9/src.cxx
In file included from /Users/vinay/Desktop/test2/build/CMakeFiles/CMakeScratch/TryCompile-4spoZ9/src.cxx:1:
/Users/vinay/Desktop/test2/libs/boost/libs/filesystem/config/has_stat_st_mtim.cpp:17:8: error: no member named 'st_mtim' in 'stat'
    st.st_mtim.tv_nsec = 10;
    ~~ ^
1 error generated.
make[1]: *** [CMakeFiles/cmTC_e57eb.dir/src.cxx.o] Error 1
make: *** [cmTC_e57eb/fast] Error 2


Source file was:
#include </Users/vinay/Desktop/test2/libs/boost/libs/filesystem/config/has_stat_st_mtim.cpp>

Performing C++ SOURCE FILE Test BOOST_FILESYSTEM_HAS_STAT_ST_MTIMENSEC failed with the following output:
Change Dir: /Users/vinay/Desktop/test2/build/CMakeFiles/CMakeScratch/TryCompile-J1VBK9

Run Build Command(s):/usr/bin/make -f Makefile cmTC_0c25e/fast && /Library/Developer/CommandLineTools/usr/bin/make  -f CMakeFiles/cmTC_0c25e.dir/build.make CMakeFiles/cmTC_0c25e.dir/build
Building CXX object CMakeFiles/cmTC_0c25e.dir/src.cxx.o
/Library/Developer/CommandLineTools/usr/bin/c++ -DBOOST_FILESYSTEM_HAS_STAT_ST_MTIMENSEC -I/Users/vinay/Desktop/test2/libs/boost/libs/filesystem/src -I/Users/vinay/Desktop/test2/libs/boost/libs/accumulators/include -I/Users/vinay/Desktop/test2/libs/boost/libs/algorithm/include -I/Users/vinay/Desktop/test2/libs/boost/libs/align/include -I/Users/vinay/Desktop/test2/libs/boost/libs/any/include -I/Users/vinay/Desktop/test2/libs/boost/libs/array/include -I/Users/vinay/Desktop/test2/libs/boost/libs/asio/include -I/Users/vinay/Desktop/test2/libs/boost/libs/assert/include -I/Users/vinay/Desktop/test2/libs/boost/libs/assign/include -I/Users/vinay/Desktop/test2/libs/boost/libs/atomic/include -I/Users/vinay/Desktop/test2/libs/boost/libs/beast/include -I/Users/vinay/Desktop/test2/libs/boost/libs/bimap/include -I/Users/vinay/Desktop/test2/libs/boost/libs/bind/include -I/Users/vinay/Desktop/test2/libs/boost/libs/callable_traits/include -I/Users/vinay/Desktop/test2/libs/boost/libs/chrono/include -I/Users/vinay/Desktop/test2/libs/boost/libs/circular_buffer/include -I/Users/vinay/Desktop/test2/libs/boost/libs/compatibility/include -I/Users/vinay/Desktop/test2/libs/boost/libs/compute/include -I/Users/vinay/Desktop/test2/libs/boost/libs/concept_check/include -I/Users/vinay/Desktop/test2/libs/boost/libs/config/include -I/Users/vinay/Desktop/test2/libs/boost/libs/container/include -I/Users/vinay/Desktop/test2/libs/boost/libs/container_hash/include -I/Users/vinay/Desktop/test2/libs/boost/libs/context/include -I/Users/vinay/Desktop/test2/libs/boost/libs/contract/include -I/Users/vinay/Desktop/test2/libs/boost/libs/conversion/include -I/Users/vinay/Desktop/test2/libs/boost/libs/convert/include -I/Users/vinay/Desktop/test2/libs/boost/libs/core/include -I/Users/vinay/Desktop/test2/libs/boost/libs/coroutine/include -I/Users/vinay/Desktop/test2/libs/boost/libs/coroutine2/include -I/Users/vinay/Desktop/test2/libs/boost/libs/crc/include -I/Users/vinay/Desktop/test2/libs/boost/libs/date_time/include -I/Users/vinay/Desktop/test2/libs/boost/libs/describe/include -I/Users/vinay/Desktop/test2/libs/boost/libs/detail/include -I/Users/vinay/Desktop/test2/libs/boost/libs/dll/include -I/Users/vinay/Desktop/test2/libs/boost/libs/dynamic_bitset/include -I/Users/vinay/Desktop/test2/libs/boost/libs/endian/include -I/Users/vinay/Desktop/test2/libs/boost/libs/exception/include -I/Users/vinay/Desktop/test2/libs/boost/libs/fiber/include -I/Users/vinay/Desktop/test2/libs/boost/libs/filesystem/include -I/Users/vinay/Desktop/test2/libs/boost/libs/flyweight/include -I/Users/vinay/Desktop/test2/libs/boost/libs/foreach/include -I/Users/vinay/Desktop/test2/libs/boost/libs/format/include -I/Users/vinay/Desktop/test2/libs/boost/libs/function/include -I/Users/vinay/Desktop/test2/libs/boost/libs/function_types/include -I/Users/vinay/Desktop/test2/libs/boost/libs/functional/include -I/Users/vinay/Desktop/test2/libs/boost/libs/fusion/include -I/Users/vinay/Desktop/test2/libs/boost/libs/geometry/include -I/Users/vinay/Desktop/test2/libs/boost/libs/gil/include -I/Users/vinay/Desktop/test2/libs/boost/libs/graph/include -I/Users/vinay/Desktop/test2/libs/boost/libs/graph_parallel/include -I/Users/vinay/Desktop/test2/libs/boost/libs/hana/include -I/Users/vinay/Desktop/test2/libs/boost/libs/heap/include -I/Users/vinay/Desktop/test2/libs/boost/libs/histogram/include -I/Users/vinay/Desktop/test2/libs/boost/libs/hof/include -I/Users/vinay/Desktop/test2/libs/boost/libs/icl/include -I/Users/vinay/Desktop/test2/libs/boost/libs/integer/include -I/Users/vinay/Desktop/test2/libs/boost/libs/interprocess/include -I/Users/vinay/Desktop/test2/libs/boost/libs/intrusive/include -I/Users/vinay/Desktop/test2/libs/boost/libs/io/include -I/Users/vinay/Desktop/test2/libs/boost/libs/iostreams/include -I/Users/vinay/Desktop/test2/libs/boost/libs/iterator/include -I/Users/vinay/Desktop/test2/libs/boost/libs/json/include -I/Users/vinay/Desktop/test2/libs/boost/libs/lambda/include -I/Users/vinay/Desktop/test2/libs/boost/libs/lambda2/include -I/Users/vinay/Desktop/test2/libs/boost/libs/leaf/include -I/Users/vinay/Desktop/test2/libs/boost/libs/lexical_cast/include -I/Users/vinay/Desktop/test2/libs/boost/libs/local_function/include -I/Users/vinay/Desktop/test2/libs/boost/libs/locale/include -I/Users/vinay/Desktop/test2/libs/boost/libs/lockfree/include -I/Users/vinay/Desktop/test2/libs/boost/libs/log/include -I/Users/vinay/Desktop/test2/libs/boost/libs/logic/include -I/Users/vinay/Desktop/test2/libs/boost/libs/math/include -I/Users/vinay/Desktop/test2/libs/boost/libs/metaparse/include -I/Users/vinay/Desktop/test2/libs/boost/libs/move/include -I/Users/vinay/Desktop/test2/libs/boost/libs/mp11/include -I/Users/vinay/Desktop/test2/libs/boost/libs/mpi/include -I/Users/vinay/Desktop/test2/libs/boost/libs/mpl/include -I/Users/vinay/Desktop/test2/libs/boost/libs/msm/include -I/Users/vinay/Desktop/test2/libs/boost/libs/multi_array/include -I/Users/vinay/Desktop/test2/libs/boost/libs/multi_index/include -I/Users/vinay/Desktop/test2/libs/boost/libs/multiprecision/include -I/Users/vinay/Desktop/test2/libs/boost/libs/nowide/include -I/Users/vinay/Desktop/test2/libs/boost/libs/optional/include -I/Users/vinay/Desktop/test2/libs/boost/libs/outcome/include -I/Users/vinay/Desktop/test2/libs/boost/libs/parameter/include -I/Users/vinay/Desktop/test2/libs/boost/libs/parameter_python/include -I/Users/vinay/Desktop/test2/libs/boost/libs/pfr/include -I/Users/vinay/Desktop/test2/libs/boost/libs/phoenix/include -I/Users/vinay/Desktop/test2/libs/boost/libs/poly_collection/include -I/Users/vinay/Desktop/test2/libs/boost/libs/polygon/include -I/Users/vinay/Desktop/test2/libs/boost/libs/pool/include -I/Users/vinay/Desktop/test2/libs/boost/libs/predef/include -I/Users/vinay/Desktop/test2/libs/boost/libs/preprocessor/include -I/Users/vinay/Desktop/test2/libs/boost/libs/process/include -I/Users/vinay/Desktop/test2/libs/boost/libs/program_options/include -I/Users/vinay/Desktop/test2/libs/boost/libs/property_map/include -I/Users/vinay/Desktop/test2/libs/boost/libs/property_map_parallel/include -I/Users/vinay/Desktop/test2/libs/boost/libs/property_tree/include -I/Users/vinay/Desktop/test2/libs/boost/libs/proto/include -I/Users/vinay/Desktop/test2/libs/boost/libs/ptr_container/include -I/Users/vinay/Desktop/test2/libs/boost/libs/python/include -I/Users/vinay/Desktop/test2/libs/boost/libs/qvm/include -I/Users/vinay/Desktop/test2/libs/boost/libs/random/include -I/Users/vinay/Desktop/test2/libs/boost/libs/range/include -I/Users/vinay/Desktop/test2/libs/boost/libs/ratio/include -I/Users/vinay/Desktop/test2/libs/boost/libs/rational/include -I/Users/vinay/Desktop/test2/libs/boost/libs/regex/include -I/Users/vinay/Desktop/test2/libs/boost/libs/safe_numerics/include -I/Users/vinay/Desktop/test2/libs/boost/libs/scope_exit/include -I/Users/vinay/Desktop/test2/libs/boost/libs/serialization/include -I/Users/vinay/Desktop/test2/libs/boost/libs/signals2/include -I/Users/vinay/Desktop/test2/libs/boost/libs/smart_ptr/include -I/Users/vinay/Desktop/test2/libs/boost/libs/sort/include -I/Users/vinay/Desktop/test2/libs/boost/libs/spirit/include -I/Users/vinay/Desktop/test2/libs/boost/libs/stacktrace/include -I/Users/vinay/Desktop/test2/libs/boost/libs/statechart/include -I/Users/vinay/Desktop/test2/libs/boost/libs/static_assert/include -I/Users/vinay/Desktop/test2/libs/boost/libs/static_string/include -I/Users/vinay/Desktop/test2/libs/boost/libs/stl_interfaces/include -I/Users/vinay/Desktop/test2/libs/boost/libs/system/include -I/Users/vinay/Desktop/test2/libs/boost/libs/test/include -I/Users/vinay/Desktop/test2/libs/boost/libs/thread/include -I/Users/vinay/Desktop/test2/libs/boost/libs/throw_exception/include -I/Users/vinay/Desktop/test2/libs/boost/libs/timer/include -I/Users/vinay/Desktop/test2/libs/boost/libs/tokenizer/include -I/Users/vinay/Desktop/test2/libs/boost/libs/tti/include -I/Users/vinay/Desktop/test2/libs/boost/libs/tuple/include -I/Users/vinay/Desktop/test2/libs/boost/libs/type_erasure/include -I/Users/vinay/Desktop/test2/libs/boost/libs/type_index/include -I/Users/vinay/Desktop/test2/libs/boost/libs/type_traits/include -I/Users/vinay/Desktop/test2/libs/boost/libs/typeof/include -I/Users/vinay/Desktop/test2/libs/boost/libs/units/include -I/Users/vinay/Desktop/test2/libs/boost/libs/unordered/include -I/Users/vinay/Desktop/test2/libs/boost/libs/url/include -I/Users/vinay/Desktop/test2/libs/boost/libs/utility/include -I/Users/vinay/Desktop/test2/libs/boost/libs/uuid/include -I/Users/vinay/Desktop/test2/libs/boost/libs/variant/include -I/Users/vinay/Desktop/test2/libs/boost/libs/variant2/include -I/Users/vinay/Desktop/test2/libs/boost/libs/vmd/include -I/Users/vinay/Desktop/test2/libs/boost/libs/wave/include -I/Users/vinay/Desktop/test2/libs/boost/libs/winapi/include -I/Users/vinay/Desktop/test2/libs/boost/libs/xpressive/include -I/Users/vinay/Desktop/test2/libs/boost/libs/yap/include -arch arm64 -isysroot /Library/Developer/CommandLineTools/SDKs/MacOSX13.0.sdk -std=gnu++20 -MD -MT CMakeFiles/cmTC_0c25e.dir/src.cxx.o -MF CMakeFiles/cmTC_0c25e.dir/src.cxx.o.d -o CMakeFiles/cmTC_0c25e.dir/src.cxx.o -c /Users/vinay/Desktop/test2/build/CMakeFiles/CMakeScratch/TryCompile-J1VBK9/src.cxx
In file included from /Users/vinay/Desktop/test2/build/CMakeFiles/CMakeScratch/TryCompile-J1VBK9/src.cxx:1:
/Users/vinay/Desktop/test2/libs/boost/libs/filesystem/config/has_stat_st_mtimensec.cpp:17:8: error: no member named 'st_mtimensec' in 'stat'
    st.st_mtimensec = 10;
    ~~ ^
1 error generated.
make[1]: *** [CMakeFiles/cmTC_0c25e.dir/src.cxx.o] Error 1
make: *** [cmTC_0c25e/fast] Error 2


Source file was:
#include </Users/vinay/Desktop/test2/libs/boost/libs/filesystem/config/has_stat_st_mtimensec.cpp>

Performing C++ SOURCE FILE Test BOOST_FILESYSTEM_HAS_STAT_ST_BIRTHTIMENSEC failed with the following output:
Change Dir: /Users/vinay/Desktop/test2/build/CMakeFiles/CMakeScratch/TryCompile-sGHTCn

Run Build Command(s):/usr/bin/make -f Makefile cmTC_f3ed2/fast && /Library/Developer/CommandLineTools/usr/bin/make  -f CMakeFiles/cmTC_f3ed2.dir/build.make CMakeFiles/cmTC_f3ed2.dir/build
Building CXX object CMakeFiles/cmTC_f3ed2.dir/src.cxx.o
/Library/Developer/CommandLineTools/usr/bin/c++ -DBOOST_FILESYSTEM_HAS_STAT_ST_BIRTHTIMENSEC -I/Users/vinay/Desktop/test2/libs/boost/libs/filesystem/src -I/Users/vinay/Desktop/test2/libs/boost/libs/accumulators/include -I/Users/vinay/Desktop/test2/libs/boost/libs/algorithm/include -I/Users/vinay/Desktop/test2/libs/boost/libs/align/include -I/Users/vinay/Desktop/test2/libs/boost/libs/any/include -I/Users/vinay/Desktop/test2/libs/boost/libs/array/include -I/Users/vinay/Desktop/test2/libs/boost/libs/asio/include -I/Users/vinay/Desktop/test2/libs/boost/libs/assert/include -I/Users/vinay/Desktop/test2/libs/boost/libs/assign/include -I/Users/vinay/Desktop/test2/libs/boost/libs/atomic/include -I/Users/vinay/Desktop/test2/libs/boost/libs/beast/include -I/Users/vinay/Desktop/test2/libs/boost/libs/bimap/include -I/Users/vinay/Desktop/test2/libs/boost/libs/bind/include -I/Users/vinay/Desktop/test2/libs/boost/libs/callable_traits/include -I/Users/vinay/Desktop/test2/libs/boost/libs/chrono/include -I/Users/vinay/Desktop/test2/libs/boost/libs/circular_buffer/include -I/Users/vinay/Desktop/test2/libs/boost/libs/compatibility/include -I/Users/vinay/Desktop/test2/libs/boost/libs/compute/include -I/Users/vinay/Desktop/test2/libs/boost/libs/concept_check/include -I/Users/vinay/Desktop/test2/libs/boost/libs/config/include -I/Users/vinay/Desktop/test2/libs/boost/libs/container/include -I/Users/vinay/Desktop/test2/libs/boost/libs/container_hash/include -I/Users/vinay/Desktop/test2/libs/boost/libs/context/include -I/Users/vinay/Desktop/test2/libs/boost/libs/contract/include -I/Users/vinay/Desktop/test2/libs/boost/libs/conversion/include -I/Users/vinay/Desktop/test2/libs/boost/libs/convert/include -I/Users/vinay/Desktop/test2/libs/boost/libs/core/include -I/Users/vinay/Desktop/test2/libs/boost/libs/coroutine/include -I/Users/vinay/Desktop/test2/libs/boost/libs/coroutine2/include -I/Users/vinay/Desktop/test2/libs/boost/libs/crc/include -I/Users/vinay/Desktop/test2/libs/boost/libs/date_time/include -I/Users/vinay/Desktop/test2/libs/boost/libs/describe/include -I/Users/vinay/Desktop/test2/libs/boost/libs/detail/include -I/Users/vinay/Desktop/test2/libs/boost/libs/dll/include -I/Users/vinay/Desktop/test2/libs/boost/libs/dynamic_bitset/include -I/Users/vinay/Desktop/test2/libs/boost/libs/endian/include -I/Users/vinay/Desktop/test2/libs/boost/libs/exception/include -I/Users/vinay/Desktop/test2/libs/boost/libs/fiber/include -I/Users/vinay/Desktop/test2/libs/boost/libs/filesystem/include -I/Users/vinay/Desktop/test2/libs/boost/libs/flyweight/include -I/Users/vinay/Desktop/test2/libs/boost/libs/foreach/include -I/Users/vinay/Desktop/test2/libs/boost/libs/format/include -I/Users/vinay/Desktop/test2/libs/boost/libs/function/include -I/Users/vinay/Desktop/test2/libs/boost/libs/function_types/include -I/Users/vinay/Desktop/test2/libs/boost/libs/functional/include -I/Users/vinay/Desktop/test2/libs/boost/libs/fusion/include -I/Users/vinay/Desktop/test2/libs/boost/libs/geometry/include -I/Users/vinay/Desktop/test2/libs/boost/libs/gil/include -I/Users/vinay/Desktop/test2/libs/boost/libs/graph/include -I/Users/vinay/Desktop/test2/libs/boost/libs/graph_parallel/include -I/Users/vinay/Desktop/test2/libs/boost/libs/hana/include -I/Users/vinay/Desktop/test2/libs/boost/libs/heap/include -I/Users/vinay/Desktop/test2/libs/boost/libs/histogram/include -I/Users/vinay/Desktop/test2/libs/boost/libs/hof/include -I/Users/vinay/Desktop/test2/libs/boost/libs/icl/include -I/Users/vinay/Desktop/test2/libs/boost/libs/integer/include -I/Users/vinay/Desktop/test2/libs/boost/libs/interprocess/include -I/Users/vinay/Desktop/test2/libs/boost/libs/intrusive/include -I/Users/vinay/Desktop/test2/libs/boost/libs/io/include -I/Users/vinay/Desktop/test2/libs/boost/libs/iostreams/include -I/Users/vinay/Desktop/test2/libs/boost/libs/iterator/include -I/Users/vinay/Desktop/test2/libs/boost/libs/json/include -I/Users/vinay/Desktop/test2/libs/boost/libs/lambda/include -I/Users/vinay/Desktop/test2/libs/boost/libs/lambda2/include -I/Users/vinay/Desktop/test2/libs/boost/libs/leaf/include -I/Users/vinay/Desktop/test2/libs/boost/libs/lexical_cast/include -I/Users/vinay/Desktop/test2/libs/boost/libs/local_function/include -I/Users/vinay/Desktop/test2/libs/boost/libs/locale/include -I/Users/vinay/Desktop/test2/libs/boost/libs/lockfree/include -I/Users/vinay/Desktop/test2/libs/boost/libs/log/include -I/Users/vinay/Desktop/test2/libs/boost/libs/logic/include -I/Users/vinay/Desktop/test2/libs/boost/libs/math/include -I/Users/vinay/Desktop/test2/libs/boost/libs/metaparse/include -I/Users/vinay/Desktop/test2/libs/boost/libs/move/include -I/Users/vinay/Desktop/test2/libs/boost/libs/mp11/include -I/Users/vinay/Desktop/test2/libs/boost/libs/mpi/include -I/Users/vinay/Desktop/test2/libs/boost/libs/mpl/include -I/Users/vinay/Desktop/test2/libs/boost/libs/msm/include -I/Users/vinay/Desktop/test2/libs/boost/libs/multi_array/include -I/Users/vinay/Desktop/test2/libs/boost/libs/multi_index/include -I/Users/vinay/Desktop/test2/libs/boost/libs/multiprecision/include -I/Users/vinay/Desktop/test2/libs/boost/libs/nowide/include -I/Users/vinay/Desktop/test2/libs/boost/libs/optional/include -I/Users/vinay/Desktop/test2/libs/boost/libs/outcome/include -I/Users/vinay/Desktop/test2/libs/boost/libs/parameter/include -I/Users/vinay/Desktop/test2/libs/boost/libs/parameter_python/include -I/Users/vinay/Desktop/test2/libs/boost/libs/pfr/include -I/Users/vinay/Desktop/test2/libs/boost/libs/phoenix/include -I/Users/vinay/Desktop/test2/libs/boost/libs/poly_collection/include -I/Users/vinay/Desktop/test2/libs/boost/libs/polygon/include -I/Users/vinay/Desktop/test2/libs/boost/libs/pool/include -I/Users/vinay/Desktop/test2/libs/boost/libs/predef/include -I/Users/vinay/Desktop/test2/libs/boost/libs/preprocessor/include -I/Users/vinay/Desktop/test2/libs/boost/libs/process/include -I/Users/vinay/Desktop/test2/libs/boost/libs/program_options/include -I/Users/vinay/Desktop/test2/libs/boost/libs/property_map/include -I/Users/vinay/Desktop/test2/libs/boost/libs/property_map_parallel/include -I/Users/vinay/Desktop/test2/libs/boost/libs/property_tree/include -I/Users/vinay/Desktop/test2/libs/boost/libs/proto/include -I/Users/vinay/Desktop/test2/libs/boost/libs/ptr_container/include -I/Users/vinay/Desktop/test2/libs/boost/libs/python/include -I/Users/vinay/Desktop/test2/libs/boost/libs/qvm/include -I/Users/vinay/Desktop/test2/libs/boost/libs/random/include -I/Users/vinay/Desktop/test2/libs/boost/libs/range/include -I/Users/vinay/Desktop/test2/libs/boost/libs/ratio/include -I/Users/vinay/Desktop/test2/libs/boost/libs/rational/include -I/Users/vinay/Desktop/test2/libs/boost/libs/regex/include -I/Users/vinay/Desktop/test2/libs/boost/libs/safe_numerics/include -I/Users/vinay/Desktop/test2/libs/boost/libs/scope_exit/include -I/Users/vinay/Desktop/test2/libs/boost/libs/serialization/include -I/Users/vinay/Desktop/test2/libs/boost/libs/signals2/include -I/Users/vinay/Desktop/test2/libs/boost/libs/smart_ptr/include -I/Users/vinay/Desktop/test2/libs/boost/libs/sort/include -I/Users/vinay/Desktop/test2/libs/boost/libs/spirit/include -I/Users/vinay/Desktop/test2/libs/boost/libs/stacktrace/include -I/Users/vinay/Desktop/test2/libs/boost/libs/statechart/include -I/Users/vinay/Desktop/test2/libs/boost/libs/static_assert/include -I/Users/vinay/Desktop/test2/libs/boost/libs/static_string/include -I/Users/vinay/Desktop/test2/libs/boost/libs/stl_interfaces/include -I/Users/vinay/Desktop/test2/libs/boost/libs/system/include -I/Users/vinay/Desktop/test2/libs/boost/libs/test/include -I/Users/vinay/Desktop/test2/libs/boost/libs/thread/include -I/Users/vinay/Desktop/test2/libs/boost/libs/throw_exception/include -I/Users/vinay/Desktop/test2/libs/boost/libs/timer/include -I/Users/vinay/Desktop/test2/libs/boost/libs/tokenizer/include -I/Users/vinay/Desktop/test2/libs/boost/libs/tti/include -I/Users/vinay/Desktop/test2/libs/boost/libs/tuple/include -I/Users/vinay/Desktop/test2/libs/boost/libs/type_erasure/include -I/Users/vinay/Desktop/test2/libs/boost/libs/type_index/include -I/Users/vinay/Desktop/test2/libs/boost/libs/type_traits/include -I/Users/vinay/Desktop/test2/libs/boost/libs/typeof/include -I/Users/vinay/Desktop/test2/libs/boost/libs/units/include -I/Users/vinay/Desktop/test2/libs/boost/libs/unordered/include -I/Users/vinay/Desktop/test2/libs/boost/libs/url/include -I/Users/vinay/Desktop/test2/libs/boost/libs/utility/include -I/Users/vinay/Desktop/test2/libs/boost/libs/uuid/include -I/Users/vinay/Desktop/test2/libs/boost/libs/variant/include -I/Users/vinay/Desktop/test2/libs/boost/libs/variant2/include -I/Users/vinay/Desktop/test2/libs/boost/libs/vmd/include -I/Users/vinay/Desktop/test2/libs/boost/libs/wave/include -I/Users/vinay/Desktop/test2/libs/boost/libs/winapi/include -I/Users/vinay/Desktop/test2/libs/boost/libs/xpressive/include -I/Users/vinay/Desktop/test2/libs/boost/libs/yap/include -arch arm64 -isysroot /Library/Developer/CommandLineTools/SDKs/MacOSX13.0.sdk -std=gnu++20 -MD -MT CMakeFiles/cmTC_f3ed2.dir/src.cxx.o -MF CMakeFiles/cmTC_f3ed2.dir/src.cxx.o.d -o CMakeFiles/cmTC_f3ed2.dir/src.cxx.o -c /Users/vinay/Desktop/test2/build/CMakeFiles/CMakeScratch/TryCompile-sGHTCn/src.cxx
In file included from /Users/vinay/Desktop/test2/build/CMakeFiles/CMakeScratch/TryCompile-sGHTCn/src.cxx:1:
/Users/vinay/Desktop/test2/libs/boost/libs/filesystem/config/has_stat_st_birthtimensec.cpp:18:8: error: no member named 'st_birthtimensec' in 'stat'
    st.st_birthtimensec = 10;
    ~~ ^
1 error generated.
make[1]: *** [CMakeFiles/cmTC_f3ed2.dir/src.cxx.o] Error 1
make: *** [cmTC_f3ed2/fast] Error 2


Source file was:
#include </Users/vinay/Desktop/test2/libs/boost/libs/filesystem/config/has_stat_st_birthtimensec.cpp>

Performing C++ SOURCE FILE Test BOOST_FILESYSTEM_HAS_STATX failed with the following output:
Change Dir: /Users/vinay/Desktop/test2/build/CMakeFiles/CMakeScratch/TryCompile-J35KJG

Run Build Command(s):/usr/bin/make -f Makefile cmTC_39b15/fast && /Library/Developer/CommandLineTools/usr/bin/make  -f CMakeFiles/cmTC_39b15.dir/build.make CMakeFiles/cmTC_39b15.dir/build
Building CXX object CMakeFiles/cmTC_39b15.dir/src.cxx.o
/Library/Developer/CommandLineTools/usr/bin/c++ -DBOOST_FILESYSTEM_HAS_STATX -I/Users/vinay/Desktop/test2/libs/boost/libs/filesystem/src -I/Users/vinay/Desktop/test2/libs/boost/libs/accumulators/include -I/Users/vinay/Desktop/test2/libs/boost/libs/algorithm/include -I/Users/vinay/Desktop/test2/libs/boost/libs/align/include -I/Users/vinay/Desktop/test2/libs/boost/libs/any/include -I/Users/vinay/Desktop/test2/libs/boost/libs/array/include -I/Users/vinay/Desktop/test2/libs/boost/libs/asio/include -I/Users/vinay/Desktop/test2/libs/boost/libs/assert/include -I/Users/vinay/Desktop/test2/libs/boost/libs/assign/include -I/Users/vinay/Desktop/test2/libs/boost/libs/atomic/include -I/Users/vinay/Desktop/test2/libs/boost/libs/beast/include -I/Users/vinay/Desktop/test2/libs/boost/libs/bimap/include -I/Users/vinay/Desktop/test2/libs/boost/libs/bind/include -I/Users/vinay/Desktop/test2/libs/boost/libs/callable_traits/include -I/Users/vinay/Desktop/test2/libs/boost/libs/chrono/include -I/Users/vinay/Desktop/test2/libs/boost/libs/circular_buffer/include -I/Users/vinay/Desktop/test2/libs/boost/libs/compatibility/include -I/Users/vinay/Desktop/test2/libs/boost/libs/compute/include -I/Users/vinay/Desktop/test2/libs/boost/libs/concept_check/include -I/Users/vinay/Desktop/test2/libs/boost/libs/config/include -I/Users/vinay/Desktop/test2/libs/boost/libs/container/include -I/Users/vinay/Desktop/test2/libs/boost/libs/container_hash/include -I/Users/vinay/Desktop/test2/libs/boost/libs/context/include -I/Users/vinay/Desktop/test2/libs/boost/libs/contract/include -I/Users/vinay/Desktop/test2/libs/boost/libs/conversion/include -I/Users/vinay/Desktop/test2/libs/boost/libs/convert/include -I/Users/vinay/Desktop/test2/libs/boost/libs/core/include -I/Users/vinay/Desktop/test2/libs/boost/libs/coroutine/include -I/Users/vinay/Desktop/test2/libs/boost/libs/coroutine2/include -I/Users/vinay/Desktop/test2/libs/boost/libs/crc/include -I/Users/vinay/Desktop/test2/libs/boost/libs/date_time/include -I/Users/vinay/Desktop/test2/libs/boost/libs/describe/include -I/Users/vinay/Desktop/test2/libs/boost/libs/detail/include -I/Users/vinay/Desktop/test2/libs/boost/libs/dll/include -I/Users/vinay/Desktop/test2/libs/boost/libs/dynamic_bitset/include -I/Users/vinay/Desktop/test2/libs/boost/libs/endian/include -I/Users/vinay/Desktop/test2/libs/boost/libs/exception/include -I/Users/vinay/Desktop/test2/libs/boost/libs/fiber/include -I/Users/vinay/Desktop/test2/libs/boost/libs/filesystem/include -I/Users/vinay/Desktop/test2/libs/boost/libs/flyweight/include -I/Users/vinay/Desktop/test2/libs/boost/libs/foreach/include -I/Users/vinay/Desktop/test2/libs/boost/libs/format/include -I/Users/vinay/Desktop/test2/libs/boost/libs/function/include -I/Users/vinay/Desktop/test2/libs/boost/libs/function_types/include -I/Users/vinay/Desktop/test2/libs/boost/libs/functional/include -I/Users/vinay/Desktop/test2/libs/boost/libs/fusion/include -I/Users/vinay/Desktop/test2/libs/boost/libs/geometry/include -I/Users/vinay/Desktop/test2/libs/boost/libs/gil/include -I/Users/vinay/Desktop/test2/libs/boost/libs/graph/include -I/Users/vinay/Desktop/test2/libs/boost/libs/graph_parallel/include -I/Users/vinay/Desktop/test2/libs/boost/libs/hana/include -I/Users/vinay/Desktop/test2/libs/boost/libs/heap/include -I/Users/vinay/Desktop/test2/libs/boost/libs/histogram/include -I/Users/vinay/Desktop/test2/libs/boost/libs/hof/include -I/Users/vinay/Desktop/test2/libs/boost/libs/icl/include -I/Users/vinay/Desktop/test2/libs/boost/libs/integer/include -I/Users/vinay/Desktop/test2/libs/boost/libs/interprocess/include -I/Users/vinay/Desktop/test2/libs/boost/libs/intrusive/include -I/Users/vinay/Desktop/test2/libs/boost/libs/io/include -I/Users/vinay/Desktop/test2/libs/boost/libs/iostreams/include -I/Users/vinay/Desktop/test2/libs/boost/libs/iterator/include -I/Users/vinay/Desktop/test2/libs/boost/libs/json/include -I/Users/vinay/Desktop/test2/libs/boost/libs/lambda/include -I/Users/vinay/Desktop/test2/libs/boost/libs/lambda2/include -I/Users/vinay/Desktop/test2/libs/boost/libs/leaf/include -I/Users/vinay/Desktop/test2/libs/boost/libs/lexical_cast/include -I/Users/vinay/Desktop/test2/libs/boost/libs/local_function/include -I/Users/vinay/Desktop/test2/libs/boost/libs/locale/include -I/Users/vinay/Desktop/test2/libs/boost/libs/lockfree/include -I/Users/vinay/Desktop/test2/libs/boost/libs/log/include -I/Users/vinay/Desktop/test2/libs/boost/libs/logic/include -I/Users/vinay/Desktop/test2/libs/boost/libs/math/include -I/Users/vinay/Desktop/test2/libs/boost/libs/metaparse/include -I/Users/vinay/Desktop/test2/libs/boost/libs/move/include -I/Users/vinay/Desktop/test2/libs/boost/libs/mp11/include -I/Users/vinay/Desktop/test2/libs/boost/libs/mpi/include -I/Users/vinay/Desktop/test2/libs/boost/libs/mpl/include -I/Users/vinay/Desktop/test2/libs/boost/libs/msm/include -I/Users/vinay/Desktop/test2/libs/boost/libs/multi_array/include -I/Users/vinay/Desktop/test2/libs/boost/libs/multi_index/include -I/Users/vinay/Desktop/test2/libs/boost/libs/multiprecision/include -I/Users/vinay/Desktop/test2/libs/boost/libs/nowide/include -I/Users/vinay/Desktop/test2/libs/boost/libs/optional/include -I/Users/vinay/Desktop/test2/libs/boost/libs/outcome/include -I/Users/vinay/Desktop/test2/libs/boost/libs/parameter/include -I/Users/vinay/Desktop/test2/libs/boost/libs/parameter_python/include -I/Users/vinay/Desktop/test2/libs/boost/libs/pfr/include -I/Users/vinay/Desktop/test2/libs/boost/libs/phoenix/include -I/Users/vinay/Desktop/test2/libs/boost/libs/poly_collection/include -I/Users/vinay/Desktop/test2/libs/boost/libs/polygon/include -I/Users/vinay/Desktop/test2/libs/boost/libs/pool/include -I/Users/vinay/Desktop/test2/libs/boost/libs/predef/include -I/Users/vinay/Desktop/test2/libs/boost/libs/preprocessor/include -I/Users/vinay/Desktop/test2/libs/boost/libs/process/include -I/Users/vinay/Desktop/test2/libs/boost/libs/program_options/include -I/Users/vinay/Desktop/test2/libs/boost/libs/property_map/include -I/Users/vinay/Desktop/test2/libs/boost/libs/property_map_parallel/include -I/Users/vinay/Desktop/test2/libs/boost/libs/property_tree/include -I/Users/vinay/Desktop/test2/libs/boost/libs/proto/include -I/Users/vinay/Desktop/test2/libs/boost/libs/ptr_container/include -I/Users/vinay/Desktop/test2/libs/boost/libs/python/include -I/Users/vinay/Desktop/test2/libs/boost/libs/qvm/include -I/Users/vinay/Desktop/test2/libs/boost/libs/random/include -I/Users/vinay/Desktop/test2/libs/boost/libs/range/include -I/Users/vinay/Desktop/test2/libs/boost/libs/ratio/include -I/Users/vinay/Desktop/test2/libs/boost/libs/rational/include -I/Users/vinay/Desktop/test2/libs/boost/libs/regex/include -I/Users/vinay/Desktop/test2/libs/boost/libs/safe_numerics/include -I/Users/vinay/Desktop/test2/libs/boost/libs/scope_exit/include -I/Users/vinay/Desktop/test2/libs/boost/libs/serialization/include -I/Users/vinay/Desktop/test2/libs/boost/libs/signals2/include -I/Users/vinay/Desktop/test2/libs/boost/libs/smart_ptr/include -I/Users/vinay/Desktop/test2/libs/boost/libs/sort/include -I/Users/vinay/Desktop/test2/libs/boost/libs/spirit/include -I/Users/vinay/Desktop/test2/libs/boost/libs/stacktrace/include -I/Users/vinay/Desktop/test2/libs/boost/libs/statechart/include -I/Users/vinay/Desktop/test2/libs/boost/libs/static_assert/include -I/Users/vinay/Desktop/test2/libs/boost/libs/static_string/include -I/Users/vinay/Desktop/test2/libs/boost/libs/stl_interfaces/include -I/Users/vinay/Desktop/test2/libs/boost/libs/system/include -I/Users/vinay/Desktop/test2/libs/boost/libs/test/include -I/Users/vinay/Desktop/test2/libs/boost/libs/thread/include -I/Users/vinay/Desktop/test2/libs/boost/libs/throw_exception/include -I/Users/vinay/Desktop/test2/libs/boost/libs/timer/include -I/Users/vinay/Desktop/test2/libs/boost/libs/tokenizer/include -I/Users/vinay/Desktop/test2/libs/boost/libs/tti/include -I/Users/vinay/Desktop/test2/libs/boost/libs/tuple/include -I/Users/vinay/Desktop/test2/libs/boost/libs/type_erasure/include -I/Users/vinay/Desktop/test2/libs/boost/libs/type_index/include -I/Users/vinay/Desktop/test2/libs/boost/libs/type_traits/include -I/Users/vinay/Desktop/test2/libs/boost/libs/typeof/include -I/Users/vinay/Desktop/test2/libs/boost/libs/units/include -I/Users/vinay/Desktop/test2/libs/boost/libs/unordered/include -I/Users/vinay/Desktop/test2/libs/boost/libs/url/include -I/Users/vinay/Desktop/test2/libs/boost/libs/utility/include -I/Users/vinay/Desktop/test2/libs/boost/libs/uuid/include -I/Users/vinay/Desktop/test2/libs/boost/libs/variant/include -I/Users/vinay/Desktop/test2/libs/boost/libs/variant2/include -I/Users/vinay/Desktop/test2/libs/boost/libs/vmd/include -I/Users/vinay/Desktop/test2/libs/boost/libs/wave/include -I/Users/vinay/Desktop/test2/libs/boost/libs/winapi/include -I/Users/vinay/Desktop/test2/libs/boost/libs/xpressive/include -I/Users/vinay/Desktop/test2/libs/boost/libs/yap/include -arch arm64 -isysroot /Library/Developer/CommandLineTools/SDKs/MacOSX13.0.sdk -std=gnu++20 -MD -MT CMakeFiles/cmTC_39b15.dir/src.cxx.o -MF CMakeFiles/cmTC_39b15.dir/src.cxx.o.d -o CMakeFiles/cmTC_39b15.dir/src.cxx.o -c /Users/vinay/Desktop/test2/build/CMakeFiles/CMakeScratch/TryCompile-J35KJG/src.cxx
In file included from /Users/vinay/Desktop/test2/build/CMakeFiles/CMakeScratch/TryCompile-J35KJG/src.cxx:1:
/Users/vinay/Desktop/test2/libs/boost/libs/filesystem/config/has_statx.cpp:17:18: error: variable has incomplete type 'struct statx'
    struct statx st;
                 ^
/Users/vinay/Desktop/test2/libs/boost/libs/filesystem/config/has_statx.cpp:17:12: note: forward declaration of 'statx'
    struct statx st;
           ^
/Users/vinay/Desktop/test2/libs/boost/libs/filesystem/config/has_statx.cpp:18:58: error: use of undeclared identifier 'AT_NO_AUTOMOUNT'
    int res = statx(AT_FDCWD, ".", AT_SYMLINK_NOFOLLOW | AT_NO_AUTOMOUNT, STATX_BTIME, &st);
                                                         ^
/Users/vinay/Desktop/test2/libs/boost/libs/filesystem/config/has_statx.cpp:18:75: error: use of undeclared identifier 'STATX_BTIME'
    int res = statx(AT_FDCWD, ".", AT_SYMLINK_NOFOLLOW | AT_NO_AUTOMOUNT, STATX_BTIME, &st);
                                                                          ^
3 errors generated.
make[1]: *** [CMakeFiles/cmTC_39b15.dir/src.cxx.o] Error 1
make: *** [cmTC_39b15/fast] Error 2


Source file was:
#include </Users/vinay/Desktop/test2/libs/boost/libs/filesystem/config/has_statx.cpp>

Performing C++ SOURCE FILE Test BOOST_FILESYSTEM_HAS_STATX_SYSCALL failed with the following output:
Change Dir: /Users/vinay/Desktop/test2/build/CMakeFiles/CMakeScratch/TryCompile-EGXZ2H

Run Build Command(s):/usr/bin/make -f Makefile cmTC_83988/fast && /Library/Developer/CommandLineTools/usr/bin/make  -f CMakeFiles/cmTC_83988.dir/build.make CMakeFiles/cmTC_83988.dir/build
Building CXX object CMakeFiles/cmTC_83988.dir/src.cxx.o
/Library/Developer/CommandLineTools/usr/bin/c++ -DBOOST_FILESYSTEM_HAS_STATX_SYSCALL -I/Users/vinay/Desktop/test2/libs/boost/libs/filesystem/src -I/Users/vinay/Desktop/test2/libs/boost/libs/accumulators/include -I/Users/vinay/Desktop/test2/libs/boost/libs/algorithm/include -I/Users/vinay/Desktop/test2/libs/boost/libs/align/include -I/Users/vinay/Desktop/test2/libs/boost/libs/any/include -I/Users/vinay/Desktop/test2/libs/boost/libs/array/include -I/Users/vinay/Desktop/test2/libs/boost/libs/asio/include -I/Users/vinay/Desktop/test2/libs/boost/libs/assert/include -I/Users/vinay/Desktop/test2/libs/boost/libs/assign/include -I/Users/vinay/Desktop/test2/libs/boost/libs/atomic/include -I/Users/vinay/Desktop/test2/libs/boost/libs/beast/include -I/Users/vinay/Desktop/test2/libs/boost/libs/bimap/include -I/Users/vinay/Desktop/test2/libs/boost/libs/bind/include -I/Users/vinay/Desktop/test2/libs/boost/libs/callable_traits/include -I/Users/vinay/Desktop/test2/libs/boost/libs/chrono/include -I/Users/vinay/Desktop/test2/libs/boost/libs/circular_buffer/include -I/Users/vinay/Desktop/test2/libs/boost/libs/compatibility/include -I/Users/vinay/Desktop/test2/libs/boost/libs/compute/include -I/Users/vinay/Desktop/test2/libs/boost/libs/concept_check/include -I/Users/vinay/Desktop/test2/libs/boost/libs/config/include -I/Users/vinay/Desktop/test2/libs/boost/libs/container/include -I/Users/vinay/Desktop/test2/libs/boost/libs/container_hash/include -I/Users/vinay/Desktop/test2/libs/boost/libs/context/include -I/Users/vinay/Desktop/test2/libs/boost/libs/contract/include -I/Users/vinay/Desktop/test2/libs/boost/libs/conversion/include -I/Users/vinay/Desktop/test2/libs/boost/libs/convert/include -I/Users/vinay/Desktop/test2/libs/boost/libs/core/include -I/Users/vinay/Desktop/test2/libs/boost/libs/coroutine/include -I/Users/vinay/Desktop/test2/libs/boost/libs/coroutine2/include -I/Users/vinay/Desktop/test2/libs/boost/libs/crc/include -I/Users/vinay/Desktop/test2/libs/boost/libs/date_time/include -I/Users/vinay/Desktop/test2/libs/boost/libs/describe/include -I/Users/vinay/Desktop/test2/libs/boost/libs/detail/include -I/Users/vinay/Desktop/test2/libs/boost/libs/dll/include -I/Users/vinay/Desktop/test2/libs/boost/libs/dynamic_bitset/include -I/Users/vinay/Desktop/test2/libs/boost/libs/endian/include -I/Users/vinay/Desktop/test2/libs/boost/libs/exception/include -I/Users/vinay/Desktop/test2/libs/boost/libs/fiber/include -I/Users/vinay/Desktop/test2/libs/boost/libs/filesystem/include -I/Users/vinay/Desktop/test2/libs/boost/libs/flyweight/include -I/Users/vinay/Desktop/test2/libs/boost/libs/foreach/include -I/Users/vinay/Desktop/test2/libs/boost/libs/format/include -I/Users/vinay/Desktop/test2/libs/boost/libs/function/include -I/Users/vinay/Desktop/test2/libs/boost/libs/function_types/include -I/Users/vinay/Desktop/test2/libs/boost/libs/functional/include -I/Users/vinay/Desktop/test2/libs/boost/libs/fusion/include -I/Users/vinay/Desktop/test2/libs/boost/libs/geometry/include -I/Users/vinay/Desktop/test2/libs/boost/libs/gil/include -I/Users/vinay/Desktop/test2/libs/boost/libs/graph/include -I/Users/vinay/Desktop/test2/libs/boost/libs/graph_parallel/include -I/Users/vinay/Desktop/test2/libs/boost/libs/hana/include -I/Users/vinay/Desktop/test2/libs/boost/libs/heap/include -I/Users/vinay/Desktop/test2/libs/boost/libs/histogram/include -I/Users/vinay/Desktop/test2/libs/boost/libs/hof/include -I/Users/vinay/Desktop/test2/libs/boost/libs/icl/include -I/Users/vinay/Desktop/test2/libs/boost/libs/integer/include -I/Users/vinay/Desktop/test2/libs/boost/libs/interprocess/include -I/Users/vinay/Desktop/test2/libs/boost/libs/intrusive/include -I/Users/vinay/Desktop/test2/libs/boost/libs/io/include -I/Users/vinay/Desktop/test2/libs/boost/libs/iostreams/include -I/Users/vinay/Desktop/test2/libs/boost/libs/iterator/include -I/Users/vinay/Desktop/test2/libs/boost/libs/json/include -I/Users/vinay/Desktop/test2/libs/boost/libs/lambda/include -I/Users/vinay/Desktop/test2/libs/boost/libs/lambda2/include -I/Users/vinay/Desktop/test2/libs/boost/libs/leaf/include -I/Users/vinay/Desktop/test2/libs/boost/libs/lexical_cast/include -I/Users/vinay/Desktop/test2/libs/boost/libs/local_function/include -I/Users/vinay/Desktop/test2/libs/boost/libs/locale/include -I/Users/vinay/Desktop/test2/libs/boost/libs/lockfree/include -I/Users/vinay/Desktop/test2/libs/boost/libs/log/include -I/Users/vinay/Desktop/test2/libs/boost/libs/logic/include -I/Users/vinay/Desktop/test2/libs/boost/libs/math/include -I/Users/vinay/Desktop/test2/libs/boost/libs/metaparse/include -I/Users/vinay/Desktop/test2/libs/boost/libs/move/include -I/Users/vinay/Desktop/test2/libs/boost/libs/mp11/include -I/Users/vinay/Desktop/test2/libs/boost/libs/mpi/include -I/Users/vinay/Desktop/test2/libs/boost/libs/mpl/include -I/Users/vinay/Desktop/test2/libs/boost/libs/msm/include -I/Users/vinay/Desktop/test2/libs/boost/libs/multi_array/include -I/Users/vinay/Desktop/test2/libs/boost/libs/multi_index/include -I/Users/vinay/Desktop/test2/libs/boost/libs/multiprecision/include -I/Users/vinay/Desktop/test2/libs/boost/libs/nowide/include -I/Users/vinay/Desktop/test2/libs/boost/libs/optional/include -I/Users/vinay/Desktop/test2/libs/boost/libs/outcome/include -I/Users/vinay/Desktop/test2/libs/boost/libs/parameter/include -I/Users/vinay/Desktop/test2/libs/boost/libs/parameter_python/include -I/Users/vinay/Desktop/test2/libs/boost/libs/pfr/include -I/Users/vinay/Desktop/test2/libs/boost/libs/phoenix/include -I/Users/vinay/Desktop/test2/libs/boost/libs/poly_collection/include -I/Users/vinay/Desktop/test2/libs/boost/libs/polygon/include -I/Users/vinay/Desktop/test2/libs/boost/libs/pool/include -I/Users/vinay/Desktop/test2/libs/boost/libs/predef/include -I/Users/vinay/Desktop/test2/libs/boost/libs/preprocessor/include -I/Users/vinay/Desktop/test2/libs/boost/libs/process/include -I/Users/vinay/Desktop/test2/libs/boost/libs/program_options/include -I/Users/vinay/Desktop/test2/libs/boost/libs/property_map/include -I/Users/vinay/Desktop/test2/libs/boost/libs/property_map_parallel/include -I/Users/vinay/Desktop/test2/libs/boost/libs/property_tree/include -I/Users/vinay/Desktop/test2/libs/boost/libs/proto/include -I/Users/vinay/Desktop/test2/libs/boost/libs/ptr_container/include -I/Users/vinay/Desktop/test2/libs/boost/libs/python/include -I/Users/vinay/Desktop/test2/libs/boost/libs/qvm/include -I/Users/vinay/Desktop/test2/libs/boost/libs/random/include -I/Users/vinay/Desktop/test2/libs/boost/libs/range/include -I/Users/vinay/Desktop/test2/libs/boost/libs/ratio/include -I/Users/vinay/Desktop/test2/libs/boost/libs/rational/include -I/Users/vinay/Desktop/test2/libs/boost/libs/regex/include -I/Users/vinay/Desktop/test2/libs/boost/libs/safe_numerics/include -I/Users/vinay/Desktop/test2/libs/boost/libs/scope_exit/include -I/Users/vinay/Desktop/test2/libs/boost/libs/serialization/include -I/Users/vinay/Desktop/test2/libs/boost/libs/signals2/include -I/Users/vinay/Desktop/test2/libs/boost/libs/smart_ptr/include -I/Users/vinay/Desktop/test2/libs/boost/libs/sort/include -I/Users/vinay/Desktop/test2/libs/boost/libs/spirit/include -I/Users/vinay/Desktop/test2/libs/boost/libs/stacktrace/include -I/Users/vinay/Desktop/test2/libs/boost/libs/statechart/include -I/Users/vinay/Desktop/test2/libs/boost/libs/static_assert/include -I/Users/vinay/Desktop/test2/libs/boost/libs/static_string/include -I/Users/vinay/Desktop/test2/libs/boost/libs/stl_interfaces/include -I/Users/vinay/Desktop/test2/libs/boost/libs/system/include -I/Users/vinay/Desktop/test2/libs/boost/libs/test/include -I/Users/vinay/Desktop/test2/libs/boost/libs/thread/include -I/Users/vinay/Desktop/test2/libs/boost/libs/throw_exception/include -I/Users/vinay/Desktop/test2/libs/boost/libs/timer/include -I/Users/vinay/Desktop/test2/libs/boost/libs/tokenizer/include -I/Users/vinay/Desktop/test2/libs/boost/libs/tti/include -I/Users/vinay/Desktop/test2/libs/boost/libs/tuple/include -I/Users/vinay/Desktop/test2/libs/boost/libs/type_erasure/include -I/Users/vinay/Desktop/test2/libs/boost/libs/type_index/include -I/Users/vinay/Desktop/test2/libs/boost/libs/type_traits/include -I/Users/vinay/Desktop/test2/libs/boost/libs/typeof/include -I/Users/vinay/Desktop/test2/libs/boost/libs/units/include -I/Users/vinay/Desktop/test2/libs/boost/libs/unordered/include -I/Users/vinay/Desktop/test2/libs/boost/libs/url/include -I/Users/vinay/Desktop/test2/libs/boost/libs/utility/include -I/Users/vinay/Desktop/test2/libs/boost/libs/uuid/include -I/Users/vinay/Desktop/test2/libs/boost/libs/variant/include -I/Users/vinay/Desktop/test2/libs/boost/libs/variant2/include -I/Users/vinay/Desktop/test2/libs/boost/libs/vmd/include -I/Users/vinay/Desktop/test2/libs/boost/libs/wave/include -I/Users/vinay/Desktop/test2/libs/boost/libs/winapi/include -I/Users/vinay/Desktop/test2/libs/boost/libs/xpressive/include -I/Users/vinay/Desktop/test2/libs/boost/libs/yap/include -arch arm64 -isysroot /Library/Developer/CommandLineTools/SDKs/MacOSX13.0.sdk -std=gnu++20 -MD -MT CMakeFiles/cmTC_83988.dir/src.cxx.o -MF CMakeFiles/cmTC_83988.dir/src.cxx.o.d -o CMakeFiles/cmTC_83988.dir/src.cxx.o -c /Users/vinay/Desktop/test2/build/CMakeFiles/CMakeScratch/TryCompile-EGXZ2H/src.cxx
In file included from /Users/vinay/Desktop/test2/build/CMakeFiles/CMakeScratch/TryCompile-EGXZ2H/src.cxx:1:
/Users/vinay/Desktop/test2/libs/boost/libs/filesystem/config/has_statx_syscall.cpp:11:10: fatal error: 'linux/stat.h' file not found
#include <linux/stat.h>
         ^~~~~~~~~~~~~~
1 error generated.
make[1]: *** [CMakeFiles/cmTC_83988.dir/src.cxx.o] Error 1
make: *** [cmTC_83988/fast] Error 2


Source file was:
#include </Users/vinay/Desktop/test2/libs/boost/libs/filesystem/config/has_statx_syscall.cpp>

Performing C++ SOURCE FILE Test BOOST_FILESYSTEM_HAS_POSIX_AT_APIS failed with the following output:
Change Dir: /Users/vinay/Desktop/test2/build/CMakeFiles/CMakeScratch/TryCompile-fMKoQE

Run Build Command(s):/usr/bin/make -f Makefile cmTC_51e91/fast && /Library/Developer/CommandLineTools/usr/bin/make  -f CMakeFiles/cmTC_51e91.dir/build.make CMakeFiles/cmTC_51e91.dir/build
Building CXX object CMakeFiles/cmTC_51e91.dir/src.cxx.o
/Library/Developer/CommandLineTools/usr/bin/c++ -DBOOST_FILESYSTEM_HAS_POSIX_AT_APIS -I/Users/vinay/Desktop/test2/libs/boost/libs/filesystem/src -I/Users/vinay/Desktop/test2/libs/boost/libs/accumulators/include -I/Users/vinay/Desktop/test2/libs/boost/libs/algorithm/include -I/Users/vinay/Desktop/test2/libs/boost/libs/align/include -I/Users/vinay/Desktop/test2/libs/boost/libs/any/include -I/Users/vinay/Desktop/test2/libs/boost/libs/array/include -I/Users/vinay/Desktop/test2/libs/boost/libs/asio/include -I/Users/vinay/Desktop/test2/libs/boost/libs/assert/include -I/Users/vinay/Desktop/test2/libs/boost/libs/assign/include -I/Users/vinay/Desktop/test2/libs/boost/libs/atomic/include -I/Users/vinay/Desktop/test2/libs/boost/libs/beast/include -I/Users/vinay/Desktop/test2/libs/boost/libs/bimap/include -I/Users/vinay/Desktop/test2/libs/boost/libs/bind/include -I/Users/vinay/Desktop/test2/libs/boost/libs/callable_traits/include -I/Users/vinay/Desktop/test2/libs/boost/libs/chrono/include -I/Users/vinay/Desktop/test2/libs/boost/libs/circular_buffer/include -I/Users/vinay/Desktop/test2/libs/boost/libs/compatibility/include -I/Users/vinay/Desktop/test2/libs/boost/libs/compute/include -I/Users/vinay/Desktop/test2/libs/boost/libs/concept_check/include -I/Users/vinay/Desktop/test2/libs/boost/libs/config/include -I/Users/vinay/Desktop/test2/libs/boost/libs/container/include -I/Users/vinay/Desktop/test2/libs/boost/libs/container_hash/include -I/Users/vinay/Desktop/test2/libs/boost/libs/context/include -I/Users/vinay/Desktop/test2/libs/boost/libs/contract/include -I/Users/vinay/Desktop/test2/libs/boost/libs/conversion/include -I/Users/vinay/Desktop/test2/libs/boost/libs/convert/include -I/Users/vinay/Desktop/test2/libs/boost/libs/core/include -I/Users/vinay/Desktop/test2/libs/boost/libs/coroutine/include -I/Users/vinay/Desktop/test2/libs/boost/libs/coroutine2/include -I/Users/vinay/Desktop/test2/libs/boost/libs/crc/include -I/Users/vinay/Desktop/test2/libs/boost/libs/date_time/include -I/Users/vinay/Desktop/test2/libs/boost/libs/describe/include -I/Users/vinay/Desktop/test2/libs/boost/libs/detail/include -I/Users/vinay/Desktop/test2/libs/boost/libs/dll/include -I/Users/vinay/Desktop/test2/libs/boost/libs/dynamic_bitset/include -I/Users/vinay/Desktop/test2/libs/boost/libs/endian/include -I/Users/vinay/Desktop/test2/libs/boost/libs/exception/include -I/Users/vinay/Desktop/test2/libs/boost/libs/fiber/include -I/Users/vinay/Desktop/test2/libs/boost/libs/filesystem/include -I/Users/vinay/Desktop/test2/libs/boost/libs/flyweight/include -I/Users/vinay/Desktop/test2/libs/boost/libs/foreach/include -I/Users/vinay/Desktop/test2/libs/boost/libs/format/include -I/Users/vinay/Desktop/test2/libs/boost/libs/function/include -I/Users/vinay/Desktop/test2/libs/boost/libs/function_types/include -I/Users/vinay/Desktop/test2/libs/boost/libs/functional/include -I/Users/vinay/Desktop/test2/libs/boost/libs/fusion/include -I/Users/vinay/Desktop/test2/libs/boost/libs/geometry/include -I/Users/vinay/Desktop/test2/libs/boost/libs/gil/include -I/Users/vinay/Desktop/test2/libs/boost/libs/graph/include -I/Users/vinay/Desktop/test2/libs/boost/libs/graph_parallel/include -I/Users/vinay/Desktop/test2/libs/boost/libs/hana/include -I/Users/vinay/Desktop/test2/libs/boost/libs/heap/include -I/Users/vinay/Desktop/test2/libs/boost/libs/histogram/include -I/Users/vinay/Desktop/test2/libs/boost/libs/hof/include -I/Users/vinay/Desktop/test2/libs/boost/libs/icl/include -I/Users/vinay/Desktop/test2/libs/boost/libs/integer/include -I/Users/vinay/Desktop/test2/libs/boost/libs/interprocess/include -I/Users/vinay/Desktop/test2/libs/boost/libs/intrusive/include -I/Users/vinay/Desktop/test2/libs/boost/libs/io/include -I/Users/vinay/Desktop/test2/libs/boost/libs/iostreams/include -I/Users/vinay/Desktop/test2/libs/boost/libs/iterator/include -I/Users/vinay/Desktop/test2/libs/boost/libs/json/include -I/Users/vinay/Desktop/test2/libs/boost/libs/lambda/include -I/Users/vinay/Desktop/test2/libs/boost/libs/lambda2/include -I/Users/vinay/Desktop/test2/libs/boost/libs/leaf/include -I/Users/vinay/Desktop/test2/libs/boost/libs/lexical_cast/include -I/Users/vinay/Desktop/test2/libs/boost/libs/local_function/include -I/Users/vinay/Desktop/test2/libs/boost/libs/locale/include -I/Users/vinay/Desktop/test2/libs/boost/libs/lockfree/include -I/Users/vinay/Desktop/test2/libs/boost/libs/log/include -I/Users/vinay/Desktop/test2/libs/boost/libs/logic/include -I/Users/vinay/Desktop/test2/libs/boost/libs/math/include -I/Users/vinay/Desktop/test2/libs/boost/libs/metaparse/include -I/Users/vinay/Desktop/test2/libs/boost/libs/move/include -I/Users/vinay/Desktop/test2/libs/boost/libs/mp11/include -I/Users/vinay/Desktop/test2/libs/boost/libs/mpi/include -I/Users/vinay/Desktop/test2/libs/boost/libs/mpl/include -I/Users/vinay/Desktop/test2/libs/boost/libs/msm/include -I/Users/vinay/Desktop/test2/libs/boost/libs/multi_array/include -I/Users/vinay/Desktop/test2/libs/boost/libs/multi_index/include -I/Users/vinay/Desktop/test2/libs/boost/libs/multiprecision/include -I/Users/vinay/Desktop/test2/libs/boost/libs/nowide/include -I/Users/vinay/Desktop/test2/libs/boost/libs/optional/include -I/Users/vinay/Desktop/test2/libs/boost/libs/outcome/include -I/Users/vinay/Desktop/test2/libs/boost/libs/parameter/include -I/Users/vinay/Desktop/test2/libs/boost/libs/parameter_python/include -I/Users/vinay/Desktop/test2/libs/boost/libs/pfr/include -I/Users/vinay/Desktop/test2/libs/boost/libs/phoenix/include -I/Users/vinay/Desktop/test2/libs/boost/libs/poly_collection/include -I/Users/vinay/Desktop/test2/libs/boost/libs/polygon/include -I/Users/vinay/Desktop/test2/libs/boost/libs/pool/include -I/Users/vinay/Desktop/test2/libs/boost/libs/predef/include -I/Users/vinay/Desktop/test2/libs/boost/libs/preprocessor/include -I/Users/vinay/Desktop/test2/libs/boost/libs/process/include -I/Users/vinay/Desktop/test2/libs/boost/libs/program_options/include -I/Users/vinay/Desktop/test2/libs/boost/libs/property_map/include -I/Users/vinay/Desktop/test2/libs/boost/libs/property_map_parallel/include -I/Users/vinay/Desktop/test2/libs/boost/libs/property_tree/include -I/Users/vinay/Desktop/test2/libs/boost/libs/proto/include -I/Users/vinay/Desktop/test2/libs/boost/libs/ptr_container/include -I/Users/vinay/Desktop/test2/libs/boost/libs/python/include -I/Users/vinay/Desktop/test2/libs/boost/libs/qvm/include -I/Users/vinay/Desktop/test2/libs/boost/libs/random/include -I/Users/vinay/Desktop/test2/libs/boost/libs/range/include -I/Users/vinay/Desktop/test2/libs/boost/libs/ratio/include -I/Users/vinay/Desktop/test2/libs/boost/libs/rational/include -I/Users/vinay/Desktop/test2/libs/boost/libs/regex/include -I/Users/vinay/Desktop/test2/libs/boost/libs/safe_numerics/include -I/Users/vinay/Desktop/test2/libs/boost/libs/scope_exit/include -I/Users/vinay/Desktop/test2/libs/boost/libs/serialization/include -I/Users/vinay/Desktop/test2/libs/boost/libs/signals2/include -I/Users/vinay/Desktop/test2/libs/boost/libs/smart_ptr/include -I/Users/vinay/Desktop/test2/libs/boost/libs/sort/include -I/Users/vinay/Desktop/test2/libs/boost/libs/spirit/include -I/Users/vinay/Desktop/test2/libs/boost/libs/stacktrace/include -I/Users/vinay/Desktop/test2/libs/boost/libs/statechart/include -I/Users/vinay/Desktop/test2/libs/boost/libs/static_assert/include -I/Users/vinay/Desktop/test2/libs/boost/libs/static_string/include -I/Users/vinay/Desktop/test2/libs/boost/libs/stl_interfaces/include -I/Users/vinay/Desktop/test2/libs/boost/libs/system/include -I/Users/vinay/Desktop/test2/libs/boost/libs/test/include -I/Users/vinay/Desktop/test2/libs/boost/libs/thread/include -I/Users/vinay/Desktop/test2/libs/boost/libs/throw_exception/include -I/Users/vinay/Desktop/test2/libs/boost/libs/timer/include -I/Users/vinay/Desktop/test2/libs/boost/libs/tokenizer/include -I/Users/vinay/Desktop/test2/libs/boost/libs/tti/include -I/Users/vinay/Desktop/test2/libs/boost/libs/tuple/include -I/Users/vinay/Desktop/test2/libs/boost/libs/type_erasure/include -I/Users/vinay/Desktop/test2/libs/boost/libs/type_index/include -I/Users/vinay/Desktop/test2/libs/boost/libs/type_traits/include -I/Users/vinay/Desktop/test2/libs/boost/libs/typeof/include -I/Users/vinay/Desktop/test2/libs/boost/libs/units/include -I/Users/vinay/Desktop/test2/libs/boost/libs/unordered/include -I/Users/vinay/Desktop/test2/libs/boost/libs/url/include -I/Users/vinay/Desktop/test2/libs/boost/libs/utility/include -I/Users/vinay/Desktop/test2/libs/boost/libs/uuid/include -I/Users/vinay/Desktop/test2/libs/boost/libs/variant/include -I/Users/vinay/Desktop/test2/libs/boost/libs/variant2/include -I/Users/vinay/Desktop/test2/libs/boost/libs/vmd/include -I/Users/vinay/Desktop/test2/libs/boost/libs/wave/include -I/Users/vinay/Desktop/test2/libs/boost/libs/winapi/include -I/Users/vinay/Desktop/test2/libs/boost/libs/xpressive/include -I/Users/vinay/Desktop/test2/libs/boost/libs/yap/include -arch arm64 -isysroot /Library/Developer/CommandLineTools/SDKs/MacOSX13.0.sdk -std=gnu++20 -MD -MT CMakeFiles/cmTC_51e91.dir/src.cxx.o -MF CMakeFiles/cmTC_51e91.dir/src.cxx.o.d -o CMakeFiles/cmTC_51e91.dir/src.cxx.o -c /Users/vinay/Desktop/test2/build/CMakeFiles/CMakeScratch/TryCompile-fMKoQE/src.cxx
In file included from /Users/vinay/Desktop/test2/build/CMakeFiles/CMakeScratch/TryCompile-fMKoQE/src.cxx:1:
/Users/vinay/Desktop/test2/libs/boost/libs/filesystem/config/has_posix_at_apis.cpp:25:35: error: use of undeclared identifier 'AT_NO_AUTOMOUNT'
    res |= fstatat(fd1, "y", &st, AT_NO_AUTOMOUNT | AT_SYMLINK_NOFOLLOW);
                                  ^
1 error generated.
make[1]: *** [CMakeFiles/cmTC_51e91.dir/src.cxx.o] Error 1
make: *** [cmTC_51e91/fast] Error 2


Source file was:
#include </Users/vinay/Desktop/test2/libs/boost/libs/filesystem/config/has_posix_at_apis.cpp>

Performing C++ SOURCE FILE Test BOOST_IOSTREAMS_HAS_LZMA_CPUTHREADS failed with the following output:
Change Dir: /Users/vinay/Desktop/test2/build/CMakeFiles/CMakeScratch/TryCompile-It0jWs

Run Build Command(s):/usr/bin/make -f Makefile cmTC_62fc4/fast && /Library/Developer/CommandLineTools/usr/bin/make  -f CMakeFiles/cmTC_62fc4.dir/build.make CMakeFiles/cmTC_62fc4.dir/build
Building CXX object CMakeFiles/cmTC_62fc4.dir/src.cxx.o
/Library/Developer/CommandLineTools/usr/bin/c++ -DBOOST_IOSTREAMS_HAS_LZMA_CPUTHREADS -I/Users/vinay/Desktop/test2/libs/boost/libs/iostreams/build -isystem /opt/homebrew/include -arch arm64 -isysroot /Library/Developer/CommandLineTools/SDKs/MacOSX13.0.sdk -std=gnu++20 -MD -MT CMakeFiles/cmTC_62fc4.dir/src.cxx.o -MF CMakeFiles/cmTC_62fc4.dir/src.cxx.o.d -o CMakeFiles/cmTC_62fc4.dir/src.cxx.o -c /Users/vinay/Desktop/test2/build/CMakeFiles/CMakeScratch/TryCompile-It0jWs/src.cxx
Linking CXX executable cmTC_62fc4
/opt/homebrew/Cellar/cmake/3.25.1/bin/cmake -E cmake_link_script CMakeFiles/cmTC_62fc4.dir/link.txt --verbose=1
/Library/Developer/CommandLineTools/usr/bin/c++  -arch arm64 -isysroot /Library/Developer/CommandLineTools/SDKs/MacOSX13.0.sdk -Wl,-search_paths_first -Wl,-headerpad_max_install_names CMakeFiles/cmTC_62fc4.dir/src.cxx.o -o cmTC_62fc4  /Library/Developer/CommandLineTools/SDKs/MacOSX13.0.sdk/usr/lib/liblzma.tbd 
Undefined symbols for architecture arm64:
  "_lzma_cputhreads", referenced from:
      _main in src.cxx.o
ld: symbol(s) not found for architecture arm64
clang: error: linker command failed with exit code 1 (use -v to see invocation)
make[1]: *** [cmTC_62fc4] Error 1
make: *** [cmTC_62fc4/fast] Error 2


Source file was:
#include "has_lzma_cputhreads.cpp"

Performing C SOURCE FILE Test Iconv_IS_BUILT_IN failed with the following output:
Change Dir: /Users/vinay/Desktop/test2/build/CMakeFiles/CMakeScratch/TryCompile-HVqphM

Run Build Command(s):/usr/bin/make -f Makefile cmTC_dd557/fast && /Library/Developer/CommandLineTools/usr/bin/make  -f CMakeFiles/cmTC_dd557.dir/build.make CMakeFiles/cmTC_dd557.dir/build
Building C object CMakeFiles/cmTC_dd557.dir/src.c.o
/Library/Developer/CommandLineTools/usr/bin/cc -DIconv_IS_BUILT_IN  -arch arm64 -isysroot /Library/Developer/CommandLineTools/SDKs/MacOSX13.0.sdk -MD -MT CMakeFiles/cmTC_dd557.dir/src.c.o -MF CMakeFiles/cmTC_dd557.dir/src.c.o.d -o CMakeFiles/cmTC_dd557.dir/src.c.o -c /Users/vinay/Desktop/test2/build/CMakeFiles/CMakeScratch/TryCompile-HVqphM/src.c
Linking C executable cmTC_dd557
/opt/homebrew/Cellar/cmake/3.25.1/bin/cmake -E cmake_link_script CMakeFiles/cmTC_dd557.dir/link.txt --verbose=1
/Library/Developer/CommandLineTools/usr/bin/cc  -arch arm64 -isysroot /Library/Developer/CommandLineTools/SDKs/MacOSX13.0.sdk -Wl,-search_paths_first -Wl,-headerpad_max_install_names CMakeFiles/cmTC_dd557.dir/src.c.o -o cmTC_dd557 
Undefined symbols for architecture arm64:
  "_iconv", referenced from:
      _main in src.c.o
  "_iconv_close", referenced from:
      _main in src.c.o
  "_iconv_open", referenced from:
      _main in src.c.o
ld: symbol(s) not found for architecture arm64
clang: error: linker command failed with exit code 1 (use -v to see invocation)
make[1]: *** [cmTC_dd557] Error 1
make: *** [cmTC_dd557/fast] Error 2


Source file was:

      #include <stddef.h>
      #include <iconv.h>
      int main() {
        char *a, *b;
        size_t i, j;
        iconv_t ic;
        ic = iconv_open("to", "from");
        iconv(ic, &a, &i, &b, &j);
        iconv_close(ic);
      }
      

Performing C++ SOURCE FILE Test BOOST_LOG_TARGET_X86 failed with the following output:
Change Dir: /Users/vinay/Desktop/test2/build/CMakeFiles/CMakeScratch/TryCompile-RVaF2b

Run Build Command(s):/usr/bin/make -f Makefile cmTC_adb06/fast && /Library/Developer/CommandLineTools/usr/bin/make  -f CMakeFiles/cmTC_adb06.dir/build.make CMakeFiles/cmTC_adb06.dir/build
Building CXX object CMakeFiles/cmTC_adb06.dir/src.cxx.o
/Library/Developer/CommandLineTools/usr/bin/c++ -DBOOST_LOG_TARGET_X86 -I/Users/vinay/Desktop/test2/libs/boost/libs/accumulators/include -I/Users/vinay/Desktop/test2/libs/boost/libs/algorithm/include -I/Users/vinay/Desktop/test2/libs/boost/libs/align/include -I/Users/vinay/Desktop/test2/libs/boost/libs/any/include -I/Users/vinay/Desktop/test2/libs/boost/libs/array/include -I/Users/vinay/Desktop/test2/libs/boost/libs/asio/include -I/Users/vinay/Desktop/test2/libs/boost/libs/assert/include -I/Users/vinay/Desktop/test2/libs/boost/libs/assign/include -I/Users/vinay/Desktop/test2/libs/boost/libs/atomic/include -I/Users/vinay/Desktop/test2/libs/boost/libs/beast/include -I/Users/vinay/Desktop/test2/libs/boost/libs/bimap/include -I/Users/vinay/Desktop/test2/libs/boost/libs/bind/include -I/Users/vinay/Desktop/test2/libs/boost/libs/callable_traits/include -I/Users/vinay/Desktop/test2/libs/boost/libs/chrono/include -I/Users/vinay/Desktop/test2/libs/boost/libs/circular_buffer/include -I/Users/vinay/Desktop/test2/libs/boost/libs/compatibility/include -I/Users/vinay/Desktop/test2/libs/boost/libs/compute/include -I/Users/vinay/Desktop/test2/libs/boost/libs/concept_check/include -I/Users/vinay/Desktop/test2/libs/boost/libs/config/include -I/Users/vinay/Desktop/test2/libs/boost/libs/container/include -I/Users/vinay/Desktop/test2/libs/boost/libs/container_hash/include -I/Users/vinay/Desktop/test2/libs/boost/libs/context/include -I/Users/vinay/Desktop/test2/libs/boost/libs/contract/include -I/Users/vinay/Desktop/test2/libs/boost/libs/conversion/include -I/Users/vinay/Desktop/test2/libs/boost/libs/convert/include -I/Users/vinay/Desktop/test2/libs/boost/libs/core/include -I/Users/vinay/Desktop/test2/libs/boost/libs/coroutine/include -I/Users/vinay/Desktop/test2/libs/boost/libs/coroutine2/include -I/Users/vinay/Desktop/test2/libs/boost/libs/crc/include -I/Users/vinay/Desktop/test2/libs/boost/libs/date_time/include -I/Users/vinay/Desktop/test2/libs/boost/libs/describe/include -I/Users/vinay/Desktop/test2/libs/boost/libs/detail/include -I/Users/vinay/Desktop/test2/libs/boost/libs/dll/include -I/Users/vinay/Desktop/test2/libs/boost/libs/dynamic_bitset/include -I/Users/vinay/Desktop/test2/libs/boost/libs/endian/include -I/Users/vinay/Desktop/test2/libs/boost/libs/exception/include -I/Users/vinay/Desktop/test2/libs/boost/libs/fiber/include -I/Users/vinay/Desktop/test2/libs/boost/libs/filesystem/include -I/Users/vinay/Desktop/test2/libs/boost/libs/flyweight/include -I/Users/vinay/Desktop/test2/libs/boost/libs/foreach/include -I/Users/vinay/Desktop/test2/libs/boost/libs/format/include -I/Users/vinay/Desktop/test2/libs/boost/libs/function/include -I/Users/vinay/Desktop/test2/libs/boost/libs/function_types/include -I/Users/vinay/Desktop/test2/libs/boost/libs/functional/include -I/Users/vinay/Desktop/test2/libs/boost/libs/fusion/include -I/Users/vinay/Desktop/test2/libs/boost/libs/geometry/include -I/Users/vinay/Desktop/test2/libs/boost/libs/gil/include -I/Users/vinay/Desktop/test2/libs/boost/libs/graph/include -I/Users/vinay/Desktop/test2/libs/boost/libs/graph_parallel/include -I/Users/vinay/Desktop/test2/libs/boost/libs/hana/include -I/Users/vinay/Desktop/test2/libs/boost/libs/heap/include -I/Users/vinay/Desktop/test2/libs/boost/libs/histogram/include -I/Users/vinay/Desktop/test2/libs/boost/libs/hof/include -I/Users/vinay/Desktop/test2/libs/boost/libs/icl/include -I/Users/vinay/Desktop/test2/libs/boost/libs/integer/include -I/Users/vinay/Desktop/test2/libs/boost/libs/interprocess/include -I/Users/vinay/Desktop/test2/libs/boost/libs/intrusive/include -I/Users/vinay/Desktop/test2/libs/boost/libs/io/include -I/Users/vinay/Desktop/test2/libs/boost/libs/iostreams/include -I/Users/vinay/Desktop/test2/libs/boost/libs/iterator/include -I/Users/vinay/Desktop/test2/libs/boost/libs/json/include -I/Users/vinay/Desktop/test2/libs/boost/libs/lambda/include -I/Users/vinay/Desktop/test2/libs/boost/libs/lambda2/include -I/Users/vinay/Desktop/test2/libs/boost/libs/leaf/include -I/Users/vinay/Desktop/test2/libs/boost/libs/lexical_cast/include -I/Users/vinay/Desktop/test2/libs/boost/libs/local_function/include -I/Users/vinay/Desktop/test2/libs/boost/libs/locale/include -I/Users/vinay/Desktop/test2/libs/boost/libs/lockfree/include -I/Users/vinay/Desktop/test2/libs/boost/libs/log/include -I/Users/vinay/Desktop/test2/libs/boost/libs/logic/include -I/Users/vinay/Desktop/test2/libs/boost/libs/math/include -I/Users/vinay/Desktop/test2/libs/boost/libs/metaparse/include -I/Users/vinay/Desktop/test2/libs/boost/libs/move/include -I/Users/vinay/Desktop/test2/libs/boost/libs/mp11/include -I/Users/vinay/Desktop/test2/libs/boost/libs/mpi/include -I/Users/vinay/Desktop/test2/libs/boost/libs/mpl/include -I/Users/vinay/Desktop/test2/libs/boost/libs/msm/include -I/Users/vinay/Desktop/test2/libs/boost/libs/multi_array/include -I/Users/vinay/Desktop/test2/libs/boost/libs/multi_index/include -I/Users/vinay/Desktop/test2/libs/boost/libs/multiprecision/include -I/Users/vinay/Desktop/test2/libs/boost/libs/nowide/include -I/Users/vinay/Desktop/test2/libs/boost/libs/optional/include -I/Users/vinay/Desktop/test2/libs/boost/libs/outcome/include -I/Users/vinay/Desktop/test2/libs/boost/libs/parameter/include -I/Users/vinay/Desktop/test2/libs/boost/libs/parameter_python/include -I/Users/vinay/Desktop/test2/libs/boost/libs/pfr/include -I/Users/vinay/Desktop/test2/libs/boost/libs/phoenix/include -I/Users/vinay/Desktop/test2/libs/boost/libs/poly_collection/include -I/Users/vinay/Desktop/test2/libs/boost/libs/polygon/include -I/Users/vinay/Desktop/test2/libs/boost/libs/pool/include -I/Users/vinay/Desktop/test2/libs/boost/libs/predef/include -I/Users/vinay/Desktop/test2/libs/boost/libs/preprocessor/include -I/Users/vinay/Desktop/test2/libs/boost/libs/process/include -I/Users/vinay/Desktop/test2/libs/boost/libs/program_options/include -I/Users/vinay/Desktop/test2/libs/boost/libs/property_map/include -I/Users/vinay/Desktop/test2/libs/boost/libs/property_map_parallel/include -I/Users/vinay/Desktop/test2/libs/boost/libs/property_tree/include -I/Users/vinay/Desktop/test2/libs/boost/libs/proto/include -I/Users/vinay/Desktop/test2/libs/boost/libs/ptr_container/include -I/Users/vinay/Desktop/test2/libs/boost/libs/python/include -I/Users/vinay/Desktop/test2/libs/boost/libs/qvm/include -I/Users/vinay/Desktop/test2/libs/boost/libs/random/include -I/Users/vinay/Desktop/test2/libs/boost/libs/range/include -I/Users/vinay/Desktop/test2/libs/boost/libs/ratio/include -I/Users/vinay/Desktop/test2/libs/boost/libs/rational/include -I/Users/vinay/Desktop/test2/libs/boost/libs/regex/include -I/Users/vinay/Desktop/test2/libs/boost/libs/safe_numerics/include -I/Users/vinay/Desktop/test2/libs/boost/libs/scope_exit/include -I/Users/vinay/Desktop/test2/libs/boost/libs/serialization/include -I/Users/vinay/Desktop/test2/libs/boost/libs/signals2/include -I/Users/vinay/Desktop/test2/libs/boost/libs/smart_ptr/include -I/Users/vinay/Desktop/test2/libs/boost/libs/sort/include -I/Users/vinay/Desktop/test2/libs/boost/libs/spirit/include -I/Users/vinay/Desktop/test2/libs/boost/libs/stacktrace/include -I/Users/vinay/Desktop/test2/libs/boost/libs/statechart/include -I/Users/vinay/Desktop/test2/libs/boost/libs/static_assert/include -I/Users/vinay/Desktop/test2/libs/boost/libs/static_string/include -I/Users/vinay/Desktop/test2/libs/boost/libs/stl_interfaces/include -I/Users/vinay/Desktop/test2/libs/boost/libs/system/include -I/Users/vinay/Desktop/test2/libs/boost/libs/test/include -I/Users/vinay/Desktop/test2/libs/boost/libs/thread/include -I/Users/vinay/Desktop/test2/libs/boost/libs/throw_exception/include -I/Users/vinay/Desktop/test2/libs/boost/libs/timer/include -I/Users/vinay/Desktop/test2/libs/boost/libs/tokenizer/include -I/Users/vinay/Desktop/test2/libs/boost/libs/tti/include -I/Users/vinay/Desktop/test2/libs/boost/libs/tuple/include -I/Users/vinay/Desktop/test2/libs/boost/libs/type_erasure/include -I/Users/vinay/Desktop/test2/libs/boost/libs/type_index/include -I/Users/vinay/Desktop/test2/libs/boost/libs/type_traits/include -I/Users/vinay/Desktop/test2/libs/boost/libs/typeof/include -I/Users/vinay/Desktop/test2/libs/boost/libs/units/include -I/Users/vinay/Desktop/test2/libs/boost/libs/unordered/include -I/Users/vinay/Desktop/test2/libs/boost/libs/url/include -I/Users/vinay/Desktop/test2/libs/boost/libs/utility/include -I/Users/vinay/Desktop/test2/libs/boost/libs/uuid/include -I/Users/vinay/Desktop/test2/libs/boost/libs/variant/include -I/Users/vinay/Desktop/test2/libs/boost/libs/variant2/include -I/Users/vinay/Desktop/test2/libs/boost/libs/vmd/include -I/Users/vinay/Desktop/test2/libs/boost/libs/wave/include -I/Users/vinay/Desktop/test2/libs/boost/libs/winapi/include -I/Users/vinay/Desktop/test2/libs/boost/libs/xpressive/include -I/Users/vinay/Desktop/test2/libs/boost/libs/yap/include -arch arm64 -isysroot /Library/Developer/CommandLineTools/SDKs/MacOSX13.0.sdk -std=gnu++20 -MD -MT CMakeFiles/cmTC_adb06.dir/src.cxx.o -MF CMakeFiles/cmTC_adb06.dir/src.cxx.o.d -o CMakeFiles/cmTC_adb06.dir/src.cxx.o -c /Users/vinay/Desktop/test2/build/CMakeFiles/CMakeScratch/TryCompile-RVaF2b/src.cxx
In file included from /Users/vinay/Desktop/test2/build/CMakeFiles/CMakeScratch/TryCompile-RVaF2b/src.cxx:1:
/Users/vinay/Desktop/test2/libs/boost/libs/log/../config/checks/architecture/x86.cpp:15:2: error: "Not x86"
#error "Not x86"
 ^
1 error generated.
make[1]: *** [CMakeFiles/cmTC_adb06.dir/src.cxx.o] Error 1
make: *** [cmTC_adb06/fast] Error 2


Source file was:
#include </Users/vinay/Desktop/test2/libs/boost/libs/log/../config/checks/architecture/x86.cpp>
int main() {}

Performing C++ SOURCE FILE Test BOOST_STACKTRACE_HAS_BACKTRACE failed with the following output:
Change Dir: /Users/vinay/Desktop/test2/build/CMakeFiles/CMakeScratch/TryCompile-jf0U7k

Run Build Command(s):/usr/bin/make -f Makefile cmTC_410f4/fast && /Library/Developer/CommandLineTools/usr/bin/make  -f CMakeFiles/cmTC_410f4.dir/build.make CMakeFiles/cmTC_410f4.dir/build
Building CXX object CMakeFiles/cmTC_410f4.dir/src.cxx.o
/Library/Developer/CommandLineTools/usr/bin/c++ -DBOOST_STACKTRACE_HAS_BACKTRACE -I/Users/vinay/Desktop/test2/libs/boost/libs/stacktrace/build -arch arm64 -isysroot /Library/Developer/CommandLineTools/SDKs/MacOSX13.0.sdk -std=gnu++20 -MD -MT CMakeFiles/cmTC_410f4.dir/src.cxx.o -MF CMakeFiles/cmTC_410f4.dir/src.cxx.o.d -o CMakeFiles/cmTC_410f4.dir/src.cxx.o -c /Users/vinay/Desktop/test2/build/CMakeFiles/CMakeScratch/TryCompile-jf0U7k/src.cxx
In file included from /Users/vinay/Desktop/test2/build/CMakeFiles/CMakeScratch/TryCompile-jf0U7k/src.cxx:1:
/Users/vinay/Desktop/test2/libs/boost/libs/stacktrace/build/has_backtrace.cpp:10:13: fatal error: 'backtrace.h' file not found
#   include <backtrace.h>
            ^~~~~~~~~~~~~
1 error generated.
make[1]: *** [CMakeFiles/cmTC_410f4.dir/src.cxx.o] Error 1
make: *** [cmTC_410f4/fast] Error 2


Source file was:
#include "has_backtrace.cpp"

Performing C++ SOURCE FILE Test BOOST_STACKTRACE_HAS_WINDBG failed with the following output:
Change Dir: /Users/vinay/Desktop/test2/build/CMakeFiles/CMakeScratch/TryCompile-uHIzvB

Run Build Command(s):/usr/bin/make -f Makefile cmTC_a3759/fast && /Library/Developer/CommandLineTools/usr/bin/make  -f CMakeFiles/cmTC_a3759.dir/build.make CMakeFiles/cmTC_a3759.dir/build
Building CXX object CMakeFiles/cmTC_a3759.dir/src.cxx.o
/Library/Developer/CommandLineTools/usr/bin/c++ -DBOOST_STACKTRACE_HAS_WINDBG -I/Users/vinay/Desktop/test2/libs/boost/libs/stacktrace/build -arch arm64 -isysroot /Library/Developer/CommandLineTools/SDKs/MacOSX13.0.sdk -std=gnu++20 -MD -MT CMakeFiles/cmTC_a3759.dir/src.cxx.o -MF CMakeFiles/cmTC_a3759.dir/src.cxx.o.d -o CMakeFiles/cmTC_a3759.dir/src.cxx.o -c /Users/vinay/Desktop/test2/build/CMakeFiles/CMakeScratch/TryCompile-uHIzvB/src.cxx
In file included from /Users/vinay/Desktop/test2/build/CMakeFiles/CMakeScratch/TryCompile-uHIzvB/src.cxx:1:
/Users/vinay/Desktop/test2/libs/boost/libs/stacktrace/build/has_windbg.cpp:8:10: fatal error: 'windows.h' file not found
#include <windows.h>
         ^~~~~~~~~~~
1 error generated.
make[1]: *** [CMakeFiles/cmTC_a3759.dir/src.cxx.o] Error 1
make: *** [cmTC_a3759/fast] Error 2


Source file was:
#include "has_windbg.cpp"

Performing C++ SOURCE FILE Test BOOST_STACKTRACE_HAS_WINDBG_CACHED failed with the following output:
Change Dir: /Users/vinay/Desktop/test2/build/CMakeFiles/CMakeScratch/TryCompile-roppIc

Run Build Command(s):/usr/bin/make -f Makefile cmTC_01c03/fast && /Library/Developer/CommandLineTools/usr/bin/make  -f CMakeFiles/cmTC_01c03.dir/build.make CMakeFiles/cmTC_01c03.dir/build
Building CXX object CMakeFiles/cmTC_01c03.dir/src.cxx.o
/Library/Developer/CommandLineTools/usr/bin/c++ -DBOOST_STACKTRACE_HAS_WINDBG_CACHED -I/Users/vinay/Desktop/test2/libs/boost/libs/stacktrace/../config/include -I/Users/vinay/Desktop/test2/libs/boost/libs/stacktrace/build -arch arm64 -isysroot /Library/Developer/CommandLineTools/SDKs/MacOSX13.0.sdk -std=gnu++20 -MD -MT CMakeFiles/cmTC_01c03.dir/src.cxx.o -MF CMakeFiles/cmTC_01c03.dir/src.cxx.o.d -o CMakeFiles/cmTC_01c03.dir/src.cxx.o -c /Users/vinay/Desktop/test2/build/CMakeFiles/CMakeScratch/TryCompile-roppIc/src.cxx
In file included from /Users/vinay/Desktop/test2/build/CMakeFiles/CMakeScratch/TryCompile-roppIc/src.cxx:1:
/Users/vinay/Desktop/test2/libs/boost/libs/stacktrace/build/has_windbg_cached.cpp:11:10: fatal error: 'windows.h' file not found
#include <windows.h>
         ^~~~~~~~~~~
1 error generated.
make[1]: *** [CMakeFiles/cmTC_01c03.dir/src.cxx.o] Error 1
make: *** [cmTC_01c03/fast] Error 2


Source file was:
#include "has_windbg_cached.cpp"

Performing C++ SOURCE FILE Test ICONV_SECOND_ARGUMENT_IS_CONST failed with the following output:
Change Dir: /Users/vinay/Desktop/test2/build/CMakeFiles/CMakeScratch/TryCompile-JaLQQa

Run Build Command(s):/usr/bin/make -f Makefile cmTC_4b595/fast && /Library/Developer/CommandLineTools/usr/bin/make  -f CMakeFiles/cmTC_4b595.dir/build.make CMakeFiles/cmTC_4b595.dir/build
Building CXX object CMakeFiles/cmTC_4b595.dir/src.cxx.o
/Library/Developer/CommandLineTools/usr/bin/c++ -DICONV_SECOND_ARGUMENT_IS_CONST  -arch arm64 -isysroot /Library/Developer/CommandLineTools/SDKs/MacOSX13.0.sdk -std=gnu++11 -MD -MT CMakeFiles/cmTC_4b595.dir/src.cxx.o -MF CMakeFiles/cmTC_4b595.dir/src.cxx.o.d -o CMakeFiles/cmTC_4b595.dir/src.cxx.o -c /Users/vinay/Desktop/test2/build/CMakeFiles/CMakeScratch/TryCompile-JaLQQa/src.cxx
/Users/vinay/Desktop/test2/build/CMakeFiles/CMakeScratch/TryCompile-JaLQQa/src.cxx:9:5: error: no matching function for call to 'iconv'
    iconv(conv, &in, &ilen, &out, &olen);
    ^~~~~
/Library/Developer/CommandLineTools/SDKs/MacOSX13.0.sdk/usr/include/iconv.h:75:39: note: candidate function not viable: no known conversion from 'const char **' to 'char **' for 2nd argument
extern __LIBICONV_DLL_EXPORTED size_t iconv (iconv_t __cd, char* * __restrict __inbuf, size_t * __restrict __inbytesleft, char* * __restrict __outbuf, size_t * __restrict __outbytesleft);
                                      ^
1 error generated.
make[1]: *** [CMakeFiles/cmTC_4b595.dir/src.cxx.o] Error 1
make: *** [cmTC_4b595/fast] Error 2


Source file was:

  #include <iconv.h>
  int main(){
    iconv_t conv = 0;
    const char* in = 0;
    size_t ilen = 0;
    char* out = 0;
    size_t olen = 0;
    iconv(conv, &in, &ilen, &out, &olen);
    return 0;
  }


Determining if the include file sys/soundcard.h exists failed with the following output:
Change Dir: /Users/vinay/Desktop/test2/build/CMakeFiles/CMakeScratch/TryCompile-e3OV8L

Run Build Command(s):/usr/bin/make -f Makefile cmTC_4d474/fast && /Library/Developer/CommandLineTools/usr/bin/make  -f CMakeFiles/cmTC_4d474.dir/build.make CMakeFiles/cmTC_4d474.dir/build
Building C object CMakeFiles/cmTC_4d474.dir/CheckIncludeFile.c.o
/Library/Developer/CommandLineTools/usr/bin/cc -D__BSD__ -D__DARWIN__ -D__UNIX__ -DwxUSE_UNIX  -arch arm64 -isysroot /Library/Developer/CommandLineTools/SDKs/MacOSX13.0.sdk -MD -MT CMakeFiles/cmTC_4d474.dir/CheckIncludeFile.c.o -MF CMakeFiles/cmTC_4d474.dir/CheckIncludeFile.c.o.d -o CMakeFiles/cmTC_4d474.dir/CheckIncludeFile.c.o -c /Users/vinay/Desktop/test2/build/CMakeFiles/CMakeScratch/TryCompile-e3OV8L/CheckIncludeFile.c
/Users/vinay/Desktop/test2/build/CMakeFiles/CMakeScratch/TryCompile-e3OV8L/CheckIncludeFile.c:1:10: fatal error: 'sys/soundcard.h' file not found
#include <sys/soundcard.h>
         ^~~~~~~~~~~~~~~~~
1 error generated.
make[1]: *** [CMakeFiles/cmTC_4d474.dir/CheckIncludeFile.c.o] Error 1
make: *** [cmTC_4d474/fast] Error 2



Determining if the gethostbyname_r exist failed with the following output:
Change Dir: /Users/vinay/Desktop/test2/build/CMakeFiles/CMakeScratch/TryCompile-khj8IL

Run Build Command(s):/usr/bin/make -f Makefile cmTC_692f5/fast && /Library/Developer/CommandLineTools/usr/bin/make  -f CMakeFiles/cmTC_692f5.dir/build.make CMakeFiles/cmTC_692f5.dir/build
Building C object CMakeFiles/cmTC_692f5.dir/CheckSymbolExists.c.o
/Library/Developer/CommandLineTools/usr/bin/cc -D__BSD__ -D__DARWIN__ -D__UNIX__ -DwxUSE_UNIX  -arch arm64 -isysroot /Library/Developer/CommandLineTools/SDKs/MacOSX13.0.sdk -MD -MT CMakeFiles/cmTC_692f5.dir/CheckSymbolExists.c.o -MF CMakeFiles/cmTC_692f5.dir/CheckSymbolExists.c.o.d -o CMakeFiles/cmTC_692f5.dir/CheckSymbolExists.c.o -c /Users/vinay/Desktop/test2/build/CMakeFiles/CMakeScratch/TryCompile-khj8IL/CheckSymbolExists.c
/Users/vinay/Desktop/test2/build/CMakeFiles/CMakeScratch/TryCompile-khj8IL/CheckSymbolExists.c:8:19: error: use of undeclared identifier 'gethostbyname_r'
  return ((int*)(&gethostbyname_r))[argc];
                  ^
1 error generated.
make[1]: *** [CMakeFiles/cmTC_692f5.dir/CheckSymbolExists.c.o] Error 1
make: *** [cmTC_692f5/fast] Error 2


File CheckSymbolExists.c:
/* */
#include <netdb.h>

int main(int argc, char** argv)
{
  (void)argv;
#ifndef gethostbyname_r
  return ((int*)(&gethostbyname_r))[argc];
#else
  (void)argc;
  return 0;
#endif
}
Performing C++ SOURCE FILE Test HAVE_ABI_FORCEDUNWIND failed with the following output:
Change Dir: /Users/vinay/Desktop/test2/build/CMakeFiles/CMakeScratch/TryCompile-d0dRlf

Run Build Command(s):/usr/bin/make -f Makefile cmTC_99f3c/fast && /Library/Developer/CommandLineTools/usr/bin/make  -f CMakeFiles/cmTC_99f3c.dir/build.make CMakeFiles/cmTC_99f3c.dir/build
Building CXX object CMakeFiles/cmTC_99f3c.dir/src.cxx.o
/Library/Developer/CommandLineTools/usr/bin/c++ -DHAVE_ABI_FORCEDUNWIND  -arch arm64 -isysroot /Library/Developer/CommandLineTools/SDKs/MacOSX13.0.sdk -std=gnu++11 -MD -MT CMakeFiles/cmTC_99f3c.dir/src.cxx.o -MF CMakeFiles/cmTC_99f3c.dir/src.cxx.o.d -o CMakeFiles/cmTC_99f3c.dir/src.cxx.o -c /Users/vinay/Desktop/test2/build/CMakeFiles/CMakeScratch/TryCompile-d0dRlf/src.cxx
/Users/vinay/Desktop/test2/build/CMakeFiles/CMakeScratch/TryCompile-d0dRlf/src.cxx:5:16: error: no type named '__forced_unwind' in namespace '__cxxabiv1'
 void foo(abi::__forced_unwind&);
          ~~~~~^
1 error generated.
make[1]: *** [CMakeFiles/cmTC_99f3c.dir/src.cxx.o] Error 1
make: *** [cmTC_99f3c/fast] Error 2


Source file was:
#include <cxxabi.h>


int main(int argc, char* argv[]) {
 void foo(abi::__forced_unwind&);
return 0; }

Performing C++ SOURCE FILE Test wxSIZE_T_IS_NOT_ULONG failed with the following output:
Change Dir: /Users/vinay/Desktop/test2/build/CMakeFiles/CMakeScratch/TryCompile-lqSKgT

Run Build Command(s):/usr/bin/make -f Makefile cmTC_b0e00/fast && /Library/Developer/CommandLineTools/usr/bin/make  -f CMakeFiles/cmTC_b0e00.dir/build.make CMakeFiles/cmTC_b0e00.dir/build
Building CXX object CMakeFiles/cmTC_b0e00.dir/src.cxx.o
/Library/Developer/CommandLineTools/usr/bin/c++ -D__BSD__ -D__DARWIN__ -D__UNIX__ -DwxSIZE_T_IS_NOT_ULONG -DwxUSE_UNIX  -arch arm64 -isysroot /Library/Developer/CommandLineTools/SDKs/MacOSX13.0.sdk -std=gnu++11 -MD -MT CMakeFiles/cmTC_b0e00.dir/src.cxx.o -MF CMakeFiles/cmTC_b0e00.dir/src.cxx.o.d -o CMakeFiles/cmTC_b0e00.dir/src.cxx.o -c /Users/vinay/Desktop/test2/build/CMakeFiles/CMakeScratch/TryCompile-lqSKgT/src.cxx
/Users/vinay/Desktop/test2/build/CMakeFiles/CMakeScratch/TryCompile-lqSKgT/src.cxx:7:49: error: class member cannot be redeclared
            struct Foo { void foo(size_t); void foo(unsigned long); };
                                                ^
/Users/vinay/Desktop/test2/build/CMakeFiles/CMakeScratch/TryCompile-lqSKgT/src.cxx:7:31: note: previous declaration is here
            struct Foo { void foo(size_t); void foo(unsigned long); };
                              ^
1 error generated.
make[1]: *** [CMakeFiles/cmTC_b0e00.dir/src.cxx.o] Error 1
make: *** [cmTC_b0e00/fast] Error 2


Source file was:
#include <stddef.h>


int main(int argc, char* argv[]) {
 return 0; }

            struct Foo { void foo(size_t); void foo(unsigned long); };

            int bar() {
return 0; }

Determining if the ftime exist failed with the following output:
Change Dir: /Users/vinay/Desktop/test2/build/CMakeFiles/CMakeScratch/TryCompile-mPhOos

Run Build Command(s):/usr/bin/make -f Makefile cmTC_edbca/fast && /Library/Developer/CommandLineTools/usr/bin/make  -f CMakeFiles/cmTC_edbca.dir/build.make CMakeFiles/cmTC_edbca.dir/build
Building C object CMakeFiles/cmTC_edbca.dir/CheckSymbolExists.c.o
/Library/Developer/CommandLineTools/usr/bin/cc -D__BSD__ -D__DARWIN__ -D__UNIX__ -DwxUSE_UNIX  -arch arm64 -isysroot /Library/Developer/CommandLineTools/SDKs/MacOSX13.0.sdk -MD -MT CMakeFiles/cmTC_edbca.dir/CheckSymbolExists.c.o -MF CMakeFiles/cmTC_edbca.dir/CheckSymbolExists.c.o.d -o CMakeFiles/cmTC_edbca.dir/CheckSymbolExists.c.o -c /Users/vinay/Desktop/test2/build/CMakeFiles/CMakeScratch/TryCompile-mPhOos/CheckSymbolExists.c
/Users/vinay/Desktop/test2/build/CMakeFiles/CMakeScratch/TryCompile-mPhOos/CheckSymbolExists.c:8:19: error: use of undeclared identifier 'ftime'
  return ((int*)(&ftime))[argc];
                  ^
1 error generated.
make[1]: *** [CMakeFiles/cmTC_edbca.dir/CheckSymbolExists.c.o] Error 1
make: *** [cmTC_edbca/fast] Error 2


File CheckSymbolExists.c:
/* */
#include <wchar.h>

int main(int argc, char** argv)
{
  (void)argv;
#ifndef ftime
  return ((int*)(&ftime))[argc];
#else
  (void)argc;
  return 0;
#endif
}
Determining if the putws exist failed with the following output:
Change Dir: /Users/vinay/Desktop/test2/build/CMakeFiles/CMakeScratch/TryCompile-ECmQ8a

Run Build Command(s):/usr/bin/make -f Makefile cmTC_d2022/fast && /Library/Developer/CommandLineTools/usr/bin/make  -f CMakeFiles/cmTC_d2022.dir/build.make CMakeFiles/cmTC_d2022.dir/build
Building C object CMakeFiles/cmTC_d2022.dir/CheckSymbolExists.c.o
/Library/Developer/CommandLineTools/usr/bin/cc -D__BSD__ -D__DARWIN__ -D__UNIX__ -DwxUSE_UNIX  -arch arm64 -isysroot /Library/Developer/CommandLineTools/SDKs/MacOSX13.0.sdk -MD -MT CMakeFiles/cmTC_d2022.dir/CheckSymbolExists.c.o -MF CMakeFiles/cmTC_d2022.dir/CheckSymbolExists.c.o.d -o CMakeFiles/cmTC_d2022.dir/CheckSymbolExists.c.o -c /Users/vinay/Desktop/test2/build/CMakeFiles/CMakeScratch/TryCompile-ECmQ8a/CheckSymbolExists.c
/Users/vinay/Desktop/test2/build/CMakeFiles/CMakeScratch/TryCompile-ECmQ8a/CheckSymbolExists.c:8:19: error: use of undeclared identifier 'putws'
  return ((int*)(&putws))[argc];
                  ^
1 error generated.
make[1]: *** [CMakeFiles/cmTC_d2022.dir/CheckSymbolExists.c.o] Error 1
make: *** [cmTC_d2022/fast] Error 2


File CheckSymbolExists.c:
/* */
#include <wchar.h>

int main(int argc, char** argv)
{
  (void)argv;
#ifndef putws
  return ((int*)(&putws))[argc];
#else
  (void)argc;
  return 0;
#endif
}
Determining if the wcsrctombs exist failed with the following output:
Change Dir: /Users/vinay/Desktop/test2/build/CMakeFiles/CMakeScratch/TryCompile-foUZbc

Run Build Command(s):/usr/bin/make -f Makefile cmTC_8742e/fast && /Library/Developer/CommandLineTools/usr/bin/make  -f CMakeFiles/cmTC_8742e.dir/build.make CMakeFiles/cmTC_8742e.dir/build
Building C object CMakeFiles/cmTC_8742e.dir/CheckSymbolExists.c.o
/Library/Developer/CommandLineTools/usr/bin/cc -D__BSD__ -D__DARWIN__ -D__UNIX__ -DwxUSE_UNIX  -arch arm64 -isysroot /Library/Developer/CommandLineTools/SDKs/MacOSX13.0.sdk -MD -MT CMakeFiles/cmTC_8742e.dir/CheckSymbolExists.c.o -MF CMakeFiles/cmTC_8742e.dir/CheckSymbolExists.c.o.d -o CMakeFiles/cmTC_8742e.dir/CheckSymbolExists.c.o -c /Users/vinay/Desktop/test2/build/CMakeFiles/CMakeScratch/TryCompile-foUZbc/CheckSymbolExists.c
/Users/vinay/Desktop/test2/build/CMakeFiles/CMakeScratch/TryCompile-foUZbc/CheckSymbolExists.c:8:19: error: use of undeclared identifier 'wcsrctombs'; did you mean 'wcsrtombs'?
  return ((int*)(&wcsrctombs))[argc];
                  ^~~~~~~~~~
                  wcsrtombs
/Library/Developer/CommandLineTools/SDKs/MacOSX13.0.sdk/usr/include/wchar.h:138:8: note: 'wcsrtombs' declared here
size_t  wcsrtombs(char * __restrict, const wchar_t ** __restrict, size_t,
        ^
1 error generated.
make[1]: *** [CMakeFiles/cmTC_8742e.dir/CheckSymbolExists.c.o] Error 1
make: *** [cmTC_8742e/fast] Error 2


File CheckSymbolExists.c:
/* */
#include <wchar.h>

int main(int argc, char** argv)
{
  (void)argv;
#ifndef wcsrctombs
  return ((int*)(&wcsrctombs))[argc];
#else
  (void)argc;
  return 0;
#endif
}
Determining if the include file wcstr.h exists failed with the following output:
Change Dir: /Users/vinay/Desktop/test2/build/CMakeFiles/CMakeScratch/TryCompile-uuxm2U

Run Build Command(s):/usr/bin/make -f Makefile cmTC_fd70c/fast && /Library/Developer/CommandLineTools/usr/bin/make  -f CMakeFiles/cmTC_fd70c.dir/build.make CMakeFiles/cmTC_fd70c.dir/build
Building C object CMakeFiles/cmTC_fd70c.dir/CheckIncludeFile.c.o
/Library/Developer/CommandLineTools/usr/bin/cc -D__BSD__ -D__DARWIN__ -D__UNIX__ -DwxUSE_UNIX  -arch arm64 -isysroot /Library/Developer/CommandLineTools/SDKs/MacOSX13.0.sdk -MD -MT CMakeFiles/cmTC_fd70c.dir/CheckIncludeFile.c.o -MF CMakeFiles/cmTC_fd70c.dir/CheckIncludeFile.c.o.d -o CMakeFiles/cmTC_fd70c.dir/CheckIncludeFile.c.o -c /Users/vinay/Desktop/test2/build/CMakeFiles/CMakeScratch/TryCompile-uuxm2U/CheckIncludeFile.c
/Users/vinay/Desktop/test2/build/CMakeFiles/CMakeScratch/TryCompile-uuxm2U/CheckIncludeFile.c:1:10: fatal error: 'wcstr.h' file not found
#include <wcstr.h>
         ^~~~~~~~~
1 error generated.
make[1]: *** [CMakeFiles/cmTC_fd70c.dir/CheckIncludeFile.c.o] Error 1
make: *** [cmTC_fd70c/fast] Error 2



Determining if the include file sys/inotify.h exists failed with the following output:
Change Dir: /Users/vinay/Desktop/test2/build/CMakeFiles/CMakeScratch/TryCompile-HtF2XW

Run Build Command(s):/usr/bin/make -f Makefile cmTC_fd27f/fast && /Library/Developer/CommandLineTools/usr/bin/make  -f CMakeFiles/cmTC_fd27f.dir/build.make CMakeFiles/cmTC_fd27f.dir/build
Building C object CMakeFiles/cmTC_fd27f.dir/CheckIncludeFile.c.o
/Library/Developer/CommandLineTools/usr/bin/cc -D__BSD__ -D__DARWIN__ -D__UNIX__ -DwxUSE_UNIX  -arch arm64 -isysroot /Library/Developer/CommandLineTools/SDKs/MacOSX13.0.sdk -MD -MT CMakeFiles/cmTC_fd27f.dir/CheckIncludeFile.c.o -MF CMakeFiles/cmTC_fd27f.dir/CheckIncludeFile.c.o.d -o CMakeFiles/cmTC_fd27f.dir/CheckIncludeFile.c.o -c /Users/vinay/Desktop/test2/build/CMakeFiles/CMakeScratch/TryCompile-HtF2XW/CheckIncludeFile.c
/Users/vinay/Desktop/test2/build/CMakeFiles/CMakeScratch/TryCompile-HtF2XW/CheckIncludeFile.c:1:10: fatal error: 'sys/inotify.h' file not found
#include <sys/inotify.h>
         ^~~~~~~~~~~~~~~
1 error generated.
make[1]: *** [CMakeFiles/cmTC_fd27f.dir/CheckIncludeFile.c.o] Error 1
make: *** [cmTC_fd27f/fast] Error 2



Determining if files sys/file.h;sys/ioctl.h;sys/resource.h;sys/socket.h;sys/stat.h;sys/time.h;sys/types.h;features.h exist failed with the following output:
Change Dir: /Users/vinay/Desktop/test2/build/CMakeFiles/CMakeScratch/TryCompile-tpCWDL

Run Build Command(s):/usr/bin/make -f Makefile cmTC_c57e4/fast && /Library/Developer/CommandLineTools/usr/bin/make  -f CMakeFiles/cmTC_c57e4.dir/build.make CMakeFiles/cmTC_c57e4.dir/build
Building C object CMakeFiles/cmTC_c57e4.dir/H5_HAVE_FEATURES_H.c.o
/Library/Developer/CommandLineTools/usr/bin/cc   -arch arm64 -isysroot /Library/Developer/CommandLineTools/SDKs/MacOSX13.0.sdk -MD -MT CMakeFiles/cmTC_c57e4.dir/H5_HAVE_FEATURES_H.c.o -MF CMakeFiles/cmTC_c57e4.dir/H5_HAVE_FEATURES_H.c.o.d -o CMakeFiles/cmTC_c57e4.dir/H5_HAVE_FEATURES_H.c.o -c /Users/vinay/Desktop/test2/build/CMakeFiles/CMakeScratch/TryCompile-tpCWDL/H5_HAVE_FEATURES_H.c
/Users/vinay/Desktop/test2/build/CMakeFiles/CMakeScratch/TryCompile-tpCWDL/H5_HAVE_FEATURES_H.c:9:10: fatal error: 'features.h' file not found
#include <features.h>
         ^~~~~~~~~~~~
1 error generated.
make[1]: *** [CMakeFiles/cmTC_c57e4.dir/H5_HAVE_FEATURES_H.c.o] Error 1
make: *** [cmTC_c57e4/fast] Error 2


Source:
/* */
#include <sys/file.h>
#include <sys/ioctl.h>
#include <sys/resource.h>
#include <sys/socket.h>
#include <sys/stat.h>
#include <sys/time.h>
#include <sys/types.h>
#include <features.h>


int main(void){return 0;}

Determining if files sys/file.h;sys/ioctl.h;sys/resource.h;sys/socket.h;sys/stat.h;sys/time.h;sys/types.h;dirent.h;setjmp.h;stddef.h;stdint.h;unistd.h;pwd.h;io.h exist failed with the following output:
Change Dir: /Users/vinay/Desktop/test2/build/CMakeFiles/CMakeScratch/TryCompile-c5roKZ

Run Build Command(s):/usr/bin/make -f Makefile cmTC_fbbdc/fast && /Library/Developer/CommandLineTools/usr/bin/make  -f CMakeFiles/cmTC_fbbdc.dir/build.make CMakeFiles/cmTC_fbbdc.dir/build
Building C object CMakeFiles/cmTC_fbbdc.dir/H5_HAVE_IO_H.c.o
/Library/Developer/CommandLineTools/usr/bin/cc   -arch arm64 -isysroot /Library/Developer/CommandLineTools/SDKs/MacOSX13.0.sdk -MD -MT CMakeFiles/cmTC_fbbdc.dir/H5_HAVE_IO_H.c.o -MF CMakeFiles/cmTC_fbbdc.dir/H5_HAVE_IO_H.c.o.d -o CMakeFiles/cmTC_fbbdc.dir/H5_HAVE_IO_H.c.o -c /Users/vinay/Desktop/test2/build/CMakeFiles/CMakeScratch/TryCompile-c5roKZ/H5_HAVE_IO_H.c
/Users/vinay/Desktop/test2/build/CMakeFiles/CMakeScratch/TryCompile-c5roKZ/H5_HAVE_IO_H.c:15:10: fatal error: 'io.h' file not found
#include <io.h>
         ^~~~~~
1 error generated.
make[1]: *** [CMakeFiles/cmTC_fbbdc.dir/H5_HAVE_IO_H.c.o] Error 1
make: *** [cmTC_fbbdc/fast] Error 2


Source:
/* */
#include <sys/file.h>
#include <sys/ioctl.h>
#include <sys/resource.h>
#include <sys/socket.h>
#include <sys/stat.h>
#include <sys/time.h>
#include <sys/types.h>
#include <dirent.h>
#include <setjmp.h>
#include <stddef.h>
#include <stdint.h>
#include <unistd.h>
#include <pwd.h>
#include <io.h>


int main(void){return 0;}

Determining if files sys/file.h;sys/ioctl.h;sys/resource.h;sys/socket.h;sys/stat.h;sys/time.h;sys/types.h;dirent.h;setjmp.h;stddef.h;stdint.h;unistd.h;pwd.h;winsock2.h exist failed with the following output:
Change Dir: /Users/vinay/Desktop/test2/build/CMakeFiles/CMakeScratch/TryCompile-UAV0RY

Run Build Command(s):/usr/bin/make -f Makefile cmTC_8fcf1/fast && /Library/Developer/CommandLineTools/usr/bin/make  -f CMakeFiles/cmTC_8fcf1.dir/build.make CMakeFiles/cmTC_8fcf1.dir/build
Building C object CMakeFiles/cmTC_8fcf1.dir/H5_HAVE_WINSOCK2_H.c.o
/Library/Developer/CommandLineTools/usr/bin/cc   -arch arm64 -isysroot /Library/Developer/CommandLineTools/SDKs/MacOSX13.0.sdk -MD -MT CMakeFiles/cmTC_8fcf1.dir/H5_HAVE_WINSOCK2_H.c.o -MF CMakeFiles/cmTC_8fcf1.dir/H5_HAVE_WINSOCK2_H.c.o.d -o CMakeFiles/cmTC_8fcf1.dir/H5_HAVE_WINSOCK2_H.c.o -c /Users/vinay/Desktop/test2/build/CMakeFiles/CMakeScratch/TryCompile-UAV0RY/H5_HAVE_WINSOCK2_H.c
/Users/vinay/Desktop/test2/build/CMakeFiles/CMakeScratch/TryCompile-UAV0RY/H5_HAVE_WINSOCK2_H.c:15:10: fatal error: 'winsock2.h' file not found
#include <winsock2.h>
         ^~~~~~~~~~~~
1 error generated.
make[1]: *** [CMakeFiles/cmTC_8fcf1.dir/H5_HAVE_WINSOCK2_H.c.o] Error 1
make: *** [cmTC_8fcf1/fast] Error 2


Source:
/* */
#include <sys/file.h>
#include <sys/ioctl.h>
#include <sys/resource.h>
#include <sys/socket.h>
#include <sys/stat.h>
#include <sys/time.h>
#include <sys/types.h>
#include <dirent.h>
#include <setjmp.h>
#include <stddef.h>
#include <stdint.h>
#include <unistd.h>
#include <pwd.h>
#include <winsock2.h>


int main(void){return 0;}

Determining if files sys/file.h;sys/ioctl.h;sys/resource.h;sys/socket.h;sys/stat.h;sys/time.h;sys/types.h;dirent.h;setjmp.h;stddef.h;stdint.h;unistd.h;pwd.h;globus/common.h exist failed with the following output:
Change Dir: /Users/vinay/Desktop/test2/build/CMakeFiles/CMakeScratch/TryCompile-b4pEXG

Run Build Command(s):/usr/bin/make -f Makefile cmTC_2193e/fast && /Library/Developer/CommandLineTools/usr/bin/make  -f CMakeFiles/cmTC_2193e.dir/build.make CMakeFiles/cmTC_2193e.dir/build
Building C object CMakeFiles/cmTC_2193e.dir/H5_HAVE_GLOBUS_COMMON_H.c.o
/Library/Developer/CommandLineTools/usr/bin/cc   -arch arm64 -isysroot /Library/Developer/CommandLineTools/SDKs/MacOSX13.0.sdk -MD -MT CMakeFiles/cmTC_2193e.dir/H5_HAVE_GLOBUS_COMMON_H.c.o -MF CMakeFiles/cmTC_2193e.dir/H5_HAVE_GLOBUS_COMMON_H.c.o.d -o CMakeFiles/cmTC_2193e.dir/H5_HAVE_GLOBUS_COMMON_H.c.o -c /Users/vinay/Desktop/test2/build/CMakeFiles/CMakeScratch/TryCompile-b4pEXG/H5_HAVE_GLOBUS_COMMON_H.c
/Users/vinay/Desktop/test2/build/CMakeFiles/CMakeScratch/TryCompile-b4pEXG/H5_HAVE_GLOBUS_COMMON_H.c:15:10: fatal error: 'globus/common.h' file not found
#include <globus/common.h>
         ^~~~~~~~~~~~~~~~~
1 error generated.
make[1]: *** [CMakeFiles/cmTC_2193e.dir/H5_HAVE_GLOBUS_COMMON_H.c.o] Error 1
make: *** [cmTC_2193e/fast] Error 2


Source:
/* */
#include <sys/file.h>
#include <sys/ioctl.h>
#include <sys/resource.h>
#include <sys/socket.h>
#include <sys/stat.h>
#include <sys/time.h>
#include <sys/types.h>
#include <dirent.h>
#include <setjmp.h>
#include <stddef.h>
#include <stdint.h>
#include <unistd.h>
#include <pwd.h>
#include <globus/common.h>


int main(void){return 0;}

Determining if files sys/file.h;sys/ioctl.h;sys/resource.h;sys/socket.h;sys/stat.h;sys/time.h;sys/types.h;dirent.h;setjmp.h;stddef.h;stdint.h;unistd.h;pwd.h;pdb.h exist failed with the following output:
Change Dir: /Users/vinay/Desktop/test2/build/CMakeFiles/CMakeScratch/TryCompile-jZGClm

Run Build Command(s):/usr/bin/make -f Makefile cmTC_7a185/fast && /Library/Developer/CommandLineTools/usr/bin/make  -f CMakeFiles/cmTC_7a185.dir/build.make CMakeFiles/cmTC_7a185.dir/build
Building C object CMakeFiles/cmTC_7a185.dir/H5_HAVE_PDB_H.c.o
/Library/Developer/CommandLineTools/usr/bin/cc   -arch arm64 -isysroot /Library/Developer/CommandLineTools/SDKs/MacOSX13.0.sdk -MD -MT CMakeFiles/cmTC_7a185.dir/H5_HAVE_PDB_H.c.o -MF CMakeFiles/cmTC_7a185.dir/H5_HAVE_PDB_H.c.o.d -o CMakeFiles/cmTC_7a185.dir/H5_HAVE_PDB_H.c.o -c /Users/vinay/Desktop/test2/build/CMakeFiles/CMakeScratch/TryCompile-jZGClm/H5_HAVE_PDB_H.c
/Users/vinay/Desktop/test2/build/CMakeFiles/CMakeScratch/TryCompile-jZGClm/H5_HAVE_PDB_H.c:15:10: fatal error: 'pdb.h' file not found
#include <pdb.h>
         ^~~~~~~
1 error generated.
make[1]: *** [CMakeFiles/cmTC_7a185.dir/H5_HAVE_PDB_H.c.o] Error 1
make: *** [cmTC_7a185/fast] Error 2


Source:
/* */
#include <sys/file.h>
#include <sys/ioctl.h>
#include <sys/resource.h>
#include <sys/socket.h>
#include <sys/stat.h>
#include <sys/time.h>
#include <sys/types.h>
#include <dirent.h>
#include <setjmp.h>
#include <stddef.h>
#include <stdint.h>
#include <unistd.h>
#include <pwd.h>
#include <pdb.h>


int main(void){return 0;}

Determining if files sys/file.h;sys/ioctl.h;sys/resource.h;sys/socket.h;sys/stat.h;sys/time.h;sys/types.h;dirent.h;setjmp.h;stddef.h;stdint.h;unistd.h;pwd.h;pthread.h;srbclient.h exist failed with the following output:
Change Dir: /Users/vinay/Desktop/test2/build/CMakeFiles/CMakeScratch/TryCompile-8eWVoP

Run Build Command(s):/usr/bin/make -f Makefile cmTC_a424f/fast && /Library/Developer/CommandLineTools/usr/bin/make  -f CMakeFiles/cmTC_a424f.dir/build.make CMakeFiles/cmTC_a424f.dir/build
Building C object CMakeFiles/cmTC_a424f.dir/H5_HAVE_SRBCLIENT_H.c.o
/Library/Developer/CommandLineTools/usr/bin/cc   -arch arm64 -isysroot /Library/Developer/CommandLineTools/SDKs/MacOSX13.0.sdk -MD -MT CMakeFiles/cmTC_a424f.dir/H5_HAVE_SRBCLIENT_H.c.o -MF CMakeFiles/cmTC_a424f.dir/H5_HAVE_SRBCLIENT_H.c.o.d -o CMakeFiles/cmTC_a424f.dir/H5_HAVE_SRBCLIENT_H.c.o -c /Users/vinay/Desktop/test2/build/CMakeFiles/CMakeScratch/TryCompile-8eWVoP/H5_HAVE_SRBCLIENT_H.c
/Users/vinay/Desktop/test2/build/CMakeFiles/CMakeScratch/TryCompile-8eWVoP/H5_HAVE_SRBCLIENT_H.c:16:10: fatal error: 'srbclient.h' file not found
#include <srbclient.h>
         ^~~~~~~~~~~~~
1 error generated.
make[1]: *** [CMakeFiles/cmTC_a424f.dir/H5_HAVE_SRBCLIENT_H.c.o] Error 1
make: *** [cmTC_a424f/fast] Error 2


Source:
/* */
#include <sys/file.h>
#include <sys/ioctl.h>
#include <sys/resource.h>
#include <sys/socket.h>
#include <sys/stat.h>
#include <sys/time.h>
#include <sys/types.h>
#include <dirent.h>
#include <setjmp.h>
#include <stddef.h>
#include <stdint.h>
#include <unistd.h>
#include <pwd.h>
#include <pthread.h>
#include <srbclient.h>


int main(void){return 0;}

Determining if files quadmath.h exist failed with the following output:
Change Dir: /Users/vinay/Desktop/test2/build/CMakeFiles/CMakeScratch/TryCompile-KjRg7O

Run Build Command(s):/usr/bin/make -f Makefile cmTC_ae417/fast && /Library/Developer/CommandLineTools/usr/bin/make  -f CMakeFiles/cmTC_ae417.dir/build.make CMakeFiles/cmTC_ae417.dir/build
Building C object CMakeFiles/cmTC_ae417.dir/C_HAVE_QUADMATH.c.o
/Library/Developer/CommandLineTools/usr/bin/cc   -arch arm64 -isysroot /Library/Developer/CommandLineTools/SDKs/MacOSX13.0.sdk -MD -MT CMakeFiles/cmTC_ae417.dir/C_HAVE_QUADMATH.c.o -MF CMakeFiles/cmTC_ae417.dir/C_HAVE_QUADMATH.c.o.d -o CMakeFiles/cmTC_ae417.dir/C_HAVE_QUADMATH.c.o -c /Users/vinay/Desktop/test2/build/CMakeFiles/CMakeScratch/TryCompile-KjRg7O/C_HAVE_QUADMATH.c
/Users/vinay/Desktop/test2/build/CMakeFiles/CMakeScratch/TryCompile-KjRg7O/C_HAVE_QUADMATH.c:2:10: fatal error: 'quadmath.h' file not found
#include <quadmath.h>
         ^~~~~~~~~~~~
1 error generated.
make[1]: *** [CMakeFiles/cmTC_ae417.dir/C_HAVE_QUADMATH.c.o] Error 1
make: *** [cmTC_ae417/fast] Error 2


Source:
/* */
#include <quadmath.h>


int main(void){return 0;}

Determining if the function WSAStartup exists in the ws2_32;m;dl failed with the following output:
Change Dir: /Users/vinay/Desktop/test2/build/CMakeFiles/CMakeScratch/TryCompile-fp9MyL

Run Build Command(s):/usr/bin/make -f Makefile cmTC_01e12/fast && /Library/Developer/CommandLineTools/usr/bin/make  -f CMakeFiles/cmTC_01e12.dir/build.make CMakeFiles/cmTC_01e12.dir/build
Building C object CMakeFiles/cmTC_01e12.dir/CheckFunctionExists.c.o
/Library/Developer/CommandLineTools/usr/bin/cc   -DCHECK_FUNCTION_EXISTS=WSAStartup -arch arm64 -isysroot /Library/Developer/CommandLineTools/SDKs/MacOSX13.0.sdk -MD -MT CMakeFiles/cmTC_01e12.dir/CheckFunctionExists.c.o -MF CMakeFiles/cmTC_01e12.dir/CheckFunctionExists.c.o.d -o CMakeFiles/cmTC_01e12.dir/CheckFunctionExists.c.o -c /Users/vinay/Desktop/test2/build/CMakeFiles/CMakeScratch/TryCompile-fp9MyL/CheckFunctionExists.c
Linking C executable cmTC_01e12
/opt/homebrew/Cellar/cmake/3.25.1/bin/cmake -E cmake_link_script CMakeFiles/cmTC_01e12.dir/link.txt --verbose=1
/Library/Developer/CommandLineTools/usr/bin/cc  -DCHECK_FUNCTION_EXISTS=WSAStartup -arch arm64 -isysroot /Library/Developer/CommandLineTools/SDKs/MacOSX13.0.sdk -Wl,-search_paths_first -Wl,-headerpad_max_install_names CMakeFiles/cmTC_01e12.dir/CheckFunctionExists.c.o -o cmTC_01e12  -lws2_32 -lm -ldl 
ld: library not found for -lws2_32
clang: error: linker command failed with exit code 1 (use -v to see invocation)
make[1]: *** [cmTC_01e12] Error 1
make: *** [cmTC_01e12/fast] Error 2



Determining if the function gethostbyname exists in the wsock32;m;dl failed with the following output:
Change Dir: /Users/vinay/Desktop/test2/build/CMakeFiles/CMakeScratch/TryCompile-j5GVhR

Run Build Command(s):/usr/bin/make -f Makefile cmTC_fa31a/fast && /Library/Developer/CommandLineTools/usr/bin/make  -f CMakeFiles/cmTC_fa31a.dir/build.make CMakeFiles/cmTC_fa31a.dir/build
Building C object CMakeFiles/cmTC_fa31a.dir/CheckFunctionExists.c.o
/Library/Developer/CommandLineTools/usr/bin/cc   -DCHECK_FUNCTION_EXISTS=gethostbyname -arch arm64 -isysroot /Library/Developer/CommandLineTools/SDKs/MacOSX13.0.sdk -MD -MT CMakeFiles/cmTC_fa31a.dir/CheckFunctionExists.c.o -MF CMakeFiles/cmTC_fa31a.dir/CheckFunctionExists.c.o.d -o CMakeFiles/cmTC_fa31a.dir/CheckFunctionExists.c.o -c /Users/vinay/Desktop/test2/build/CMakeFiles/CMakeScratch/TryCompile-j5GVhR/CheckFunctionExists.c
Linking C executable cmTC_fa31a
/opt/homebrew/Cellar/cmake/3.25.1/bin/cmake -E cmake_link_script CMakeFiles/cmTC_fa31a.dir/link.txt --verbose=1
/Library/Developer/CommandLineTools/usr/bin/cc  -DCHECK_FUNCTION_EXISTS=gethostbyname -arch arm64 -isysroot /Library/Developer/CommandLineTools/SDKs/MacOSX13.0.sdk -Wl,-search_paths_first -Wl,-headerpad_max_install_names CMakeFiles/cmTC_fa31a.dir/CheckFunctionExists.c.o -o cmTC_fa31a  -lwsock32 -lm -ldl 
ld: library not found for -lwsock32
clang: error: linker command failed with exit code 1 (use -v to see invocation)
make[1]: *** [cmTC_fa31a] Error 1
make: *** [cmTC_fa31a/fast] Error 2



Determining if the function gethostname exists in the ucb;m;dl failed with the following output:
Change Dir: /Users/vinay/Desktop/test2/build/CMakeFiles/CMakeScratch/TryCompile-jL36BM

Run Build Command(s):/usr/bin/make -f Makefile cmTC_3cb2b/fast && /Library/Developer/CommandLineTools/usr/bin/make  -f CMakeFiles/cmTC_3cb2b.dir/build.make CMakeFiles/cmTC_3cb2b.dir/build
Building C object CMakeFiles/cmTC_3cb2b.dir/CheckFunctionExists.c.o
/Library/Developer/CommandLineTools/usr/bin/cc   -DCHECK_FUNCTION_EXISTS=gethostname -arch arm64 -isysroot /Library/Developer/CommandLineTools/SDKs/MacOSX13.0.sdk -MD -MT CMakeFiles/cmTC_3cb2b.dir/CheckFunctionExists.c.o -MF CMakeFiles/cmTC_3cb2b.dir/CheckFunctionExists.c.o.d -o CMakeFiles/cmTC_3cb2b.dir/CheckFunctionExists.c.o -c /Users/vinay/Desktop/test2/build/CMakeFiles/CMakeScratch/TryCompile-jL36BM/CheckFunctionExists.c
Linking C executable cmTC_3cb2b
/opt/homebrew/Cellar/cmake/3.25.1/bin/cmake -E cmake_link_script CMakeFiles/cmTC_3cb2b.dir/link.txt --verbose=1
/Library/Developer/CommandLineTools/usr/bin/cc  -DCHECK_FUNCTION_EXISTS=gethostname -arch arm64 -isysroot /Library/Developer/CommandLineTools/SDKs/MacOSX13.0.sdk -Wl,-search_paths_first -Wl,-headerpad_max_install_names CMakeFiles/cmTC_3cb2b.dir/CheckFunctionExists.c.o -o cmTC_3cb2b  -lucb -lm -ldl 
ld: library not found for -lucb
clang: error: linker command failed with exit code 1 (use -v to see invocation)
make[1]: *** [cmTC_3cb2b] Error 1
make: *** [cmTC_3cb2b/fast] Error 2



Performing Other Test HAVE_OFF64_T failed with the following output:
Change Dir: /Users/vinay/Desktop/test2/build/CMakeFiles/CMakeTmp

Run Build Command(s):/usr/bin/make -f Makefile cmTC_8d886/fast && /Library/Developer/CommandLineTools/usr/bin/make  -f CMakeFiles/cmTC_8d886.dir/build.make CMakeFiles/cmTC_8d886.dir/build
Building C object CMakeFiles/cmTC_8d886.dir/HDFTests.c.o
/Library/Developer/CommandLineTools/usr/bin/cc   -arch arm64 -isysroot /Library/Developer/CommandLineTools/SDKs/MacOSX13.0.sdk   -DHAVE_OFF64_T  -DHAVE_SYS_TIME_H -DHAVE_UNISTD_H -DHAVE_SYS_TYPES_H -DHAVE_SYS_SOCKET_H -MD -MT CMakeFiles/cmTC_8d886.dir/HDFTests.c.o -MF CMakeFiles/cmTC_8d886.dir/HDFTests.c.o.d -o CMakeFiles/cmTC_8d886.dir/HDFTests.c.o -c /Users/vinay/Desktop/test2/libs/hdf5/config/cmake_ext_mod/HDFTests.c
/Users/vinay/Desktop/test2/libs/hdf5/config/cmake_ext_mod/HDFTests.c:260:3: error: unknown type name 'off64_t'; did you mean 'off_t'?
  off64_t n = 0;
  ^~~~~~~
  off_t
/Library/Developer/CommandLineTools/SDKs/MacOSX13.0.sdk/usr/include/sys/_types/_off_t.h:31:33: note: 'off_t' declared here
typedef __darwin_off_t          off_t;
                                ^
1 error generated.
make[1]: *** [CMakeFiles/cmTC_8d886.dir/HDFTests.c.o] Error 1
make: *** [cmTC_8d886/fast] Error 2


Performing C SOURCE FILE Test HAVE_STAT64_STRUCT failed with the following output:
Change Dir: /Users/vinay/Desktop/test2/build/CMakeFiles/CMakeScratch/TryCompile-O1liwt

Run Build Command(s):/usr/bin/make -f Makefile cmTC_ede82/fast && /Library/Developer/CommandLineTools/usr/bin/make  -f CMakeFiles/cmTC_ede82.dir/build.make CMakeFiles/cmTC_ede82.dir/build
Building C object CMakeFiles/cmTC_ede82.dir/src.c.o
/Library/Developer/CommandLineTools/usr/bin/cc -DHAVE_STAT64_STRUCT  -arch arm64 -isysroot /Library/Developer/CommandLineTools/SDKs/MacOSX13.0.sdk -MD -MT CMakeFiles/cmTC_ede82.dir/src.c.o -MF CMakeFiles/cmTC_ede82.dir/src.c.o.d -o CMakeFiles/cmTC_ede82.dir/src.c.o -c /Users/vinay/Desktop/test2/build/CMakeFiles/CMakeScratch/TryCompile-O1liwt/src.c
/Users/vinay/Desktop/test2/build/CMakeFiles/CMakeScratch/TryCompile-O1liwt/src.c:7:36: error: incomplete definition of type 'struct stat64'
  (void)sizeof(((struct stat64 *)0)->st_blocks);
               ~~~~~~~~~~~~~~~~~~~~^
/Users/vinay/Desktop/test2/build/CMakeFiles/CMakeScratch/TryCompile-O1liwt/src.c:7:25: note: forward declaration of 'struct stat64'
  (void)sizeof(((struct stat64 *)0)->st_blocks);
                        ^
1 error generated.
make[1]: *** [CMakeFiles/cmTC_ede82.dir/src.c.o] Error 1
make: *** [cmTC_ede82/fast] Error 2


Source file was:

#include <sys/types.h>
#include <sys/stat.h>

int main()
{
  (void)sizeof(((struct stat64 *)0)->st_blocks);
  return 0;
}


Determining size of __int64 failed with the following output:
Change Dir: /Users/vinay/Desktop/test2/build/CMakeFiles/CMakeScratch/TryCompile-Pq7KJ1

Run Build Command(s):/usr/bin/make -f Makefile cmTC_2ce4e/fast && /Library/Developer/CommandLineTools/usr/bin/make  -f CMakeFiles/cmTC_2ce4e.dir/build.make CMakeFiles/cmTC_2ce4e.dir/build
Building C object CMakeFiles/cmTC_2ce4e.dir/H5_SIZEOF___INT64.c.o
/Library/Developer/CommandLineTools/usr/bin/cc   -arch arm64 -isysroot /Library/Developer/CommandLineTools/SDKs/MacOSX13.0.sdk -MD -MT CMakeFiles/cmTC_2ce4e.dir/H5_SIZEOF___INT64.c.o -MF CMakeFiles/cmTC_2ce4e.dir/H5_SIZEOF___INT64.c.o.d -o CMakeFiles/cmTC_2ce4e.dir/H5_SIZEOF___INT64.c.o -c /Users/vinay/Desktop/test2/build/CMakeFiles/CMakeScratch/TryCompile-Pq7KJ1/H5_SIZEOF___INT64.c
/Users/vinay/Desktop/test2/build/CMakeFiles/CMakeScratch/TryCompile-Pq7KJ1/H5_SIZEOF___INT64.c:29:12: error: use of undeclared identifier '__int64'
  ('0' + ((SIZE / 10000)%10)),
           ^
/Users/vinay/Desktop/test2/build/CMakeFiles/CMakeScratch/TryCompile-Pq7KJ1/H5_SIZEOF___INT64.c:27:22: note: expanded from macro 'SIZE'
#define SIZE (sizeof(__int64))
                     ^
/Users/vinay/Desktop/test2/build/CMakeFiles/CMakeScratch/TryCompile-Pq7KJ1/H5_SIZEOF___INT64.c:30:12: error: use of undeclared identifier '__int64'
  ('0' + ((SIZE / 1000)%10)),
           ^
/Users/vinay/Desktop/test2/build/CMakeFiles/CMakeScratch/TryCompile-Pq7KJ1/H5_SIZEOF___INT64.c:27:22: note: expanded from macro 'SIZE'
#define SIZE (sizeof(__int64))
                     ^
/Users/vinay/Desktop/test2/build/CMakeFiles/CMakeScratch/TryCompile-Pq7KJ1/H5_SIZEOF___INT64.c:31:12: error: use of undeclared identifier '__int64'
  ('0' + ((SIZE / 100)%10)),
           ^
/Users/vinay/Desktop/test2/build/CMakeFiles/CMakeScratch/TryCompile-Pq7KJ1/H5_SIZEOF___INT64.c:27:22: note: expanded from macro 'SIZE'
#define SIZE (sizeof(__int64))
                     ^
/Users/vinay/Desktop/test2/build/CMakeFiles/CMakeScratch/TryCompile-Pq7KJ1/H5_SIZEOF___INT64.c:32:12: error: use of undeclared identifier '__int64'
  ('0' + ((SIZE / 10)%10)),
           ^
/Users/vinay/Desktop/test2/build/CMakeFiles/CMakeScratch/TryCompile-Pq7KJ1/H5_SIZEOF___INT64.c:27:22: note: expanded from macro 'SIZE'
#define SIZE (sizeof(__int64))
                     ^
/Users/vinay/Desktop/test2/build/CMakeFiles/CMakeScratch/TryCompile-Pq7KJ1/H5_SIZEOF___INT64.c:33:12: error: use of undeclared identifier '__int64'
  ('0' +  (SIZE    % 10)),
           ^
/Users/vinay/Desktop/test2/build/CMakeFiles/CMakeScratch/TryCompile-Pq7KJ1/H5_SIZEOF___INT64.c:27:22: note: expanded from macro 'SIZE'
#define SIZE (sizeof(__int64))
                     ^
5 errors generated.
make[1]: *** [CMakeFiles/cmTC_2ce4e.dir/H5_SIZEOF___INT64.c.o] Error 1
make: *** [cmTC_2ce4e/fast] Error 2


H5_SIZEOF___INT64.c:
#include <sys/types.h>
#include <stdint.h>
#include <stddef.h>


#undef KEY
#if defined(__i386)
# define KEY '_','_','i','3','8','6'
#elif defined(__x86_64)
# define KEY '_','_','x','8','6','_','6','4'
#elif defined(__PPC64__)
# define KEY '_','_','P','P','C','6','4','_','_'
#elif defined(__ppc64__)
# define KEY '_','_','p','p','c','6','4','_','_'
#elif defined(__PPC__)
# define KEY '_','_','P','P','C','_','_'
#elif defined(__ppc__)
# define KEY '_','_','p','p','c','_','_'
#elif defined(__aarch64__)
# define KEY '_','_','a','a','r','c','h','6','4','_','_'
#elif defined(__ARM_ARCH_7A__)
# define KEY '_','_','A','R','M','_','A','R','C','H','_','7','A','_','_'
#elif defined(__ARM_ARCH_7S__)
# define KEY '_','_','A','R','M','_','A','R','C','H','_','7','S','_','_'
#endif

#define SIZE (sizeof(__int64))
static char info_size[] =  {'I', 'N', 'F', 'O', ':', 's','i','z','e','[',
  ('0' + ((SIZE / 10000)%10)),
  ('0' + ((SIZE / 1000)%10)),
  ('0' + ((SIZE / 100)%10)),
  ('0' + ((SIZE / 10)%10)),
  ('0' +  (SIZE    % 10)),
  ']',
#ifdef KEY
  ' ','k','e','y','[', KEY, ']',
#endif
  '\0'};

#ifdef __CLASSIC_C__
int main(argc, argv) int argc; char *argv[];
#else
int main(int argc, char *argv[])
#endif
{
  int require = 0;
  require += info_size[argc];
  (void)argv;
  return require;
}


Determining size of off64_t failed with the following output:
Change Dir: /Users/vinay/Desktop/test2/build/CMakeFiles/CMakeScratch/TryCompile-dXfp0b

Run Build Command(s):/usr/bin/make -f Makefile cmTC_d67bd/fast && /Library/Developer/CommandLineTools/usr/bin/make  -f CMakeFiles/cmTC_d67bd.dir/build.make CMakeFiles/cmTC_d67bd.dir/build
Building C object CMakeFiles/cmTC_d67bd.dir/H5_SIZEOF_OFF64_T.c.o
/Library/Developer/CommandLineTools/usr/bin/cc   -arch arm64 -isysroot /Library/Developer/CommandLineTools/SDKs/MacOSX13.0.sdk -MD -MT CMakeFiles/cmTC_d67bd.dir/H5_SIZEOF_OFF64_T.c.o -MF CMakeFiles/cmTC_d67bd.dir/H5_SIZEOF_OFF64_T.c.o.d -o CMakeFiles/cmTC_d67bd.dir/H5_SIZEOF_OFF64_T.c.o -c /Users/vinay/Desktop/test2/build/CMakeFiles/CMakeScratch/TryCompile-dXfp0b/H5_SIZEOF_OFF64_T.c
/Users/vinay/Desktop/test2/build/CMakeFiles/CMakeScratch/TryCompile-dXfp0b/H5_SIZEOF_OFF64_T.c:29:12: error: use of undeclared identifier 'off64_t'
  ('0' + ((SIZE / 10000)%10)),
           ^
/Users/vinay/Desktop/test2/build/CMakeFiles/CMakeScratch/TryCompile-dXfp0b/H5_SIZEOF_OFF64_T.c:27:22: note: expanded from macro 'SIZE'
#define SIZE (sizeof(off64_t))
                     ^
/Users/vinay/Desktop/test2/build/CMakeFiles/CMakeScratch/TryCompile-dXfp0b/H5_SIZEOF_OFF64_T.c:30:12: error: use of undeclared identifier 'off64_t'
  ('0' + ((SIZE / 1000)%10)),
           ^
/Users/vinay/Desktop/test2/build/CMakeFiles/CMakeScratch/TryCompile-dXfp0b/H5_SIZEOF_OFF64_T.c:27:22: note: expanded from macro 'SIZE'
#define SIZE (sizeof(off64_t))
                     ^
/Users/vinay/Desktop/test2/build/CMakeFiles/CMakeScratch/TryCompile-dXfp0b/H5_SIZEOF_OFF64_T.c:31:12: error: use of undeclared identifier 'off64_t'
  ('0' + ((SIZE / 100)%10)),
           ^
/Users/vinay/Desktop/test2/build/CMakeFiles/CMakeScratch/TryCompile-dXfp0b/H5_SIZEOF_OFF64_T.c:27:22: note: expanded from macro 'SIZE'
#define SIZE (sizeof(off64_t))
                     ^
/Users/vinay/Desktop/test2/build/CMakeFiles/CMakeScratch/TryCompile-dXfp0b/H5_SIZEOF_OFF64_T.c:32:12: error: use of undeclared identifier 'off64_t'
  ('0' + ((SIZE / 10)%10)),
           ^
/Users/vinay/Desktop/test2/build/CMakeFiles/CMakeScratch/TryCompile-dXfp0b/H5_SIZEOF_OFF64_T.c:27:22: note: expanded from macro 'SIZE'
#define SIZE (sizeof(off64_t))
                     ^
/Users/vinay/Desktop/test2/build/CMakeFiles/CMakeScratch/TryCompile-dXfp0b/H5_SIZEOF_OFF64_T.c:33:12: error: use of undeclared identifier 'off64_t'
  ('0' +  (SIZE    % 10)),
           ^
/Users/vinay/Desktop/test2/build/CMakeFiles/CMakeScratch/TryCompile-dXfp0b/H5_SIZEOF_OFF64_T.c:27:22: note: expanded from macro 'SIZE'
#define SIZE (sizeof(off64_t))
                     ^
5 errors generated.
make[1]: *** [CMakeFiles/cmTC_d67bd.dir/H5_SIZEOF_OFF64_T.c.o] Error 1
make: *** [cmTC_d67bd/fast] Error 2


H5_SIZEOF_OFF64_T.c:
#include <sys/types.h>
#include <stdint.h>
#include <stddef.h>


#undef KEY
#if defined(__i386)
# define KEY '_','_','i','3','8','6'
#elif defined(__x86_64)
# define KEY '_','_','x','8','6','_','6','4'
#elif defined(__PPC64__)
# define KEY '_','_','P','P','C','6','4','_','_'
#elif defined(__ppc64__)
# define KEY '_','_','p','p','c','6','4','_','_'
#elif defined(__PPC__)
# define KEY '_','_','P','P','C','_','_'
#elif defined(__ppc__)
# define KEY '_','_','p','p','c','_','_'
#elif defined(__aarch64__)
# define KEY '_','_','a','a','r','c','h','6','4','_','_'
#elif defined(__ARM_ARCH_7A__)
# define KEY '_','_','A','R','M','_','A','R','C','H','_','7','A','_','_'
#elif defined(__ARM_ARCH_7S__)
# define KEY '_','_','A','R','M','_','A','R','C','H','_','7','S','_','_'
#endif

#define SIZE (sizeof(off64_t))
static char info_size[] =  {'I', 'N', 'F', 'O', ':', 's','i','z','e','[',
  ('0' + ((SIZE / 10000)%10)),
  ('0' + ((SIZE / 1000)%10)),
  ('0' + ((SIZE / 100)%10)),
  ('0' + ((SIZE / 10)%10)),
  ('0' +  (SIZE    % 10)),
  ']',
#ifdef KEY
  ' ','k','e','y','[', KEY, ']',
#endif
  '\0'};

#ifdef __CLASSIC_C__
int main(argc, argv) int argc; char *argv[];
#else
int main(int argc, char *argv[])
#endif
{
  int require = 0;
  require += info_size[argc];
  (void)argv;
  return require;
}


Determining if the variable CLOCK_MONOTONIC exists failed with the following output:
Change Dir: /Users/vinay/Desktop/test2/build/CMakeFiles/CMakeScratch/TryCompile-PWdw2L

Run Build Command(s):/usr/bin/make -f Makefile cmTC_39c41/fast && /Library/Developer/CommandLineTools/usr/bin/make  -f CMakeFiles/cmTC_39c41.dir/build.make CMakeFiles/cmTC_39c41.dir/build
Building C object CMakeFiles/cmTC_39c41.dir/CheckVariableExists.c.o
/Library/Developer/CommandLineTools/usr/bin/cc   -DCHECK_VARIABLE_EXISTS=CLOCK_MONOTONIC -arch arm64 -isysroot /Library/Developer/CommandLineTools/SDKs/MacOSX13.0.sdk -MD -MT CMakeFiles/cmTC_39c41.dir/CheckVariableExists.c.o -MF CMakeFiles/cmTC_39c41.dir/CheckVariableExists.c.o.d -o CMakeFiles/cmTC_39c41.dir/CheckVariableExists.c.o -c /opt/homebrew/Cellar/cmake/3.25.1/share/cmake/Modules/CheckVariableExists.c
Linking C executable cmTC_39c41
/opt/homebrew/Cellar/cmake/3.25.1/bin/cmake -E cmake_link_script CMakeFiles/cmTC_39c41.dir/link.txt --verbose=1
/Library/Developer/CommandLineTools/usr/bin/cc  -DCHECK_VARIABLE_EXISTS=CLOCK_MONOTONIC -arch arm64 -isysroot /Library/Developer/CommandLineTools/SDKs/MacOSX13.0.sdk -Wl,-search_paths_first -Wl,-headerpad_max_install_names CMakeFiles/cmTC_39c41.dir/CheckVariableExists.c.o -o cmTC_39c41 
Undefined symbols for architecture arm64:
  "_CLOCK_MONOTONIC", referenced from:
      _main in CheckVariableExists.c.o
ld: symbol(s) not found for architecture arm64
clang: error: linker command failed with exit code 1 (use -v to see invocation)
make[1]: *** [cmTC_39c41] Error 1
make: *** [cmTC_39c41/fast] Error 2



Performing C SOURCE FILE Test H5_HAVE___TM_GMTOFF failed with the following output:
Change Dir: /Users/vinay/Desktop/test2/build/CMakeFiles/CMakeScratch/TryCompile-zUWhfa

Run Build Command(s):/usr/bin/make -f Makefile cmTC_96be8/fast && /Library/Developer/CommandLineTools/usr/bin/make  -f CMakeFiles/cmTC_96be8.dir/build.make CMakeFiles/cmTC_96be8.dir/build
Building C object CMakeFiles/cmTC_96be8.dir/src.c.o
/Library/Developer/CommandLineTools/usr/bin/cc -DH5_HAVE___TM_GMTOFF  -arch arm64 -isysroot /Library/Developer/CommandLineTools/SDKs/MacOSX13.0.sdk -MD -MT CMakeFiles/cmTC_96be8.dir/src.c.o -MF CMakeFiles/cmTC_96be8.dir/src.c.o.d -o CMakeFiles/cmTC_96be8.dir/src.c.o -c /Users/vinay/Desktop/test2/build/CMakeFiles/CMakeScratch/TryCompile-zUWhfa/src.c
/Users/vinay/Desktop/test2/build/CMakeFiles/CMakeScratch/TryCompile-zUWhfa/src.c:6:34: error: no member named '__tm_gmtoff' in 'struct tm'; did you mean 'tm_gmtoff'?
  (void)sizeof(((struct tm *)0)->__tm_gmtoff);
                                 ^~~~~~~~~~~
                                 tm_gmtoff
/Library/Developer/CommandLineTools/SDKs/MacOSX13.0.sdk/usr/include/time.h:85:7: note: 'tm_gmtoff' declared here
        long    tm_gmtoff;      /* offset from UTC in seconds */
                ^
1 error generated.
make[1]: *** [CMakeFiles/cmTC_96be8.dir/src.c.o] Error 1
make: *** [cmTC_96be8/fast] Error 2


Source file was:

#include <time.h>

int main()
{
  (void)sizeof(((struct tm *)0)->__tm_gmtoff);
  return 0;
}


Performing C SOURCE FILE Test H5_HAVE_STRUCT_TIMEZONE failed with the following output:
Change Dir: /Users/vinay/Desktop/test2/build/CMakeFiles/CMakeScratch/TryCompile-YFf1am

Run Build Command(s):/usr/bin/make -f Makefile cmTC_89ed3/fast && /Library/Developer/CommandLineTools/usr/bin/make  -f CMakeFiles/cmTC_89ed3.dir/build.make CMakeFiles/cmTC_89ed3.dir/build
Building C object CMakeFiles/cmTC_89ed3.dir/src.c.o
/Library/Developer/CommandLineTools/usr/bin/cc -DH5_HAVE_STRUCT_TIMEZONE  -arch arm64 -isysroot /Library/Developer/CommandLineTools/SDKs/MacOSX13.0.sdk -MD -MT CMakeFiles/cmTC_89ed3.dir/src.c.o -MF CMakeFiles/cmTC_89ed3.dir/src.c.o.d -o CMakeFiles/cmTC_89ed3.dir/src.c.o -c /Users/vinay/Desktop/test2/build/CMakeFiles/CMakeScratch/TryCompile-YFf1am/src.c
/Users/vinay/Desktop/test2/build/CMakeFiles/CMakeScratch/TryCompile-YFf1am/src.c:8:34: error: no member named 'tz_minuteswest' in 'struct tm'
  (void)sizeof(((struct tm *)0)->tz_minuteswest);
               ~~~~~~~~~~~~~~~~  ^
1 error generated.
make[1]: *** [CMakeFiles/cmTC_89ed3.dir/src.c.o] Error 1
make: *** [cmTC_89ed3/fast] Error 2


Source file was:

#include <sys/types.h>
#include <sys/time.h>
#include <time.h>

int main()
{
  (void)sizeof(((struct tm *)0)->tz_minuteswest);
  return 0;
}


Performing Other Test HAVE_TM_ZONE failed with the following output:
Change Dir: /Users/vinay/Desktop/test2/build/CMakeFiles/CMakeTmp

Run Build Command(s):/usr/bin/make -f Makefile cmTC_7996e/fast && /Library/Developer/CommandLineTools/usr/bin/make  -f CMakeFiles/cmTC_7996e.dir/build.make CMakeFiles/cmTC_7996e.dir/build
Building C object CMakeFiles/cmTC_7996e.dir/HDFTests.c.o
/Library/Developer/CommandLineTools/usr/bin/cc   -arch arm64 -isysroot /Library/Developer/CommandLineTools/SDKs/MacOSX13.0.sdk   -DHAVE_TM_ZONE  -DHAVE_SYS_TIME_H -DHAVE_UNISTD_H -DHAVE_SYS_TYPES_H -DHAVE_SYS_SOCKET_H -MD -MT CMakeFiles/cmTC_7996e.dir/HDFTests.c.o -MF CMakeFiles/cmTC_7996e.dir/HDFTests.c.o.d -o CMakeFiles/cmTC_7996e.dir/HDFTests.c.o -c /Users/vinay/Desktop/test2/libs/hdf5/config/cmake_ext_mod/HDFTests.c
Linking C executable cmTC_7996e
/opt/homebrew/Cellar/cmake/3.25.1/bin/cmake -E cmake_link_script CMakeFiles/cmTC_7996e.dir/link.txt --verbose=1
/Library/Developer/CommandLineTools/usr/bin/cc  -arch arm64 -isysroot /Library/Developer/CommandLineTools/SDKs/MacOSX13.0.sdk -Wl,-search_paths_first -Wl,-headerpad_max_install_names CMakeFiles/cmTC_7996e.dir/HDFTests.c.o -o cmTC_7996e  -lm -ldl 
Undefined symbols for architecture arm64:
  "_main", referenced from:
     implicit entry/start for main executable
ld: symbol(s) not found for architecture arm64
clang: error: linker command failed with exit code 1 (use -v to see invocation)
make[1]: *** [cmTC_7996e] Error 1
make: *** [cmTC_7996e/fast] Error 2


Performing Other Test HAVE_STRUCT_TM_TM_ZONE failed with the following output:
Change Dir: /Users/vinay/Desktop/test2/build/CMakeFiles/CMakeTmp

Run Build Command(s):/usr/bin/make -f Makefile cmTC_3406b/fast && /Library/Developer/CommandLineTools/usr/bin/make  -f CMakeFiles/cmTC_3406b.dir/build.make CMakeFiles/cmTC_3406b.dir/build
Building C object CMakeFiles/cmTC_3406b.dir/HDFTests.c.o
/Library/Developer/CommandLineTools/usr/bin/cc   -arch arm64 -isysroot /Library/Developer/CommandLineTools/SDKs/MacOSX13.0.sdk   -DHAVE_STRUCT_TM_TM_ZONE  -DHAVE_SYS_TIME_H -DHAVE_UNISTD_H -DHAVE_SYS_TYPES_H -DHAVE_SYS_SOCKET_H -MD -MT CMakeFiles/cmTC_3406b.dir/HDFTests.c.o -MF CMakeFiles/cmTC_3406b.dir/HDFTests.c.o.d -o CMakeFiles/cmTC_3406b.dir/HDFTests.c.o -c /Users/vinay/Desktop/test2/libs/hdf5/config/cmake_ext_mod/HDFTests.c
Linking C executable cmTC_3406b
/opt/homebrew/Cellar/cmake/3.25.1/bin/cmake -E cmake_link_script CMakeFiles/cmTC_3406b.dir/link.txt --verbose=1
/Library/Developer/CommandLineTools/usr/bin/cc  -arch arm64 -isysroot /Library/Developer/CommandLineTools/SDKs/MacOSX13.0.sdk -Wl,-search_paths_first -Wl,-headerpad_max_install_names CMakeFiles/cmTC_3406b.dir/HDFTests.c.o -o cmTC_3406b  -lm -ldl 
Undefined symbols for architecture arm64:
  "_main", referenced from:
     implicit entry/start for main executable
ld: symbol(s) not found for architecture arm64
clang: error: linker command failed with exit code 1 (use -v to see invocation)
make[1]: *** [cmTC_3406b] Error 1
make: *** [cmTC_3406b/fast] Error 2


Performing C SOURCE FILE Test H5_HAVE_STRUCT_VIDEOCONFIG failed with the following output:
Change Dir: /Users/vinay/Desktop/test2/build/CMakeFiles/CMakeScratch/TryCompile-ePSgcD

Run Build Command(s):/usr/bin/make -f Makefile cmTC_9b9a7/fast && /Library/Developer/CommandLineTools/usr/bin/make  -f CMakeFiles/cmTC_9b9a7.dir/build.make CMakeFiles/cmTC_9b9a7.dir/build
Building C object CMakeFiles/cmTC_9b9a7.dir/src.c.o
/Library/Developer/CommandLineTools/usr/bin/cc -DH5_HAVE_STRUCT_VIDEOCONFIG  -arch arm64 -isysroot /Library/Developer/CommandLineTools/SDKs/MacOSX13.0.sdk -MD -MT CMakeFiles/cmTC_9b9a7.dir/src.c.o -MF CMakeFiles/cmTC_9b9a7.dir/src.c.o.d -o CMakeFiles/cmTC_9b9a7.dir/src.c.o -c /Users/vinay/Desktop/test2/build/CMakeFiles/CMakeScratch/TryCompile-ePSgcD/src.c
/Users/vinay/Desktop/test2/build/CMakeFiles/CMakeScratch/TryCompile-ePSgcD/src.c:5:41: error: incomplete definition of type 'struct videoconfig'
  (void)sizeof(((struct videoconfig *)0)->numtextcols);
               ~~~~~~~~~~~~~~~~~~~~~~~~~^
/Users/vinay/Desktop/test2/build/CMakeFiles/CMakeScratch/TryCompile-ePSgcD/src.c:5:25: note: forward declaration of 'struct videoconfig'
  (void)sizeof(((struct videoconfig *)0)->numtextcols);
                        ^
1 error generated.
make[1]: *** [CMakeFiles/cmTC_9b9a7.dir/src.c.o] Error 1
make: *** [cmTC_9b9a7/fast] Error 2


Source file was:


int main()
{
  (void)sizeof(((struct videoconfig *)0)->numtextcols);
  return 0;
}


Performing C SOURCE FILE Test H5_HAVE_STRUCT_TEXT_INFO failed with the following output:
Change Dir: /Users/vinay/Desktop/test2/build/CMakeFiles/CMakeScratch/TryCompile-chPrwb

Run Build Command(s):/usr/bin/make -f Makefile cmTC_00fc1/fast && /Library/Developer/CommandLineTools/usr/bin/make  -f CMakeFiles/cmTC_00fc1.dir/build.make CMakeFiles/cmTC_00fc1.dir/build
Building C object CMakeFiles/cmTC_00fc1.dir/src.c.o
/Library/Developer/CommandLineTools/usr/bin/cc -DH5_HAVE_STRUCT_TEXT_INFO  -arch arm64 -isysroot /Library/Developer/CommandLineTools/SDKs/MacOSX13.0.sdk -MD -MT CMakeFiles/cmTC_00fc1.dir/src.c.o -MF CMakeFiles/cmTC_00fc1.dir/src.c.o.d -o CMakeFiles/cmTC_00fc1.dir/src.c.o -c /Users/vinay/Desktop/test2/build/CMakeFiles/CMakeScratch/TryCompile-chPrwb/src.c
/Users/vinay/Desktop/test2/build/CMakeFiles/CMakeScratch/TryCompile-chPrwb/src.c:5:39: error: incomplete definition of type 'struct text_info'
  (void)sizeof(((struct text_info *)0)->screenwidth);
               ~~~~~~~~~~~~~~~~~~~~~~~^
/Users/vinay/Desktop/test2/build/CMakeFiles/CMakeScratch/TryCompile-chPrwb/src.c:5:25: note: forward declaration of 'struct text_info'
  (void)sizeof(((struct text_info *)0)->screenwidth);
                        ^
1 error generated.
make[1]: *** [CMakeFiles/cmTC_00fc1.dir/src.c.o] Error 1
make: *** [cmTC_00fc1/fast] Error 2


Source file was:


int main()
{
  (void)sizeof(((struct text_info *)0)->screenwidth);
  return 0;
}


Determining if the function _getvideoconfig exists failed with the following output:
Change Dir: /Users/vinay/Desktop/test2/build/CMakeFiles/CMakeScratch/TryCompile-kHGw15

Run Build Command(s):/usr/bin/make -f Makefile cmTC_79519/fast && /Library/Developer/CommandLineTools/usr/bin/make  -f CMakeFiles/cmTC_79519.dir/build.make CMakeFiles/cmTC_79519.dir/build
Building C object CMakeFiles/cmTC_79519.dir/CheckFunctionExists.c.o
/Library/Developer/CommandLineTools/usr/bin/cc   -DCHECK_FUNCTION_EXISTS=_getvideoconfig -arch arm64 -isysroot /Library/Developer/CommandLineTools/SDKs/MacOSX13.0.sdk -MD -MT CMakeFiles/cmTC_79519.dir/CheckFunctionExists.c.o -MF CMakeFiles/cmTC_79519.dir/CheckFunctionExists.c.o.d -o CMakeFiles/cmTC_79519.dir/CheckFunctionExists.c.o -c /Users/vinay/Desktop/test2/build/CMakeFiles/CMakeScratch/TryCompile-kHGw15/CheckFunctionExists.c
Linking C executable cmTC_79519
/opt/homebrew/Cellar/cmake/3.25.1/bin/cmake -E cmake_link_script CMakeFiles/cmTC_79519.dir/link.txt --verbose=1
/Library/Developer/CommandLineTools/usr/bin/cc  -DCHECK_FUNCTION_EXISTS=_getvideoconfig -arch arm64 -isysroot /Library/Developer/CommandLineTools/SDKs/MacOSX13.0.sdk -Wl,-search_paths_first -Wl,-headerpad_max_install_names CMakeFiles/cmTC_79519.dir/CheckFunctionExists.c.o -o cmTC_79519 
Undefined symbols for architecture arm64:
  "__getvideoconfig", referenced from:
      _main in CheckFunctionExists.c.o
ld: symbol(s) not found for architecture arm64
clang: error: linker command failed with exit code 1 (use -v to see invocation)
make[1]: *** [cmTC_79519] Error 1
make: *** [cmTC_79519/fast] Error 2



Determining if the function gettextinfo exists failed with the following output:
Change Dir: /Users/vinay/Desktop/test2/build/CMakeFiles/CMakeScratch/TryCompile-fsJmdZ

Run Build Command(s):/usr/bin/make -f Makefile cmTC_d7720/fast && /Library/Developer/CommandLineTools/usr/bin/make  -f CMakeFiles/cmTC_d7720.dir/build.make CMakeFiles/cmTC_d7720.dir/build
Building C object CMakeFiles/cmTC_d7720.dir/CheckFunctionExists.c.o
/Library/Developer/CommandLineTools/usr/bin/cc   -DCHECK_FUNCTION_EXISTS=gettextinfo -arch arm64 -isysroot /Library/Developer/CommandLineTools/SDKs/MacOSX13.0.sdk -MD -MT CMakeFiles/cmTC_d7720.dir/CheckFunctionExists.c.o -MF CMakeFiles/cmTC_d7720.dir/CheckFunctionExists.c.o.d -o CMakeFiles/cmTC_d7720.dir/CheckFunctionExists.c.o -c /Users/vinay/Desktop/test2/build/CMakeFiles/CMakeScratch/TryCompile-fsJmdZ/CheckFunctionExists.c
Linking C executable cmTC_d7720
/opt/homebrew/Cellar/cmake/3.25.1/bin/cmake -E cmake_link_script CMakeFiles/cmTC_d7720.dir/link.txt --verbose=1
/Library/Developer/CommandLineTools/usr/bin/cc  -DCHECK_FUNCTION_EXISTS=gettextinfo -arch arm64 -isysroot /Library/Developer/CommandLineTools/SDKs/MacOSX13.0.sdk -Wl,-search_paths_first -Wl,-headerpad_max_install_names CMakeFiles/cmTC_d7720.dir/CheckFunctionExists.c.o -o cmTC_d7720 
Undefined symbols for architecture arm64:
  "_gettextinfo", referenced from:
      _main in CheckFunctionExists.c.o
ld: symbol(s) not found for architecture arm64
clang: error: linker command failed with exit code 1 (use -v to see invocation)
make[1]: *** [cmTC_d7720] Error 1
make: *** [cmTC_d7720/fast] Error 2



Determining if the function _scrsize exists failed with the following output:
Change Dir: /Users/vinay/Desktop/test2/build/CMakeFiles/CMakeScratch/TryCompile-7L13YO

Run Build Command(s):/usr/bin/make -f Makefile cmTC_83e77/fast && /Library/Developer/CommandLineTools/usr/bin/make  -f CMakeFiles/cmTC_83e77.dir/build.make CMakeFiles/cmTC_83e77.dir/build
Building C object CMakeFiles/cmTC_83e77.dir/CheckFunctionExists.c.o
/Library/Developer/CommandLineTools/usr/bin/cc   -DCHECK_FUNCTION_EXISTS=_scrsize -arch arm64 -isysroot /Library/Developer/CommandLineTools/SDKs/MacOSX13.0.sdk -MD -MT CMakeFiles/cmTC_83e77.dir/CheckFunctionExists.c.o -MF CMakeFiles/cmTC_83e77.dir/CheckFunctionExists.c.o.d -o CMakeFiles/cmTC_83e77.dir/CheckFunctionExists.c.o -c /Users/vinay/Desktop/test2/build/CMakeFiles/CMakeScratch/TryCompile-7L13YO/CheckFunctionExists.c
Linking C executable cmTC_83e77
/opt/homebrew/Cellar/cmake/3.25.1/bin/cmake -E cmake_link_script CMakeFiles/cmTC_83e77.dir/link.txt --verbose=1
/Library/Developer/CommandLineTools/usr/bin/cc  -DCHECK_FUNCTION_EXISTS=_scrsize -arch arm64 -isysroot /Library/Developer/CommandLineTools/SDKs/MacOSX13.0.sdk -Wl,-search_paths_first -Wl,-headerpad_max_install_names CMakeFiles/cmTC_83e77.dir/CheckFunctionExists.c.o -o cmTC_83e77 
Undefined symbols for architecture arm64:
  "__scrsize", referenced from:
      _main in CheckFunctionExists.c.o
ld: symbol(s) not found for architecture arm64
clang: error: linker command failed with exit code 1 (use -v to see invocation)
make[1]: *** [cmTC_83e77] Error 1
make: *** [cmTC_83e77/fast] Error 2



Determining if the function GetConsoleScreenBufferInfo exists failed with the following output:
Change Dir: /Users/vinay/Desktop/test2/build/CMakeFiles/CMakeScratch/TryCompile-6o9H5k

Run Build Command(s):/usr/bin/make -f Makefile cmTC_7a570/fast && /Library/Developer/CommandLineTools/usr/bin/make  -f CMakeFiles/cmTC_7a570.dir/build.make CMakeFiles/cmTC_7a570.dir/build
Building C object CMakeFiles/cmTC_7a570.dir/CheckFunctionExists.c.o
/Library/Developer/CommandLineTools/usr/bin/cc   -DCHECK_FUNCTION_EXISTS=GetConsoleScreenBufferInfo -arch arm64 -isysroot /Library/Developer/CommandLineTools/SDKs/MacOSX13.0.sdk -MD -MT CMakeFiles/cmTC_7a570.dir/CheckFunctionExists.c.o -MF CMakeFiles/cmTC_7a570.dir/CheckFunctionExists.c.o.d -o CMakeFiles/cmTC_7a570.dir/CheckFunctionExists.c.o -c /Users/vinay/Desktop/test2/build/CMakeFiles/CMakeScratch/TryCompile-6o9H5k/CheckFunctionExists.c
Linking C executable cmTC_7a570
/opt/homebrew/Cellar/cmake/3.25.1/bin/cmake -E cmake_link_script CMakeFiles/cmTC_7a570.dir/link.txt --verbose=1
/Library/Developer/CommandLineTools/usr/bin/cc  -DCHECK_FUNCTION_EXISTS=GetConsoleScreenBufferInfo -arch arm64 -isysroot /Library/Developer/CommandLineTools/SDKs/MacOSX13.0.sdk -Wl,-search_paths_first -Wl,-headerpad_max_install_names CMakeFiles/cmTC_7a570.dir/CheckFunctionExists.c.o -o cmTC_7a570 
Undefined symbols for architecture arm64:
  "_GetConsoleScreenBufferInfo", referenced from:
      _main in CheckFunctionExists.c.o
ld: symbol(s) not found for architecture arm64
clang: error: linker command failed with exit code 1 (use -v to see invocation)
make[1]: *** [cmTC_7a570] Error 1
make: *** [cmTC_7a570/fast] Error 2



Determining if the function setsysinfo exists failed with the following output:
Change Dir: /Users/vinay/Desktop/test2/build/CMakeFiles/CMakeScratch/TryCompile-bQ7uNv

Run Build Command(s):/usr/bin/make -f Makefile cmTC_51bb7/fast && /Library/Developer/CommandLineTools/usr/bin/make  -f CMakeFiles/cmTC_51bb7.dir/build.make CMakeFiles/cmTC_51bb7.dir/build
Building C object CMakeFiles/cmTC_51bb7.dir/CheckFunctionExists.c.o
/Library/Developer/CommandLineTools/usr/bin/cc   -DCHECK_FUNCTION_EXISTS=setsysinfo -arch arm64 -isysroot /Library/Developer/CommandLineTools/SDKs/MacOSX13.0.sdk -MD -MT CMakeFiles/cmTC_51bb7.dir/CheckFunctionExists.c.o -MF CMakeFiles/cmTC_51bb7.dir/CheckFunctionExists.c.o.d -o CMakeFiles/cmTC_51bb7.dir/CheckFunctionExists.c.o -c /Users/vinay/Desktop/test2/build/CMakeFiles/CMakeScratch/TryCompile-bQ7uNv/CheckFunctionExists.c
Linking C executable cmTC_51bb7
/opt/homebrew/Cellar/cmake/3.25.1/bin/cmake -E cmake_link_script CMakeFiles/cmTC_51bb7.dir/link.txt --verbose=1
/Library/Developer/CommandLineTools/usr/bin/cc  -DCHECK_FUNCTION_EXISTS=setsysinfo -arch arm64 -isysroot /Library/Developer/CommandLineTools/SDKs/MacOSX13.0.sdk -Wl,-search_paths_first -Wl,-headerpad_max_install_names CMakeFiles/cmTC_51bb7.dir/CheckFunctionExists.c.o -o cmTC_51bb7 
Undefined symbols for architecture arm64:
  "_setsysinfo", referenced from:
      _main in CheckFunctionExists.c.o
ld: symbol(s) not found for architecture arm64
clang: error: linker command failed with exit code 1 (use -v to see invocation)
make[1]: *** [cmTC_51bb7] Error 1
make: *** [cmTC_51bb7/fast] Error 2



Determining if the function clock_gettime exists in the rt failed with the following output:
Change Dir: /Users/vinay/Desktop/test2/build/CMakeFiles/CMakeScratch/TryCompile-8QM9LL

Run Build Command(s):/usr/bin/make -f Makefile cmTC_ef382/fast && /Library/Developer/CommandLineTools/usr/bin/make  -f CMakeFiles/cmTC_ef382.dir/build.make CMakeFiles/cmTC_ef382.dir/build
Building C object CMakeFiles/cmTC_ef382.dir/CheckFunctionExists.c.o
/Library/Developer/CommandLineTools/usr/bin/cc   -DCHECK_FUNCTION_EXISTS=clock_gettime -arch arm64 -isysroot /Library/Developer/CommandLineTools/SDKs/MacOSX13.0.sdk -MD -MT CMakeFiles/cmTC_ef382.dir/CheckFunctionExists.c.o -MF CMakeFiles/cmTC_ef382.dir/CheckFunctionExists.c.o.d -o CMakeFiles/cmTC_ef382.dir/CheckFunctionExists.c.o -c /Users/vinay/Desktop/test2/build/CMakeFiles/CMakeScratch/TryCompile-8QM9LL/CheckFunctionExists.c
Linking C executable cmTC_ef382
/opt/homebrew/Cellar/cmake/3.25.1/bin/cmake -E cmake_link_script CMakeFiles/cmTC_ef382.dir/link.txt --verbose=1
/Library/Developer/CommandLineTools/usr/bin/cc  -DCHECK_FUNCTION_EXISTS=clock_gettime -arch arm64 -isysroot /Library/Developer/CommandLineTools/SDKs/MacOSX13.0.sdk -Wl,-search_paths_first -Wl,-headerpad_max_install_names CMakeFiles/cmTC_ef382.dir/CheckFunctionExists.c.o -o cmTC_ef382  -lrt 
ld: library not found for -lrt
clang: error: linker command failed with exit code 1 (use -v to see invocation)
make[1]: *** [cmTC_ef382] Error 1
make: *** [cmTC_ef382/fast] Error 2



Determining if the function clock_gettime exists in the posix4 failed with the following output:
Change Dir: /Users/vinay/Desktop/test2/build/CMakeFiles/CMakeScratch/TryCompile-YiBeN5

Run Build Command(s):/usr/bin/make -f Makefile cmTC_e3396/fast && /Library/Developer/CommandLineTools/usr/bin/make  -f CMakeFiles/cmTC_e3396.dir/build.make CMakeFiles/cmTC_e3396.dir/build
Building C object CMakeFiles/cmTC_e3396.dir/CheckFunctionExists.c.o
/Library/Developer/CommandLineTools/usr/bin/cc   -DCHECK_FUNCTION_EXISTS=clock_gettime -arch arm64 -isysroot /Library/Developer/CommandLineTools/SDKs/MacOSX13.0.sdk -MD -MT CMakeFiles/cmTC_e3396.dir/CheckFunctionExists.c.o -MF CMakeFiles/cmTC_e3396.dir/CheckFunctionExists.c.o.d -o CMakeFiles/cmTC_e3396.dir/CheckFunctionExists.c.o -c /Users/vinay/Desktop/test2/build/CMakeFiles/CMakeScratch/TryCompile-YiBeN5/CheckFunctionExists.c
Linking C executable cmTC_e3396
/opt/homebrew/Cellar/cmake/3.25.1/bin/cmake -E cmake_link_script CMakeFiles/cmTC_e3396.dir/link.txt --verbose=1
/Library/Developer/CommandLineTools/usr/bin/cc  -DCHECK_FUNCTION_EXISTS=clock_gettime -arch arm64 -isysroot /Library/Developer/CommandLineTools/SDKs/MacOSX13.0.sdk -Wl,-search_paths_first -Wl,-headerpad_max_install_names CMakeFiles/cmTC_e3396.dir/CheckFunctionExists.c.o -o cmTC_e3396  -lposix4 
ld: library not found for -lposix4
clang: error: linker command failed with exit code 1 (use -v to see invocation)
make[1]: *** [cmTC_e3396] Error 1
make: *** [cmTC_e3396/fast] Error 2



Determining size of __float128 failed with the following output:
Change Dir: /Users/vinay/Desktop/test2/build/CMakeFiles/CMakeScratch/TryCompile-EBTvWM

Run Build Command(s):/usr/bin/make -f Makefile cmTC_d6ea5/fast && /Library/Developer/CommandLineTools/usr/bin/make  -f CMakeFiles/cmTC_d6ea5.dir/build.make CMakeFiles/cmTC_d6ea5.dir/build
Building C object CMakeFiles/cmTC_d6ea5.dir/_SIZEOF___FLOAT128.c.o
/Library/Developer/CommandLineTools/usr/bin/cc   -arch arm64 -isysroot /Library/Developer/CommandLineTools/SDKs/MacOSX13.0.sdk -MD -MT CMakeFiles/cmTC_d6ea5.dir/_SIZEOF___FLOAT128.c.o -MF CMakeFiles/cmTC_d6ea5.dir/_SIZEOF___FLOAT128.c.o.d -o CMakeFiles/cmTC_d6ea5.dir/_SIZEOF___FLOAT128.c.o -c /Users/vinay/Desktop/test2/build/CMakeFiles/CMakeScratch/TryCompile-EBTvWM/_SIZEOF___FLOAT128.c
/Users/vinay/Desktop/test2/build/CMakeFiles/CMakeScratch/TryCompile-EBTvWM/_SIZEOF___FLOAT128.c:29:12: error: __float128 is not supported on this target
  ('0' + ((SIZE / 10000)%10)),
           ^
/Users/vinay/Desktop/test2/build/CMakeFiles/CMakeScratch/TryCompile-EBTvWM/_SIZEOF___FLOAT128.c:27:22: note: expanded from macro 'SIZE'
#define SIZE (sizeof(__float128))
                     ^
/Users/vinay/Desktop/test2/build/CMakeFiles/CMakeScratch/TryCompile-EBTvWM/_SIZEOF___FLOAT128.c:30:12: error: __float128 is not supported on this target
  ('0' + ((SIZE / 1000)%10)),
           ^
/Users/vinay/Desktop/test2/build/CMakeFiles/CMakeScratch/TryCompile-EBTvWM/_SIZEOF___FLOAT128.c:27:22: note: expanded from macro 'SIZE'
#define SIZE (sizeof(__float128))
                     ^
/Users/vinay/Desktop/test2/build/CMakeFiles/CMakeScratch/TryCompile-EBTvWM/_SIZEOF___FLOAT128.c:31:12: error: __float128 is not supported on this target
  ('0' + ((SIZE / 100)%10)),
           ^
/Users/vinay/Desktop/test2/build/CMakeFiles/CMakeScratch/TryCompile-EBTvWM/_SIZEOF___FLOAT128.c:27:22: note: expanded from macro 'SIZE'
#define SIZE (sizeof(__float128))
                     ^
/Users/vinay/Desktop/test2/build/CMakeFiles/CMakeScratch/TryCompile-EBTvWM/_SIZEOF___FLOAT128.c:32:12: error: __float128 is not supported on this target
  ('0' + ((SIZE / 10)%10)),
           ^
/Users/vinay/Desktop/test2/build/CMakeFiles/CMakeScratch/TryCompile-EBTvWM/_SIZEOF___FLOAT128.c:27:22: note: expanded from macro 'SIZE'
#define SIZE (sizeof(__float128))
                     ^
/Users/vinay/Desktop/test2/build/CMakeFiles/CMakeScratch/TryCompile-EBTvWM/_SIZEOF___FLOAT128.c:33:12: error: __float128 is not supported on this target
  ('0' +  (SIZE    % 10)),
           ^
/Users/vinay/Desktop/test2/build/CMakeFiles/CMakeScratch/TryCompile-EBTvWM/_SIZEOF___FLOAT128.c:27:22: note: expanded from macro 'SIZE'
#define SIZE (sizeof(__float128))
                     ^
5 errors generated.
make[1]: *** [CMakeFiles/cmTC_d6ea5.dir/_SIZEOF___FLOAT128.c.o] Error 1
make: *** [cmTC_d6ea5/fast] Error 2


_SIZEOF___FLOAT128.c:
#include <sys/types.h>
#include <stdint.h>
#include <stddef.h>


#undef KEY
#if defined(__i386)
# define KEY '_','_','i','3','8','6'
#elif defined(__x86_64)
# define KEY '_','_','x','8','6','_','6','4'
#elif defined(__PPC64__)
# define KEY '_','_','P','P','C','6','4','_','_'
#elif defined(__ppc64__)
# define KEY '_','_','p','p','c','6','4','_','_'
#elif defined(__PPC__)
# define KEY '_','_','P','P','C','_','_'
#elif defined(__ppc__)
# define KEY '_','_','p','p','c','_','_'
#elif defined(__aarch64__)
# define KEY '_','_','a','a','r','c','h','6','4','_','_'
#elif defined(__ARM_ARCH_7A__)
# define KEY '_','_','A','R','M','_','A','R','C','H','_','7','A','_','_'
#elif defined(__ARM_ARCH_7S__)
# define KEY '_','_','A','R','M','_','A','R','C','H','_','7','S','_','_'
#endif

#define SIZE (sizeof(__float128))
static char info_size[] =  {'I', 'N', 'F', 'O', ':', 's','i','z','e','[',
  ('0' + ((SIZE / 10000)%10)),
  ('0' + ((SIZE / 1000)%10)),
  ('0' + ((SIZE / 100)%10)),
  ('0' + ((SIZE / 10)%10)),
  ('0' +  (SIZE    % 10)),
  ']',
#ifdef KEY
  ' ','k','e','y','[', KEY, ']',
#endif
  '\0'};

#ifdef __CLASSIC_C__
int main(argc, argv) int argc; char *argv[];
#else
int main(int argc, char *argv[])
#endif
{
  int require = 0;
  require += info_size[argc];
  (void)argv;
  return require;
}


Determining size of _Quad failed with the following output:
Change Dir: /Users/vinay/Desktop/test2/build/CMakeFiles/CMakeScratch/TryCompile-u5g1fR

Run Build Command(s):/usr/bin/make -f Makefile cmTC_89333/fast && /Library/Developer/CommandLineTools/usr/bin/make  -f CMakeFiles/cmTC_89333.dir/build.make CMakeFiles/cmTC_89333.dir/build
Building C object CMakeFiles/cmTC_89333.dir/_SIZEOF__QUAD.c.o
/Library/Developer/CommandLineTools/usr/bin/cc   -arch arm64 -isysroot /Library/Developer/CommandLineTools/SDKs/MacOSX13.0.sdk -MD -MT CMakeFiles/cmTC_89333.dir/_SIZEOF__QUAD.c.o -MF CMakeFiles/cmTC_89333.dir/_SIZEOF__QUAD.c.o.d -o CMakeFiles/cmTC_89333.dir/_SIZEOF__QUAD.c.o -c /Users/vinay/Desktop/test2/build/CMakeFiles/CMakeScratch/TryCompile-u5g1fR/_SIZEOF__QUAD.c
/Users/vinay/Desktop/test2/build/CMakeFiles/CMakeScratch/TryCompile-u5g1fR/_SIZEOF__QUAD.c:29:12: error: use of undeclared identifier '_Quad'
  ('0' + ((SIZE / 10000)%10)),
           ^
/Users/vinay/Desktop/test2/build/CMakeFiles/CMakeScratch/TryCompile-u5g1fR/_SIZEOF__QUAD.c:27:22: note: expanded from macro 'SIZE'
#define SIZE (sizeof(_Quad))
                     ^
/Users/vinay/Desktop/test2/build/CMakeFiles/CMakeScratch/TryCompile-u5g1fR/_SIZEOF__QUAD.c:30:12: error: use of undeclared identifier '_Quad'
  ('0' + ((SIZE / 1000)%10)),
           ^
/Users/vinay/Desktop/test2/build/CMakeFiles/CMakeScratch/TryCompile-u5g1fR/_SIZEOF__QUAD.c:27:22: note: expanded from macro 'SIZE'
#define SIZE (sizeof(_Quad))
                     ^
/Users/vinay/Desktop/test2/build/CMakeFiles/CMakeScratch/TryCompile-u5g1fR/_SIZEOF__QUAD.c:31:12: error: use of undeclared identifier '_Quad'
  ('0' + ((SIZE / 100)%10)),
           ^
/Users/vinay/Desktop/test2/build/CMakeFiles/CMakeScratch/TryCompile-u5g1fR/_SIZEOF__QUAD.c:27:22: note: expanded from macro 'SIZE'
#define SIZE (sizeof(_Quad))
                     ^
/Users/vinay/Desktop/test2/build/CMakeFiles/CMakeScratch/TryCompile-u5g1fR/_SIZEOF__QUAD.c:32:12: error: use of undeclared identifier '_Quad'
  ('0' + ((SIZE / 10)%10)),
           ^
/Users/vinay/Desktop/test2/build/CMakeFiles/CMakeScratch/TryCompile-u5g1fR/_SIZEOF__QUAD.c:27:22: note: expanded from macro 'SIZE'
#define SIZE (sizeof(_Quad))
                     ^
/Users/vinay/Desktop/test2/build/CMakeFiles/CMakeScratch/TryCompile-u5g1fR/_SIZEOF__QUAD.c:33:12: error: use of undeclared identifier '_Quad'
  ('0' +  (SIZE    % 10)),
           ^
/Users/vinay/Desktop/test2/build/CMakeFiles/CMakeScratch/TryCompile-u5g1fR/_SIZEOF__QUAD.c:27:22: note: expanded from macro 'SIZE'
#define SIZE (sizeof(_Quad))
                     ^
5 errors generated.
make[1]: *** [CMakeFiles/cmTC_89333.dir/_SIZEOF__QUAD.c.o] Error 1
make: *** [cmTC_89333/fast] Error 2


_SIZEOF__QUAD.c:
#include <sys/types.h>
#include <stdint.h>
#include <stddef.h>


#undef KEY
#if defined(__i386)
# define KEY '_','_','i','3','8','6'
#elif defined(__x86_64)
# define KEY '_','_','x','8','6','_','6','4'
#elif defined(__PPC64__)
# define KEY '_','_','P','P','C','6','4','_','_'
#elif defined(__ppc64__)
# define KEY '_','_','p','p','c','6','4','_','_'
#elif defined(__PPC__)
# define KEY '_','_','P','P','C','_','_'
#elif defined(__ppc__)
# define KEY '_','_','p','p','c','_','_'
#elif defined(__aarch64__)
# define KEY '_','_','a','a','r','c','h','6','4','_','_'
#elif defined(__ARM_ARCH_7A__)
# define KEY '_','_','A','R','M','_','A','R','C','H','_','7','A','_','_'
#elif defined(__ARM_ARCH_7S__)
# define KEY '_','_','A','R','M','_','A','R','C','H','_','7','S','_','_'
#endif

#define SIZE (sizeof(_Quad))
static char info_size[] =  {'I', 'N', 'F', 'O', ':', 's','i','z','e','[',
  ('0' + ((SIZE / 10000)%10)),
  ('0' + ((SIZE / 1000)%10)),
  ('0' + ((SIZE / 100)%10)),
  ('0' + ((SIZE / 10)%10)),
  ('0' +  (SIZE    % 10)),
  ']',
#ifdef KEY
  ' ','k','e','y','[', KEY, ']',
#endif
  '\0'};

#ifdef __CLASSIC_C__
int main(argc, argv) int argc; char *argv[];
#else
int main(int argc, char *argv[])
#endif
{
  int require = 0;
  require += info_size[argc];
  (void)argv;
  return require;
}


Test H5_LDOUBLE_TO_LONG_SPECIAL Run failed with the following output and exit code:
 Change Dir: /Users/vinay/Desktop/test2/build/CMakeFiles/CMakeTmp

Run Build Command(s):/usr/bin/make -f Makefile cmTC_83a67/fast && /Library/Developer/CommandLineTools/usr/bin/make  -f CMakeFiles/cmTC_83a67.dir/build.make CMakeFiles/cmTC_83a67.dir/build
Building C object CMakeFiles/cmTC_83a67.dir/ConversionTests.c.o
/Library/Developer/CommandLineTools/usr/bin/cc   -DH5_LDOUBLE_TO_LONG_SPECIAL_TEST -arch arm64 -isysroot /Library/Developer/CommandLineTools/SDKs/MacOSX13.0.sdk -MD -MT CMakeFiles/cmTC_83a67.dir/ConversionTests.c.o -MF CMakeFiles/cmTC_83a67.dir/ConversionTests.c.o.d -o CMakeFiles/cmTC_83a67.dir/ConversionTests.c.o -c /Users/vinay/Desktop/test2/libs/hdf5/config/cmake/ConversionTests.c
Linking C executable cmTC_83a67
/opt/homebrew/Cellar/cmake/3.25.1/bin/cmake -E cmake_link_script CMakeFiles/cmTC_83a67.dir/link.txt --verbose=1
/Library/Developer/CommandLineTools/usr/bin/cc  -DH5_LDOUBLE_TO_LONG_SPECIAL_TEST -arch arm64 -isysroot /Library/Developer/CommandLineTools/SDKs/MacOSX13.0.sdk -Wl,-search_paths_first -Wl,-headerpad_max_install_names CMakeFiles/cmTC_83a67.dir/ConversionTests.c.o -o cmTC_83a67 


Test H5_LONG_TO_LDOUBLE_SPECIAL Run failed with the following output and exit code:
 Change Dir: /Users/vinay/Desktop/test2/build/CMakeFiles/CMakeTmp

Run Build Command(s):/usr/bin/make -f Makefile cmTC_22fc9/fast && /Library/Developer/CommandLineTools/usr/bin/make  -f CMakeFiles/cmTC_22fc9.dir/build.make CMakeFiles/cmTC_22fc9.dir/build
Building C object CMakeFiles/cmTC_22fc9.dir/ConversionTests.c.o
/Library/Developer/CommandLineTools/usr/bin/cc   -DH5_LONG_TO_LDOUBLE_SPECIAL_TEST -arch arm64 -isysroot /Library/Developer/CommandLineTools/SDKs/MacOSX13.0.sdk -MD -MT CMakeFiles/cmTC_22fc9.dir/ConversionTests.c.o -MF CMakeFiles/cmTC_22fc9.dir/ConversionTests.c.o.d -o CMakeFiles/cmTC_22fc9.dir/ConversionTests.c.o -c /Users/vinay/Desktop/test2/libs/hdf5/config/cmake/ConversionTests.c
Linking C executable cmTC_22fc9
/opt/homebrew/Cellar/cmake/3.25.1/bin/cmake -E cmake_link_script CMakeFiles/cmTC_22fc9.dir/link.txt --verbose=1
/Library/Developer/CommandLineTools/usr/bin/cc  -DH5_LONG_TO_LDOUBLE_SPECIAL_TEST -arch arm64 -isysroot /Library/Developer/CommandLineTools/SDKs/MacOSX13.0.sdk -Wl,-search_paths_first -Wl,-headerpad_max_install_names CMakeFiles/cmTC_22fc9.dir/ConversionTests.c.o -o cmTC_22fc9 


Test H5_DISABLE_SOME_LDOUBLE_CONV Run failed with the following output and exit code:
 Change Dir: /Users/vinay/Desktop/test2/build/CMakeFiles/CMakeTmp

Run Build Command(s):/usr/bin/make -f Makefile cmTC_4b92e/fast && /Library/Developer/CommandLineTools/usr/bin/make  -f CMakeFiles/cmTC_4b92e.dir/build.make CMakeFiles/cmTC_4b92e.dir/build
Building C object CMakeFiles/cmTC_4b92e.dir/ConversionTests.c.o
/Library/Developer/CommandLineTools/usr/bin/cc   -DH5_DISABLE_SOME_LDOUBLE_CONV_TEST -arch arm64 -isysroot /Library/Developer/CommandLineTools/SDKs/MacOSX13.0.sdk -MD -MT CMakeFiles/cmTC_4b92e.dir/ConversionTests.c.o -MF CMakeFiles/cmTC_4b92e.dir/ConversionTests.c.o.d -o CMakeFiles/cmTC_4b92e.dir/ConversionTests.c.o -c /Users/vinay/Desktop/test2/libs/hdf5/config/cmake/ConversionTests.c
Linking C executable cmTC_4b92e
/opt/homebrew/Cellar/cmake/3.25.1/bin/cmake -E cmake_link_script CMakeFiles/cmTC_4b92e.dir/link.txt --verbose=1
/Library/Developer/CommandLineTools/usr/bin/cc  -DH5_DISABLE_SOME_LDOUBLE_CONV_TEST -arch arm64 -isysroot /Library/Developer/CommandLineTools/SDKs/MacOSX13.0.sdk -Wl,-search_paths_first -Wl,-headerpad_max_install_names CMakeFiles/cmTC_4b92e.dir/ConversionTests.c.o -o cmTC_4b92e 


